[I 2026-04-20 19:48:36,639] Trial 97 finished with value: 1.9114886674897797 and parameters: {'max_depth': 6, 'learning_rate': 0.026498015010045457, 'n_estimators': 4113, 'subsample': 0.7776628185471047, 'colsample_bytree': 0.536998532803823, 'min_child_weight': 5, 'reg_alpha': 0.03811954943246887, 'reg_lambda': 0.10309266863043443, 'gamma': 0.00011542481888684056}. Best is trial 77 with value: 1.6811885970965335.
[I 2026-04-20 19:48:43,447] Trial 98 finished with value: 1.8496231703696135 and parameters: {'max_depth': 7, 'learning_rate': 0.02608312720815544, 'n_estimators': 3635, 'subsample': 0.6998414795863268, 'colsample_bytree': 0.493036315777494, 'min_child_weight': 5, 'reg_alpha': 0.0015212197332331375, 'reg_lambda': 0.33437870345205783, 'gamma': 0.0002829662229624961}. Best is trial 77 with value: 1.6811885970965335.
[I 2026-04-20 19:48:52,581] Trial 99 finished with value: 1.731374603364364 and parameters: {'max_depth': 7, 'learning_rate': 0.021072397278177717, 'n_estimators': 3544, 'subsample': 0.7448065739385822, 'colsample_bytree': 0.5206312549352845, 'min_child_weight': 4, 'reg_alpha': 0.01706780696776093, 'reg_lambda': 0.27123194028879277, 'gamma': 0.0001905110344966176}. Best is trial 77 with value: 1.6811885970965335.
2026-04-20 19:48:52,611 - __main__ - INFO - Optuna optimization completed: 0 -> 100 trials
2026-04-20 19:48:52,611 - __main__ - INFO - 
Step 4.5: Performing cross-validation on training data...
