[I 2026-04-20 19:48:48,714] Trial 97 finished with value: 1.703855629960533 and parameters: {'max_depth': 7, 'learning_rate': 0.02191388110781889, 'n_estimators': 3972, 'subsample': 0.7172140208441616, 'colsample_bytree': 0.5379080610550887, 'min_child_weight': 4, 'reg_alpha': 0.0051468247674023564, 'reg_lambda': 0.3870059730987157, 'gamma': 0.0001497209560581047}. Best is trial 59 with value: 1.6123895827206642.
[I 2026-04-20 19:49:05,928] Trial 98 finished with value: 1.689446465247991 and parameters: {'max_depth': 7, 'learning_rate': 0.021582856387455652, 'n_estimators': 2909, 'subsample': 0.7673811723235472, 'colsample_bytree': 0.5098738911364394, 'min_child_weight': 4, 'reg_alpha': 0.0017691892599755552, 'reg_lambda': 0.07065323150749309, 'gamma': 0.0002351951385629463}. Best is trial 59 with value: 1.6123895827206642.
[I 2026-04-20 19:49:28,302] Trial 99 finished with value: 1.7748077193385001 and parameters: {'max_depth': 6, 'learning_rate': 0.018688181459602972, 'n_estimators': 3877, 'subsample': 0.7871829006198838, 'colsample_bytree': 0.4880767153318947, 'min_child_weight': 4, 'reg_alpha': 0.0020574316166015283, 'reg_lambda': 0.1429266555824651, 'gamma': 0.00030477533241796785}. Best is trial 59 with value: 1.6123895827206642.
2026-04-20 19:49:28,359 - __main__ - INFO - Optuna optimization completed: 0 -> 100 trials
2026-04-20 19:49:28,359 - __main__ - INFO - 
Step 4.5: Performing cross-validation on training data...
