[I 2026-04-20 20:35:12,760] Trial 97 finished with value: 1.9114886674897797 and parameters: {'max_depth': 6, 'learning_rate': 0.026498015010045457, 'n_estimators': 4113, 'subsample': 0.7776628185471047, 'colsample_bytree': 0.536998532803823, 'min_child_weight': 5, 'reg_alpha': 0.03811954943246887, 'reg_lambda': 0.10309266863043443, 'gamma': 0.00011542481888684056}. Best is trial 77 with value: 1.6811885970965335.
[I 2026-04-20 20:35:19,292] Trial 98 finished with value: 1.8496231703696135 and parameters: {'max_depth': 7, 'learning_rate': 0.02608312720815544, 'n_estimators': 3635, 'subsample': 0.6998414795863268, 'colsample_bytree': 0.493036315777494, 'min_child_weight': 5, 'reg_alpha': 0.0015212197332331375, 'reg_lambda': 0.33437870345205783, 'gamma': 0.0002829662229624961}. Best is trial 77 with value: 1.6811885970965335.
[I 2026-04-20 20:35:27,479] Trial 99 finished with value: 1.731374603364364 and parameters: {'max_depth': 7, 'learning_rate': 0.021072397278177717, 'n_estimators': 3544, 'subsample': 0.7448065739385822, 'colsample_bytree': 0.5206312549352845, 'min_child_weight': 4, 'reg_alpha': 0.01706780696776093, 'reg_lambda': 0.27123194028879277, 'gamma': 0.0001905110344966176}. Best is trial 77 with value: 1.6811885970965335.
2026-04-20 20:35:27,510 - __main__ - INFO - Optuna optimization completed: 0 -> 100 trials
2026-04-20 20:35:27,510 - __main__ - INFO - 
Step 4.5: Performing cross-validation on training data...
2026-04-20 20:35:45,391 - __main__ - INFO - Cross-validation composite score (original space): 1.6812 (+/- 1.2577)
2026-04-20 20:35:45,392 - __main__ - INFO - Selected final n_estimators=1827 from CV fold best_iteration values=[2457, 1827, 1824, 1564, 3368]
2026-04-20 20:35:45,392 - __main__ - INFO - 
Step 5: Fitting final model on full training split...
2026-04-20 20:35:45,394 - __main__ - INFO - Preprocessing completed: 8 features remaining
2026-04-20 20:35:45,394 - __main__ - INFO - Remaining features: ['fy (MPa)', 'fc (MPa)', 'Re (mm)', 'te (mm)', 'ke', 'lambda_bar', 'e/h', 'e_bar']
2026-04-20 20:35:45,403 - __main__ - INFO - No missing values found in train or test sets
2026-04-20 20:35:47,684 - __main__ - INFO - Final model training completed on target space: ln(eta_u) -> inverse -> Nexp (kN)
2026-04-20 20:35:47,684 - __main__ - INFO - 
Step 6: Evaluating model...
Extra features will be ignored: {'e2 (mm)', 'e1 (mm)', 'axial_flag', 'sigma_re (MPa)', 'e1/e2', 'Npl (kN)', 'As (mm^2)', 'b/h', 'R (%)', 'xi', 'r0 (mm)', 't (mm)', 'h (mm)', 'r0/h', 'Ac (mm^2)', 'L/h', 'section_family', 'b (mm)', 'L (mm)', 'b/t', 'lambda'}
Extra features will be ignored: {'e2 (mm)', 'e1 (mm)', 'axial_flag', 'sigma_re (MPa)', 'e1/e2', 'Npl (kN)', 'As (mm^2)', 'b/h', 'R (%)', 'xi', 'r0 (mm)', 't (mm)', 'h (mm)', 'r0/h', 'Ac (mm^2)', 'L/h', 'section_family', 'b (mm)', 'L (mm)', 'b/t', 'lambda'}
2026-04-20 20:35:47,744 - __main__ - INFO - Mapped model outputs back to reported target space
2026-04-20 20:35:47,840 - __main__ - INFO - Training set evaluation (original space):
2026-04-20 20:35:47,840 - __main__ - INFO -   RMSE: 154.7639 kN
2026-04-20 20:35:47,840 - __main__ - INFO -   MAE: 65.5838 kN
2026-04-20 20:35:47,841 - __main__ - INFO -   R²: 0.9973
2026-04-20 20:35:47,841 - __main__ - INFO -   MAPE: 3.50%
2026-04-20 20:35:47,841 - __main__ - INFO -   μ: 1.0017
2026-04-20 20:35:47,841 - __main__ - INFO -   COV: 0.0610
2026-04-20 20:35:47,841 - __main__ - INFO -   a20-index: 0.9888
2026-04-20 20:35:47,841 - __main__ - INFO - Test set evaluation (original space - TRUE GENERALIZATION):
2026-04-20 20:35:47,841 - __main__ - INFO -   RMSE: 502.6683 kN
2026-04-20 20:35:47,841 - __main__ - INFO -   MAE: 134.4876 kN
2026-04-20 20:35:47,841 - __main__ - INFO -   R²: 0.9759
2026-04-20 20:35:47,841 - __main__ - INFO -   MAPE: 6.59%
2026-04-20 20:35:47,841 - __main__ - INFO -   μ: 1.0062
2026-04-20 20:35:47,841 - __main__ - INFO -   COV: 0.1131
2026-04-20 20:35:47,841 - __main__ - INFO -   a20-index: 0.9431
2026-04-20 20:35:47,841 - __main__ - INFO - Test regime summary:
2026-04-20 20:35:47,841 - __main__ - INFO -   axiality: worst=axial (RMSE=578.4881 kN, n=1176)
2026-04-20 20:35:47,841 - __main__ - INFO -   section_family: worst=circular (RMSE=639.7723 kN, n=872)
2026-04-20 20:35:47,841 - __main__ - INFO -   slenderness_state: worst=very_stocky (RMSE=598.5265 kN, n=1040)
2026-04-20 20:35:47,841 - __main__ - INFO -   scale_npl: worst=scale_npl_q5 (RMSE=1041.2230 kN, n=323)
2026-04-20 20:35:47,841 - __main__ - INFO -   eccentricity_severity: worst=axial (RMSE=578.4881 kN, n=1176)
2026-04-20 20:35:47,841 - __main__ - INFO -   confinement_level: worst=low_conf (RMSE=979.2824 kN, n=304)
2026-04-20 20:35:47,841 - __main__ - INFO - 
--- Training Space Metrics (Reference) ---
2026-04-20 20:35:47,841 - __main__ - INFO - Training RMSE (ln(eta_u) space): 0.0582
2026-04-20 20:35:47,841 - __main__ - INFO - Test RMSE (ln(eta_u) space): 0.1138
2026-04-20 20:35:47,841 - __main__ - INFO - Train/Test ratio (ln(eta_u) space): 1.95
2026-04-20 20:35:47,841 - __main__ - WARNING - Potential overfitting detected! Test RMSE is 3.25x training RMSE
2026-04-20 20:35:47,841 - __main__ - INFO - 
Step 7: Creating visualizations...

================================================================================
FEATURE IMPORTANCE RANKING
================================================================================
 rank    feature  importance
    1      e_bar    0.180515
    2        e/h    0.166268
    3    Re (mm)    0.128379
    4   fc (MPa)    0.112103
    5   fy (MPa)    0.105545
    6         ke    0.105233
    7    te (mm)    0.101328
    8 lambda_bar    0.100630
================================================================================


================================================================================
FEATURE IMPORTANCE RANKING
================================================================================
 rank    feature  importance
    1      e_bar    0.180515
    2        e/h    0.166268
    3    Re (mm)    0.128379
    4   fc (MPa)    0.112103
    5   fy (MPa)    0.105545
    6         ke    0.105233
    7    te (mm)    0.101328
    8 lambda_bar    0.100630
================================================================================

2026-04-20 20:35:52,528 - __main__ - INFO - Visualizations saved to output/compact_group_A_optuna100/plots/
2026-04-20 20:35:52,528 - __main__ - INFO -   Training: xgboost_model_train_*.png
2026-04-20 20:35:52,528 - __main__ - INFO -   Test:     xgboost_model_test_*.png
2026-04-20 20:35:52,528 - __main__ - INFO - 
Step 8: Saving model and artifacts...
2026-04-20 20:35:52,584 - __main__ - INFO - Model and artifacts saved to output/compact_group_A_optuna100
2026-04-20 20:35:52,584 - __main__ - INFO - 
================================================================================
2026-04-20 20:35:52,584 - __main__ - INFO - TRAINING COMPLETED SUCCESSFULLY
2026-04-20 20:35:52,584 - __main__ - INFO - ================================================================================
2026-04-20 20:35:52,584 - __main__ - INFO - Model saved to: output/compact_group_A_optuna100/xgboost_model.pkl
2026-04-20 20:35:52,584 - __main__ - INFO - Preprocessor saved to: output/compact_group_A_optuna100/preprocessor.pkl
2026-04-20 20:35:52,584 - __main__ - INFO - Evaluation report: output/compact_group_A_optuna100/evaluation_report.json
2026-04-20 20:35:52,584 - __main__ - INFO - Plots saved to: output/compact_group_A_optuna100/plots/
2026-04-20 20:35:52,584 - __main__ - INFO - 
================================================================================
2026-04-20 20:35:52,584 - __main__ - INFO - PERFORMANCE SUMMARY
2026-04-20 20:35:52,584 - __main__ - INFO - ================================================================================
2026-04-20 20:35:52,584 - __main__ - INFO - Target: ln(eta_u) -> inverse -> Nexp (kN)
2026-04-20 20:35:52,585 - __main__ - INFO - 
2026-04-20 20:35:52,585 - __main__ - INFO - Original Space (Primary):
2026-04-20 20:35:52,585 - __main__ - INFO -   Training: RMSE=154.7639 kN, MAE=65.5838 kN, R²=0.9973, MAPE=3.50%, μ=1.0017, COV=0.0610, a20-index=0.9888
2026-04-20 20:35:52,585 - __main__ - INFO -   Test:     RMSE=502.6683 kN, MAE=134.4876 kN, R²=0.9759, MAPE=6.59%, μ=1.0062, COV=0.1131, a20-index=0.9431
2026-04-20 20:35:52,585 - __main__ - INFO -   CV: J=1.6812, RMSE=349.2797, MAE=135.5506, R²=0.9849, MAPE=7.00%, μ=1.0056, COV=0.1158, a20-index=0.9402
2026-04-20 20:35:52,585 - __main__ - INFO - 
2026-04-20 20:35:52,585 - __main__ - INFO - Training Space (Reference):
2026-04-20 20:35:52,585 - __main__ - INFO -   Training RMSE (ln(eta_u) space): 0.0582
2026-04-20 20:35:52,585 - __main__ - INFO -   Test RMSE (ln(eta_u) space):     0.1138
2026-04-20 20:35:52,585 - __main__ - INFO - 
2026-04-20 20:35:52,585 - __main__ - INFO - Overfitting Analysis:
2026-04-20 20:35:52,585 - __main__ - INFO -   Ratio: 3.25 (OVERFIT)
2026-04-20 20:35:52,585 - __main__ - INFO - Regime Worst Cases:
2026-04-20 20:35:52,585 - __main__ - INFO -   axiality: axial (RMSE=578.4881 kN)
2026-04-20 20:35:52,585 - __main__ - INFO -   section_family: circular (RMSE=639.7723 kN)
2026-04-20 20:35:52,585 - __main__ - INFO -   slenderness_state: very_stocky (RMSE=598.5265 kN)
2026-04-20 20:35:52,585 - __main__ - INFO -   scale_npl: scale_npl_q5 (RMSE=1041.2230 kN)
2026-04-20 20:35:52,585 - __main__ - INFO -   eccentricity_severity: axial (RMSE=578.4881 kN)
2026-04-20 20:35:52,585 - __main__ - INFO -   confinement_level: low_conf (RMSE=979.2824 kN)
2026-04-20 20:35:52,585 - __main__ - INFO - ================================================================================
2026-04-20 20:35:52,589 - __main__ - INFO - Training completed successfully!
