[I 2026-04-20 21:01:44,436] Trial 97 finished with value: 1.8204090437815093 and parameters: {'max_depth': 7, 'learning_rate': 0.04194295379996991, 'n_estimators': 4335, 'subsample': 0.6769396999500988, 'colsample_bytree': 0.5057991546186976, 'min_child_weight': 4, 'reg_alpha': 0.004443359727391088, 'reg_lambda': 0.974829543601391, 'gamma': 0.00024945517295864295}. Best is trial 91 with value: 1.6998719007411154.
[I 2026-04-20 21:01:48,168] Trial 98 finished with value: 1.7093574584760947 and parameters: {'max_depth': 7, 'learning_rate': 0.05859703930535861, 'n_estimators': 4050, 'subsample': 0.6995227726459229, 'colsample_bytree': 0.45811316874339403, 'min_child_weight': 5, 'reg_alpha': 0.003126592637889766, 'reg_lambda': 0.8752006579175381, 'gamma': 0.00022888141438021559}. Best is trial 91 with value: 1.6998719007411154.
[I 2026-04-20 21:01:51,907] Trial 99 finished with value: 1.6866021622824146 and parameters: {'max_depth': 7, 'learning_rate': 0.05742843906608254, 'n_estimators': 3990, 'subsample': 0.7152165748863862, 'colsample_bytree': 0.43443969711194674, 'min_child_weight': 6, 'reg_alpha': 0.0077696671291641, 'reg_lambda': 0.29248479249868925, 'gamma': 0.0002536415756895646}. Best is trial 99 with value: 1.6866021622824146.
2026-04-20 21:01:51,926 - __main__ - INFO - Optuna optimization completed: 0 -> 100 trials
2026-04-20 21:01:51,926 - __main__ - INFO - 
Step 4.5: Performing cross-validation on training data...
2026-04-20 21:01:57,963 - __main__ - INFO - Cross-validation composite score (original space): 1.6866 (+/- 1.2067)
2026-04-20 21:01:57,963 - __main__ - INFO - Selected final n_estimators=965 from CV fold best_iteration values=[791, 1031, 965, 743, 1360]
2026-04-20 21:01:57,963 - __main__ - INFO - 
Step 5: Fitting final model on full training split...
2026-04-20 21:01:57,965 - __main__ - INFO - Preprocessing completed: 9 features remaining
2026-04-20 21:01:57,965 - __main__ - INFO - Remaining features: ['r0 (mm)', 'fy (MPa)', 'fc (MPa)', 'Re (mm)', 'te (mm)', 'ke', 'lambda_bar', 'e_bar', 'b/h']
2026-04-20 21:01:57,967 - __main__ - INFO - No missing values found in train or test sets
2026-04-20 21:01:58,764 - __main__ - INFO - Final model training completed on target space: ln(eta_u) -> inverse -> Nexp (kN)
2026-04-20 21:01:58,764 - __main__ - INFO - 
Step 6: Evaluating model...
Extra features will be ignored: {'h (mm)', 'b/t', 'xi', 'Npl (kN)', 'R (%)', 'As (mm^2)', 'axial_flag', 'e1/e2', 'L/h', 'e2 (mm)', 'r0/h', 'sigma_re (MPa)', 'lambda', 'L (mm)', 't (mm)', 'e1 (mm)', 'e/h', 'b (mm)', 'section_family', 'Ac (mm^2)'}
Extra features will be ignored: {'h (mm)', 'b/t', 'xi', 'Npl (kN)', 'R (%)', 'As (mm^2)', 'axial_flag', 'e1/e2', 'L/h', 'e2 (mm)', 'r0/h', 'sigma_re (MPa)', 'lambda', 'L (mm)', 't (mm)', 'e1 (mm)', 'e/h', 'b (mm)', 'section_family', 'Ac (mm^2)'}
2026-04-20 21:01:58,801 - __main__ - INFO - Mapped model outputs back to reported target space
2026-04-20 21:01:58,895 - __main__ - INFO - Training set evaluation (original space):
2026-04-20 21:01:58,895 - __main__ - INFO -   RMSE: 164.4673 kN
2026-04-20 21:01:58,895 - __main__ - INFO -   MAE: 69.0335 kN
2026-04-20 21:01:58,895 - __main__ - INFO -   R²: 0.9970
2026-04-20 21:01:58,895 - __main__ - INFO -   MAPE: 3.70%
2026-04-20 21:01:58,895 - __main__ - INFO -   μ: 1.0019
2026-04-20 21:01:58,895 - __main__ - INFO -   COV: 0.0638
2026-04-20 21:01:58,895 - __main__ - INFO -   a20-index: 0.9877
2026-04-20 21:01:58,895 - __main__ - INFO - Test set evaluation (original space - TRUE GENERALIZATION):
2026-04-20 21:01:58,895 - __main__ - INFO -   RMSE: 552.6240 kN
2026-04-20 21:01:58,895 - __main__ - INFO -   MAE: 141.6950 kN
2026-04-20 21:01:58,895 - __main__ - INFO -   R²: 0.9708
2026-04-20 21:01:58,895 - __main__ - INFO -   MAPE: 6.81%
2026-04-20 21:01:58,895 - __main__ - INFO -   μ: 1.0072
2026-04-20 21:01:58,895 - __main__ - INFO -   COV: 0.1142
2026-04-20 21:01:58,895 - __main__ - INFO -   a20-index: 0.9431
2026-04-20 21:01:58,895 - __main__ - INFO - Test regime summary:
2026-04-20 21:01:58,895 - __main__ - INFO -   axiality: worst=axial (RMSE=636.6498 kN, n=1176)
2026-04-20 21:01:58,895 - __main__ - INFO -   section_family: worst=circular (RMSE=707.7631 kN, n=872)
2026-04-20 21:01:58,895 - __main__ - INFO -   slenderness_state: worst=very_stocky (RMSE=657.7179 kN, n=1040)
2026-04-20 21:01:58,895 - __main__ - INFO -   scale_npl: worst=scale_npl_q5 (RMSE=1155.7882 kN, n=323)
2026-04-20 21:01:58,895 - __main__ - INFO -   eccentricity_severity: worst=axial (RMSE=636.6498 kN, n=1176)
2026-04-20 21:01:58,895 - __main__ - INFO -   confinement_level: worst=low_conf (RMSE=1089.8138 kN, n=304)
2026-04-20 21:01:58,895 - __main__ - INFO - 
--- Training Space Metrics (Reference) ---
2026-04-20 21:01:58,895 - __main__ - INFO - Training RMSE (ln(eta_u) space): 0.0605
2026-04-20 21:01:58,895 - __main__ - INFO - Test RMSE (ln(eta_u) space): 0.1149
2026-04-20 21:01:58,895 - __main__ - INFO - Train/Test ratio (ln(eta_u) space): 1.90
2026-04-20 21:01:58,895 - __main__ - WARNING - Potential overfitting detected! Test RMSE is 3.36x training RMSE
2026-04-20 21:01:58,895 - __main__ - INFO - 
Step 7: Creating visualizations...

================================================================================
FEATURE IMPORTANCE RANKING
================================================================================
 rank    feature  importance
    1      e_bar    0.207488
    2    Re (mm)    0.110588
    3         ke    0.104566
    4        b/h    0.103434
    5   fy (MPa)    0.101806
    6   fc (MPa)    0.099777
    7 lambda_bar    0.094618
    8    te (mm)    0.090482
    9    r0 (mm)    0.087242
================================================================================


================================================================================
FEATURE IMPORTANCE RANKING
================================================================================
 rank    feature  importance
    1      e_bar    0.207488
    2    Re (mm)    0.110588
    3         ke    0.104566
    4        b/h    0.103434
    5   fy (MPa)    0.101806
    6   fc (MPa)    0.099777
    7 lambda_bar    0.094618
    8    te (mm)    0.090482
    9    r0 (mm)    0.087242
================================================================================

2026-04-20 21:02:02,909 - __main__ - INFO - Visualizations saved to output/compact_group_C_optuna100/plots/
2026-04-20 21:02:02,909 - __main__ - INFO -   Training: xgboost_model_train_*.png
2026-04-20 21:02:02,910 - __main__ - INFO -   Test:     xgboost_model_test_*.png
2026-04-20 21:02:02,910 - __main__ - INFO - 
Step 8: Saving model and artifacts...
2026-04-20 21:02:02,940 - __main__ - INFO - Model and artifacts saved to output/compact_group_C_optuna100
2026-04-20 21:02:02,940 - __main__ - INFO - 
================================================================================
2026-04-20 21:02:02,940 - __main__ - INFO - TRAINING COMPLETED SUCCESSFULLY
2026-04-20 21:02:02,940 - __main__ - INFO - ================================================================================
2026-04-20 21:02:02,940 - __main__ - INFO - Model saved to: output/compact_group_C_optuna100/xgboost_model.pkl
2026-04-20 21:02:02,940 - __main__ - INFO - Preprocessor saved to: output/compact_group_C_optuna100/preprocessor.pkl
2026-04-20 21:02:02,940 - __main__ - INFO - Evaluation report: output/compact_group_C_optuna100/evaluation_report.json
2026-04-20 21:02:02,940 - __main__ - INFO - Plots saved to: output/compact_group_C_optuna100/plots/
2026-04-20 21:02:02,940 - __main__ - INFO - 
================================================================================
2026-04-20 21:02:02,940 - __main__ - INFO - PERFORMANCE SUMMARY
2026-04-20 21:02:02,940 - __main__ - INFO - ================================================================================
2026-04-20 21:02:02,941 - __main__ - INFO - Target: ln(eta_u) -> inverse -> Nexp (kN)
2026-04-20 21:02:02,941 - __main__ - INFO - 
2026-04-20 21:02:02,941 - __main__ - INFO - Original Space (Primary):
2026-04-20 21:02:02,941 - __main__ - INFO -   Training: RMSE=164.4673 kN, MAE=69.0335 kN, R²=0.9970, MAPE=3.70%, μ=1.0019, COV=0.0638, a20-index=0.9877
2026-04-20 21:02:02,941 - __main__ - INFO -   Test:     RMSE=552.6240 kN, MAE=141.6950 kN, R²=0.9708, MAPE=6.81%, μ=1.0072, COV=0.1142, a20-index=0.9431
2026-04-20 21:02:02,941 - __main__ - INFO -   CV: J=1.6866, RMSE=354.8354, MAE=139.5013, R²=0.9847, MAPE=7.26%, μ=1.0062, COV=0.1188, a20-index=0.9343
2026-04-20 21:02:02,941 - __main__ - INFO - 
2026-04-20 21:02:02,941 - __main__ - INFO - Training Space (Reference):
2026-04-20 21:02:02,941 - __main__ - INFO -   Training RMSE (ln(eta_u) space): 0.0605
2026-04-20 21:02:02,941 - __main__ - INFO -   Test RMSE (ln(eta_u) space):     0.1149
2026-04-20 21:02:02,941 - __main__ - INFO - 
2026-04-20 21:02:02,941 - __main__ - INFO - Overfitting Analysis:
2026-04-20 21:02:02,941 - __main__ - INFO -   Ratio: 3.36 (OVERFIT)
2026-04-20 21:02:02,941 - __main__ - INFO - Regime Worst Cases:
2026-04-20 21:02:02,941 - __main__ - INFO -   axiality: axial (RMSE=636.6498 kN)
2026-04-20 21:02:02,941 - __main__ - INFO -   section_family: circular (RMSE=707.7631 kN)
2026-04-20 21:02:02,941 - __main__ - INFO -   slenderness_state: very_stocky (RMSE=657.7179 kN)
2026-04-20 21:02:02,941 - __main__ - INFO -   scale_npl: scale_npl_q5 (RMSE=1155.7882 kN)
2026-04-20 21:02:02,941 - __main__ - INFO -   eccentricity_severity: axial (RMSE=636.6498 kN)
2026-04-20 21:02:02,941 - __main__ - INFO -   confinement_level: low_conf (RMSE=1089.8138 kN)
2026-04-20 21:02:02,941 - __main__ - INFO - ================================================================================
2026-04-20 21:02:02,941 - __main__ - INFO - Training completed successfully!
