2026-04-20 20:36:26,376 - __main__ - INFO - ================================================================================
2026-04-20 20:36:26,376 - __main__ - INFO - CFST XGBOOST PIPELINE - TRAINING STARTED
2026-04-20 20:36:26,377 - __main__ - INFO - ================================================================================
2026-04-20 20:36:26,377 - __main__ - INFO - Step 1: Loading configuration...
2026-04-20 20:36:26,400 - __main__ - INFO - Configuration loaded from /home/thelya/Work/CFST_Alchemy_Lab/cfst_predictitor/config/experiments/compact_group_B.yaml
2026-04-20 20:36:26,400 - __main__ - INFO - Output directory: output/compact_group_B_optuna100
2026-04-20 20:36:26,400 - __main__ - INFO - Data file: data/processed/final_feature_parameters_raw.csv
2026-04-20 20:36:26,400 - __main__ - INFO - Target column: Nexp (kN)
2026-04-20 20:36:26,400 - __main__ - INFO - Columns to drop: ['b (mm)', 'h (mm)', 'r0 (mm)', 't (mm)', 'R (%)', 'L (mm)', 'e1 (mm)', 'e2 (mm)', 'r0/h', 'b/t', 'Ac (mm^2)', 'As (mm^2)', 'xi', 'sigma_re (MPa)', 'lambda', 'Npl (kN)', 'b/h', 'L/h', 'axial_flag', 'section_family']
2026-04-20 20:36:26,400 - __main__ - INFO - Target transform enabled: log
2026-04-20 20:36:26,400 - __main__ - INFO - Optuna RMSE metric space: original
2026-04-20 20:36:26,400 - __main__ - INFO - Cross-validation RMSE metric space: original
2026-04-20 20:36:26,400 - __main__ - INFO - Data split strategy: regression_stratified
2026-04-20 20:36:26,400 - __main__ - INFO - Target mode: eta_u_over_npl
2026-04-20 20:36:26,400 - __main__ - INFO - KeML residual split enabled: True
2026-04-20 20:36:26,405 - __main__ - INFO - Training context hash: ff44851d0399
2026-04-20 20:36:26,405 - __main__ - INFO - Optuna strategy version: centered_v4_stratified_consistent_cv
2026-04-20 20:36:26,405 - __main__ - INFO - Optuna tuning fingerprint: 4bb5b9bcf9
2026-04-20 20:36:26,405 - __main__ - INFO - Optuna study name: xgboost_optimization__final_feature_parameters_raw__ff44851d0399__4bb5b9bcf9
2026-04-20 20:36:26,405 - __main__ - INFO - 
Step 2: Loading data...
2026-04-20 20:36:26,459 - __main__ - INFO - Data loaded: 7901 samples, 29 features
2026-04-20 20:36:26,459 - __main__ - INFO - 
Step 2.5: Splitting data into train/test sets...
2026-04-20 20:36:26,483 - __main__ - INFO - Regression stratification enabled: 30 strata, min_count=37, required>=12
2026-04-20 20:36:26,495 - __main__ - INFO - Training set: 6320 samples (80%)
2026-04-20 20:36:26,495 - __main__ - INFO - Test set: 1581 samples (20%)
2026-04-20 20:36:26,495 - __main__ - INFO - 
Step 3: Preparing model selection and final retraining...
2026-04-20 20:36:26,495 - __main__ - INFO - Starting Optuna hyperparameter optimization...
/home/thelya/miniconda3/lib/python3.13/site-packages/optuna/_experimental.py:32: ExperimentalWarning: Argument ``multivariate`` is an experimental feature. The interface can change in the future.
  warnings.warn(
[I 2026-04-20 20:36:27,083] A new study created in RDB with name: xgboost_optimization__final_feature_parameters_raw__ff44851d0399__4bb5b9bcf9
[I 2026-04-20 20:36:32,638] Trial 0 finished with value: 1.8086441266092996 and parameters: {'max_depth': 5, 'learning_rate': 0.0451669400461485, 'n_estimators': 3970, 'subsample': 0.7238136617365515, 'colsample_bytree': 0.4212006920305448, 'min_child_weight': 4, 'reg_alpha': 0.012529841627285286, 'reg_lambda': 0.44957639473634237, 'gamma': 0.00013613870646182803}. Best is trial 0 with value: 1.8086441266092996.
[I 2026-04-20 20:36:36,896] Trial 1 finished with value: 1.8827022041089925 and parameters: {'max_depth': 5, 'learning_rate': 0.07549168905879482, 'n_estimators': 3933, 'subsample': 0.7019477020037033, 'colsample_bytree': 0.42202994000013677, 'min_child_weight': 4, 'reg_alpha': 0.0013782917830697005, 'reg_lambda': 3.2667554846510423, 'gamma': 0.0007287977514997103}. Best is trial 0 with value: 1.8086441266092996.
[I 2026-04-20 20:36:46,538] Trial 2 finished with value: 1.8208324745568334 and parameters: {'max_depth': 6, 'learning_rate': 0.018634884688925855, 'n_estimators': 4437, 'subsample': 0.7612853148471999, 'colsample_bytree': 0.429982429372923, 'min_child_weight': 4, 'reg_alpha': 0.0027541205130458403, 'reg_lambda': 0.15572040565218667, 'gamma': 0.000566280458042766}. Best is trial 0 with value: 1.8086441266092996.
[I 2026-04-20 20:36:53,420] Trial 3 finished with value: 2.187170607020644 and parameters: {'max_depth': 5, 'learning_rate': 0.027997237357277414, 'n_estimators': 3678, 'subsample': 0.5854054475618631, 'colsample_bytree': 0.4412510265461931, 'min_child_weight': 5, 'reg_alpha': 0.012419403968720944, 'reg_lambda': 2.1066355622104393, 'gamma': 0.00019343461646024662}. Best is trial 0 with value: 1.8086441266092996.
[I 2026-04-20 20:36:59,490] Trial 4 finished with value: 2.012437425322387 and parameters: {'max_depth': 6, 'learning_rate': 0.04404060437093783, 'n_estimators': 2480, 'subsample': 0.7042031835302949, 'colsample_bytree': 0.4240781242725478, 'min_child_weight': 4, 'reg_alpha': 0.18895275548536924, 'reg_lambda': 5.598285314544042, 'gamma': 0.001445638096171729}. Best is trial 0 with value: 1.8086441266092996.
[I 2026-04-20 20:37:08,279] Trial 5 finished with value: 2.221345055359862 and parameters: {'max_depth': 5, 'learning_rate': 0.02092576325409508, 'n_estimators': 3831, 'subsample': 0.6617167161585228, 'colsample_bytree': 0.41723188321426896, 'min_child_weight': 6, 'reg_alpha': 0.0012091974490159082, 'reg_lambda': 4.126670509211744, 'gamma': 0.00023515395066846373}. Best is trial 0 with value: 1.8086441266092996.
[I 2026-04-20 20:37:16,058] Trial 6 finished with value: 2.098577410277496 and parameters: {'max_depth': 6, 'learning_rate': 0.028873154584679928, 'n_estimators': 3484, 'subsample': 0.6887625379091308, 'colsample_bytree': 0.426101577045134, 'min_child_weight': 8, 'reg_alpha': 0.07236435782645846, 'reg_lambda': 4.859428845881304, 'gamma': 0.0019234798526789297}. Best is trial 0 with value: 1.8086441266092996.
[I 2026-04-20 20:37:19,026] Trial 7 finished with value: 1.89325946591321 and parameters: {'max_depth': 6, 'learning_rate': 0.07228704086926539, 'n_estimators': 2569, 'subsample': 0.599743127948214, 'colsample_bytree': 0.4063861244928334, 'min_child_weight': 5, 'reg_alpha': 0.008559084725646026, 'reg_lambda': 0.1303090834365493, 'gamma': 0.0015461369237088375}. Best is trial 0 with value: 1.8086441266092996.
[I 2026-04-20 20:37:25,521] Trial 8 finished with value: 2.2434231839509495 and parameters: {'max_depth': 5, 'learning_rate': 0.027567069282843887, 'n_estimators': 3531, 'subsample': 0.5857684935682301, 'colsample_bytree': 0.513270768827284, 'min_child_weight': 4, 'reg_alpha': 0.23308678870481236, 'reg_lambda': 1.9641420218997103, 'gamma': 0.00019282321121037957}. Best is trial 0 with value: 1.8086441266092996.
[I 2026-04-20 20:37:29,754] Trial 9 finished with value: 1.9850927797580007 and parameters: {'max_depth': 4, 'learning_rate': 0.06159568226136884, 'n_estimators': 3879, 'subsample': 0.7350319787526765, 'colsample_bytree': 0.5089039066946938, 'min_child_weight': 4, 'reg_alpha': 0.007243534419142362, 'reg_lambda': 0.05613806220705424, 'gamma': 0.0017320620308127446}. Best is trial 0 with value: 1.8086441266092996.
[I 2026-04-20 20:37:34,302] Trial 10 finished with value: 2.2109155174136457 and parameters: {'max_depth': 4, 'learning_rate': 0.049530379031042335, 'n_estimators': 4089, 'subsample': 0.7080341394846866, 'colsample_bytree': 0.4356281374922476, 'min_child_weight': 4, 'reg_alpha': 0.07953801840319578, 'reg_lambda': 0.8656243461341854, 'gamma': 0.00018320475477011334}. Best is trial 0 with value: 1.8086441266092996.
[I 2026-04-20 20:37:41,224] Trial 11 finished with value: 1.6943702254906434 and parameters: {'max_depth': 7, 'learning_rate': 0.025338340824701662, 'n_estimators': 4321, 'subsample': 0.7994260136247575, 'colsample_bytree': 0.46444642217076926, 'min_child_weight': 4, 'reg_alpha': 0.004068551567397499, 'reg_lambda': 0.44085538962222504, 'gamma': 0.0007378490509667163}. Best is trial 11 with value: 1.6943702254906434.
[I 2026-04-20 20:37:46,616] Trial 12 finished with value: 1.8601078465903775 and parameters: {'max_depth': 5, 'learning_rate': 0.03838158545224848, 'n_estimators': 3649, 'subsample': 0.7029152745453364, 'colsample_bytree': 0.4256753186501845, 'min_child_weight': 4, 'reg_alpha': 0.003521100643904826, 'reg_lambda': 0.1447378863056579, 'gamma': 0.00016275693798866643}. Best is trial 11 with value: 1.6943702254906434.
[I 2026-04-20 20:37:53,026] Trial 13 finished with value: 1.6804246093861877 and parameters: {'max_depth': 7, 'learning_rate': 0.028060717041184853, 'n_estimators': 3774, 'subsample': 0.7815982164727899, 'colsample_bytree': 0.5038660336744204, 'min_child_weight': 4, 'reg_alpha': 0.002677645100137303, 'reg_lambda': 0.20303653266350685, 'gamma': 0.0008289507726866551}. Best is trial 13 with value: 1.6804246093861877.
[I 2026-04-20 20:37:58,528] Trial 14 finished with value: 1.7167690721428222 and parameters: {'max_depth': 7, 'learning_rate': 0.03926293712284671, 'n_estimators': 3765, 'subsample': 0.7971655599116955, 'colsample_bytree': 0.504330495238322, 'min_child_weight': 4, 'reg_alpha': 0.004009278350690522, 'reg_lambda': 0.06399923847860188, 'gamma': 0.0008777788741789819}. Best is trial 13 with value: 1.6804246093861877.
[I 2026-04-20 20:38:07,699] Trial 15 finished with value: 1.6901757436704952 and parameters: {'max_depth': 7, 'learning_rate': 0.01874077660821949, 'n_estimators': 4424, 'subsample': 0.7581957009108429, 'colsample_bytree': 0.5026124959400926, 'min_child_weight': 4, 'reg_alpha': 0.008698747056482237, 'reg_lambda': 0.5839900956370578, 'gamma': 0.00013207074328957358}. Best is trial 13 with value: 1.6804246093861877.
[I 2026-04-20 20:38:15,969] Trial 16 finished with value: 1.7326008405633668 and parameters: {'max_depth': 7, 'learning_rate': 0.021676703016603245, 'n_estimators': 4295, 'subsample': 0.6950134407762916, 'colsample_bytree': 0.4823940156477671, 'min_child_weight': 5, 'reg_alpha': 0.011477116168179476, 'reg_lambda': 0.6027097103350373, 'gamma': 0.00016565850948268069}. Best is trial 13 with value: 1.6804246093861877.
[I 2026-04-20 20:38:24,502] Trial 17 finished with value: 1.8739777631872532 and parameters: {'max_depth': 5, 'learning_rate': 0.02125533990136099, 'n_estimators': 3775, 'subsample': 0.7277191267807903, 'colsample_bytree': 0.5407464993324822, 'min_child_weight': 5, 'reg_alpha': 0.0035477294893088806, 'reg_lambda': 1.2398474002523505, 'gamma': 0.00013319770456642996}. Best is trial 13 with value: 1.6804246093861877.
[I 2026-04-20 20:38:31,897] Trial 18 finished with value: 1.772007715817018 and parameters: {'max_depth': 7, 'learning_rate': 0.03471566766696066, 'n_estimators': 4411, 'subsample': 0.7339366324823623, 'colsample_bytree': 0.5409726759803608, 'min_child_weight': 4, 'reg_alpha': 0.02833961858395371, 'reg_lambda': 4.458945175485915, 'gamma': 0.000420359179301292}. Best is trial 13 with value: 1.6804246093861877.
[I 2026-04-20 20:38:37,498] Trial 19 finished with value: 1.7460782044087502 and parameters: {'max_depth': 7, 'learning_rate': 0.032305416420580685, 'n_estimators': 4281, 'subsample': 0.7435286514345063, 'colsample_bytree': 0.5382657127937641, 'min_child_weight': 4, 'reg_alpha': 0.02787720963857103, 'reg_lambda': 0.14072124209977227, 'gamma': 0.00014283505501268046}. Best is trial 13 with value: 1.6804246093861877.
[I 2026-04-20 20:38:45,869] Trial 20 finished with value: 1.7613868422395864 and parameters: {'max_depth': 7, 'learning_rate': 0.024803450615018072, 'n_estimators': 2903, 'subsample': 0.7742903658525538, 'colsample_bytree': 0.517632849170308, 'min_child_weight': 5, 'reg_alpha': 0.00125971033757023, 'reg_lambda': 0.8163558519977135, 'gamma': 0.0006283665487551848}. Best is trial 13 with value: 1.6804246093861877.
[I 2026-04-20 20:38:52,115] Trial 21 finished with value: 1.7000434079462345 and parameters: {'max_depth': 7, 'learning_rate': 0.03295923843368374, 'n_estimators': 4087, 'subsample': 0.769255973468051, 'colsample_bytree': 0.4988632932468476, 'min_child_weight': 4, 'reg_alpha': 0.0010501849533634986, 'reg_lambda': 1.9295139862904709, 'gamma': 0.001165896277706987}. Best is trial 13 with value: 1.6804246093861877.
[I 2026-04-20 20:39:01,988] Trial 22 finished with value: 1.8781004653726565 and parameters: {'max_depth': 7, 'learning_rate': 0.021114397424216468, 'n_estimators': 4059, 'subsample': 0.7954717085397062, 'colsample_bytree': 0.4396771689281165, 'min_child_weight': 5, 'reg_alpha': 0.031725857950541725, 'reg_lambda': 2.681343234203339, 'gamma': 0.0007344864394096076}. Best is trial 13 with value: 1.6804246093861877.
[I 2026-04-20 20:39:13,079] Trial 23 finished with value: 1.7005612306453628 and parameters: {'max_depth': 6, 'learning_rate': 0.018851313597658983, 'n_estimators': 3975, 'subsample': 0.7602033153467687, 'colsample_bytree': 0.5080368071065899, 'min_child_weight': 4, 'reg_alpha': 0.06703869475018358, 'reg_lambda': 1.4281687637482825, 'gamma': 0.00010861211545207773}. Best is trial 13 with value: 1.6804246093861877.
[I 2026-04-20 20:39:19,181] Trial 24 finished with value: 1.8003369784061054 and parameters: {'max_depth': 7, 'learning_rate': 0.022401008367834867, 'n_estimators': 4029, 'subsample': 0.774291086294179, 'colsample_bytree': 0.5408389577688727, 'min_child_weight': 4, 'reg_alpha': 0.001490269300925612, 'reg_lambda': 0.15239487299980406, 'gamma': 0.0025426389140278264}. Best is trial 13 with value: 1.6804246093861877.
[I 2026-04-20 20:39:27,115] Trial 25 finished with value: 1.6868322226167805 and parameters: {'max_depth': 6, 'learning_rate': 0.024633588299764097, 'n_estimators': 3660, 'subsample': 0.7577758488472173, 'colsample_bytree': 0.5266047082320304, 'min_child_weight': 4, 'reg_alpha': 0.012698979398808723, 'reg_lambda': 0.32847256022482424, 'gamma': 0.0006820919194911332}. Best is trial 13 with value: 1.6804246093861877.
[I 2026-04-20 20:39:34,799] Trial 26 finished with value: 1.8250898026270694 and parameters: {'max_depth': 5, 'learning_rate': 0.020176697372780314, 'n_estimators': 3997, 'subsample': 0.7569169211934552, 'colsample_bytree': 0.5273210081498151, 'min_child_weight': 4, 'reg_alpha': 0.035412287483946626, 'reg_lambda': 0.13806315375096612, 'gamma': 0.0006557146538964592}. Best is trial 13 with value: 1.6804246093861877.
[I 2026-04-20 20:39:41,712] Trial 27 finished with value: 1.826758456259607 and parameters: {'max_depth': 5, 'learning_rate': 0.026943469525972683, 'n_estimators': 2804, 'subsample': 0.7435913540849398, 'colsample_bytree': 0.5208352611585807, 'min_child_weight': 4, 'reg_alpha': 0.008556670204080605, 'reg_lambda': 0.14178588404092723, 'gamma': 0.0008856261511740218}. Best is trial 13 with value: 1.6804246093861877.
[I 2026-04-20 20:39:51,101] Trial 28 finished with value: 1.6401080844903384 and parameters: {'max_depth': 6, 'learning_rate': 0.018218843579689704, 'n_estimators': 3823, 'subsample': 0.7657989953182639, 'colsample_bytree': 0.502076797651932, 'min_child_weight': 4, 'reg_alpha': 0.0010809660462967662, 'reg_lambda': 0.09104490120117152, 'gamma': 0.00027518884340914027}. Best is trial 28 with value: 1.6401080844903384.
[I 2026-04-20 20:39:59,786] Trial 29 finished with value: 1.7275246249598215 and parameters: {'max_depth': 7, 'learning_rate': 0.025066648905153432, 'n_estimators': 3711, 'subsample': 0.7311897658434416, 'colsample_bytree': 0.49039876097253654, 'min_child_weight': 6, 'reg_alpha': 0.0010586934941870314, 'reg_lambda': 0.0896808858331915, 'gamma': 0.00029009190364644367}. Best is trial 28 with value: 1.6401080844903384.
[I 2026-04-20 20:40:06,646] Trial 30 finished with value: 1.7272716383110573 and parameters: {'max_depth': 6, 'learning_rate': 0.024715344251954843, 'n_estimators': 4178, 'subsample': 0.7443866952653639, 'colsample_bytree': 0.4993585962364308, 'min_child_weight': 4, 'reg_alpha': 0.0033246788281855112, 'reg_lambda': 0.07528194378707352, 'gamma': 0.0002263601507058878}. Best is trial 28 with value: 1.6401080844903384.
[I 2026-04-20 20:40:14,204] Trial 31 finished with value: 1.6845340623281253 and parameters: {'max_depth': 7, 'learning_rate': 0.027306035451226143, 'n_estimators': 4491, 'subsample': 0.7765493515843637, 'colsample_bytree': 0.46998998239162143, 'min_child_weight': 4, 'reg_alpha': 0.002027144611868803, 'reg_lambda': 0.5465368041341615, 'gamma': 0.00011228060860897333}. Best is trial 28 with value: 1.6401080844903384.
[I 2026-04-20 20:40:18,526] Trial 32 finished with value: 1.8670605314699622 and parameters: {'max_depth': 7, 'learning_rate': 0.047284593992110296, 'n_estimators': 4360, 'subsample': 0.6950810622707222, 'colsample_bytree': 0.5013950294149416, 'min_child_weight': 5, 'reg_alpha': 0.002305238001268014, 'reg_lambda': 0.8866843422993039, 'gamma': 0.00013006409868624306}. Best is trial 28 with value: 1.6401080844903384.
[I 2026-04-20 20:40:27,764] Trial 33 finished with value: 1.7901462364930019 and parameters: {'max_depth': 7, 'learning_rate': 0.019326845190350113, 'n_estimators': 4286, 'subsample': 0.802399403418937, 'colsample_bytree': 0.4394951758135419, 'min_child_weight': 4, 'reg_alpha': 0.0018480958189142159, 'reg_lambda': 0.18330069263126245, 'gamma': 0.00010354309170580812}. Best is trial 28 with value: 1.6401080844903384.
[I 2026-04-20 20:40:33,990] Trial 34 finished with value: 1.730322703441492 and parameters: {'max_depth': 7, 'learning_rate': 0.03661199817896997, 'n_estimators': 4053, 'subsample': 0.7607772515404277, 'colsample_bytree': 0.46218084843729756, 'min_child_weight': 5, 'reg_alpha': 0.004042067661884155, 'reg_lambda': 1.2464213427092736, 'gamma': 0.00013705060236925934}. Best is trial 28 with value: 1.6401080844903384.
[I 2026-04-20 20:40:42,528] Trial 35 finished with value: 1.6895155403660251 and parameters: {'max_depth': 6, 'learning_rate': 0.020386244455161864, 'n_estimators': 3560, 'subsample': 0.7673817633598454, 'colsample_bytree': 0.5123529505102858, 'min_child_weight': 4, 'reg_alpha': 0.0011967416825062293, 'reg_lambda': 0.08606937044051086, 'gamma': 0.00014726449962824357}. Best is trial 28 with value: 1.6401080844903384.
[I 2026-04-20 20:40:50,416] Trial 36 finished with value: 1.6808900312371797 and parameters: {'max_depth': 7, 'learning_rate': 0.02401287016959683, 'n_estimators': 3596, 'subsample': 0.7655795085586227, 'colsample_bytree': 0.5258157670187579, 'min_child_weight': 4, 'reg_alpha': 0.0055081731857702385, 'reg_lambda': 0.7437791792900403, 'gamma': 0.000663279448110985}. Best is trial 28 with value: 1.6401080844903384.
[I 2026-04-20 20:40:57,892] Trial 37 finished with value: 1.7849267636485742 and parameters: {'max_depth': 7, 'learning_rate': 0.020522167792985466, 'n_estimators': 3886, 'subsample': 0.7924562707686144, 'colsample_bytree': 0.514116607666445, 'min_child_weight': 4, 'reg_alpha': 0.0018378241863163084, 'reg_lambda': 0.03193716435940427, 'gamma': 0.0004671808108487988}. Best is trial 28 with value: 1.6401080844903384.
[I 2026-04-20 20:41:04,599] Trial 38 finished with value: 1.784576244044365 and parameters: {'max_depth': 7, 'learning_rate': 0.025317701432296835, 'n_estimators': 3454, 'subsample': 0.663666749911635, 'colsample_bytree': 0.4773912629704092, 'min_child_weight': 4, 'reg_alpha': 0.0011797408365493843, 'reg_lambda': 0.2931336549971779, 'gamma': 0.0015540270592255803}. Best is trial 28 with value: 1.6401080844903384.
[I 2026-04-20 20:41:12,262] Trial 39 finished with value: 1.7523994489642205 and parameters: {'max_depth': 7, 'learning_rate': 0.02948948783101715, 'n_estimators': 4068, 'subsample': 0.8029939907074365, 'colsample_bytree': 0.49532455136599773, 'min_child_weight': 4, 'reg_alpha': 0.001955346583333502, 'reg_lambda': 2.9292352059482685, 'gamma': 0.00012317936679545003}. Best is trial 28 with value: 1.6401080844903384.
[I 2026-04-20 20:41:18,387] Trial 40 finished with value: 1.6557580764775939 and parameters: {'max_depth': 7, 'learning_rate': 0.03237829127984062, 'n_estimators': 3548, 'subsample': 0.7216956539154389, 'colsample_bytree': 0.5362204693907016, 'min_child_weight': 4, 'reg_alpha': 0.0038006274567507956, 'reg_lambda': 0.9288928480548967, 'gamma': 0.00028699660901699073}. Best is trial 28 with value: 1.6401080844903384.
[I 2026-04-20 20:41:24,400] Trial 41 finished with value: 1.7199865618031034 and parameters: {'max_depth': 7, 'learning_rate': 0.030616007263576994, 'n_estimators': 3685, 'subsample': 0.7617476332559237, 'colsample_bytree': 0.5231610475529699, 'min_child_weight': 4, 'reg_alpha': 0.0022022945906109534, 'reg_lambda': 0.3133393412931366, 'gamma': 0.0004015153222060772}. Best is trial 28 with value: 1.6401080844903384.
[I 2026-04-20 20:41:28,019] Trial 42 finished with value: 1.9311501426767363 and parameters: {'max_depth': 6, 'learning_rate': 0.044434050968107014, 'n_estimators': 3058, 'subsample': 0.686110998029228, 'colsample_bytree': 0.5354009651188605, 'min_child_weight': 4, 'reg_alpha': 0.0026513040889825142, 'reg_lambda': 0.6929464525716941, 'gamma': 0.00048635202111089863}. Best is trial 28 with value: 1.6401080844903384.
[I 2026-04-20 20:41:35,358] Trial 43 finished with value: 1.7352141778386758 and parameters: {'max_depth': 6, 'learning_rate': 0.028423242226177148, 'n_estimators': 3412, 'subsample': 0.7034022959583036, 'colsample_bytree': 0.5349388365764651, 'min_child_weight': 4, 'reg_alpha': 0.012936579103867408, 'reg_lambda': 2.0754904027088488, 'gamma': 0.000603358433296763}. Best is trial 28 with value: 1.6401080844903384.
[I 2026-04-20 20:41:41,383] Trial 44 finished with value: 1.6901793331194277 and parameters: {'max_depth': 6, 'learning_rate': 0.03189607930961397, 'n_estimators': 4194, 'subsample': 0.7622644502879137, 'colsample_bytree': 0.47125669872449566, 'min_child_weight': 4, 'reg_alpha': 0.005558043119908521, 'reg_lambda': 0.3142700447155058, 'gamma': 0.0001013742582554591}. Best is trial 28 with value: 1.6401080844903384.
