2026-04-20 21:02:32,196 - __main__ - INFO - ================================================================================
2026-04-20 21:02:32,196 - __main__ - INFO - CFST XGBOOST PIPELINE - TRAINING STARTED
2026-04-20 21:02:32,196 - __main__ - INFO - ================================================================================
2026-04-20 21:02:32,196 - __main__ - INFO - Step 1: Loading configuration...
2026-04-20 21:02:32,218 - __main__ - INFO - Configuration loaded from /home/thelya/Work/CFST_Alchemy_Lab/cfst_predictitor/config/experiments/compact_group_D.yaml
2026-04-20 21:02:32,218 - __main__ - INFO - Output directory: output/compact_group_D_optuna100
2026-04-20 21:02:32,218 - __main__ - INFO - Data file: data/processed/final_feature_parameters_raw.csv
2026-04-20 21:02:32,218 - __main__ - INFO - Target column: Nexp (kN)
2026-04-20 21:02:32,218 - __main__ - INFO - Columns to drop: ['b (mm)', 'h (mm)', 'r0 (mm)', 't (mm)', 'R (%)', 'L (mm)', 'e1 (mm)', 'e2 (mm)', 'r0/h', 'b/t', 'Ac (mm^2)', 'As (mm^2)', 'xi', 'sigma_re (MPa)', 'lambda', 'e/h', 'e1/e2', 'Npl (kN)', 'b/h', 'L/h', 'axial_flag', 'section_family']
2026-04-20 21:02:32,218 - __main__ - INFO - Target transform enabled: log
2026-04-20 21:02:32,218 - __main__ - INFO - Optuna RMSE metric space: original
2026-04-20 21:02:32,218 - __main__ - INFO - Cross-validation RMSE metric space: original
2026-04-20 21:02:32,218 - __main__ - INFO - Data split strategy: regression_stratified
2026-04-20 21:02:32,218 - __main__ - INFO - Target mode: eta_u_over_npl
2026-04-20 21:02:32,218 - __main__ - INFO - KeML residual split enabled: True
2026-04-20 21:02:32,222 - __main__ - INFO - Training context hash: 631a1d848854
2026-04-20 21:02:32,222 - __main__ - INFO - Optuna strategy version: centered_v4_stratified_consistent_cv
2026-04-20 21:02:32,222 - __main__ - INFO - Optuna tuning fingerprint: f8a9635e8f
2026-04-20 21:02:32,222 - __main__ - INFO - Optuna study name: xgboost_optimization__final_feature_parameters_raw__631a1d848854__f8a9635e8f
2026-04-20 21:02:32,222 - __main__ - INFO - 
Step 2: Loading data...
2026-04-20 21:02:32,272 - __main__ - INFO - Data loaded: 7901 samples, 29 features
2026-04-20 21:02:32,272 - __main__ - INFO - 
Step 2.5: Splitting data into train/test sets...
2026-04-20 21:02:32,294 - __main__ - INFO - Regression stratification enabled: 30 strata, min_count=37, required>=12
2026-04-20 21:02:32,305 - __main__ - INFO - Training set: 6320 samples (80%)
2026-04-20 21:02:32,305 - __main__ - INFO - Test set: 1581 samples (20%)
2026-04-20 21:02:32,305 - __main__ - INFO - 
Step 3: Preparing model selection and final retraining...
2026-04-20 21:02:32,305 - __main__ - INFO - Starting Optuna hyperparameter optimization...
/home/thelya/miniconda3/lib/python3.13/site-packages/optuna/_experimental.py:32: ExperimentalWarning: Argument ``multivariate`` is an experimental feature. The interface can change in the future.
  warnings.warn(
[I 2026-04-20 21:02:32,856] A new study created in RDB with name: xgboost_optimization__final_feature_parameters_raw__631a1d848854__f8a9635e8f
[I 2026-04-20 21:02:37,857] Trial 0 finished with value: 2.1551330582232615 and parameters: {'max_depth': 5, 'learning_rate': 0.0451669400461485, 'n_estimators': 3970, 'subsample': 0.7238136617365515, 'colsample_bytree': 0.4212006920305448, 'min_child_weight': 4, 'reg_alpha': 0.012529841627285286, 'reg_lambda': 0.44957639473634237, 'gamma': 0.00013613870646182803}. Best is trial 0 with value: 2.1551330582232615.
[I 2026-04-20 21:02:42,363] Trial 1 finished with value: 2.1719198570233202 and parameters: {'max_depth': 5, 'learning_rate': 0.07549168905879482, 'n_estimators': 3933, 'subsample': 0.7019477020037033, 'colsample_bytree': 0.42202994000013677, 'min_child_weight': 4, 'reg_alpha': 0.0013782917830697005, 'reg_lambda': 3.2667554846510423, 'gamma': 0.0007287977514997103}. Best is trial 0 with value: 2.1551330582232615.
[I 2026-04-20 21:02:50,781] Trial 2 finished with value: 1.9171275869039213 and parameters: {'max_depth': 6, 'learning_rate': 0.018634884688925855, 'n_estimators': 4437, 'subsample': 0.7612853148471999, 'colsample_bytree': 0.429982429372923, 'min_child_weight': 4, 'reg_alpha': 0.0027541205130458403, 'reg_lambda': 0.15572040565218667, 'gamma': 0.000566280458042766}. Best is trial 2 with value: 1.9171275869039213.
[I 2026-04-20 21:02:57,100] Trial 3 finished with value: 2.0603854513463147 and parameters: {'max_depth': 5, 'learning_rate': 0.027997237357277414, 'n_estimators': 3678, 'subsample': 0.5854054475618631, 'colsample_bytree': 0.4412510265461931, 'min_child_weight': 5, 'reg_alpha': 0.012419403968720944, 'reg_lambda': 2.1066355622104393, 'gamma': 0.00019343461646024662}. Best is trial 2 with value: 1.9171275869039213.
[I 2026-04-20 21:03:02,484] Trial 4 finished with value: 2.346600537847982 and parameters: {'max_depth': 6, 'learning_rate': 0.04404060437093783, 'n_estimators': 2480, 'subsample': 0.7042031835302949, 'colsample_bytree': 0.4240781242725478, 'min_child_weight': 4, 'reg_alpha': 0.18895275548536924, 'reg_lambda': 5.598285314544042, 'gamma': 0.001445638096171729}. Best is trial 2 with value: 1.9171275869039213.
[I 2026-04-20 21:03:10,992] Trial 5 finished with value: 2.346690452242935 and parameters: {'max_depth': 5, 'learning_rate': 0.02092576325409508, 'n_estimators': 3831, 'subsample': 0.6617167161585228, 'colsample_bytree': 0.41723188321426896, 'min_child_weight': 6, 'reg_alpha': 0.0012091974490159082, 'reg_lambda': 4.126670509211744, 'gamma': 0.00023515395066846373}. Best is trial 2 with value: 1.9171275869039213.
[I 2026-04-20 21:03:17,699] Trial 6 finished with value: 2.41172461803557 and parameters: {'max_depth': 6, 'learning_rate': 0.028873154584679928, 'n_estimators': 3484, 'subsample': 0.6887625379091308, 'colsample_bytree': 0.426101577045134, 'min_child_weight': 8, 'reg_alpha': 0.07236435782645846, 'reg_lambda': 4.859428845881304, 'gamma': 0.0019234798526789297}. Best is trial 2 with value: 1.9171275869039213.
[I 2026-04-20 21:03:21,343] Trial 7 finished with value: 2.2459874281640744 and parameters: {'max_depth': 6, 'learning_rate': 0.07228704086926539, 'n_estimators': 2569, 'subsample': 0.599743127948214, 'colsample_bytree': 0.4063861244928334, 'min_child_weight': 5, 'reg_alpha': 0.008559084725646026, 'reg_lambda': 0.1303090834365493, 'gamma': 0.0015461369237088375}. Best is trial 2 with value: 1.9171275869039213.
[I 2026-04-20 21:03:28,253] Trial 8 finished with value: 2.2640901066906354 and parameters: {'max_depth': 5, 'learning_rate': 0.027567069282843887, 'n_estimators': 3531, 'subsample': 0.5857684935682301, 'colsample_bytree': 0.513270768827284, 'min_child_weight': 4, 'reg_alpha': 0.23308678870481236, 'reg_lambda': 1.9641420218997103, 'gamma': 0.00019282321121037957}. Best is trial 2 with value: 1.9171275869039213.
[I 2026-04-20 21:03:32,092] Trial 9 finished with value: 2.1641868998153484 and parameters: {'max_depth': 4, 'learning_rate': 0.06159568226136884, 'n_estimators': 3879, 'subsample': 0.7350319787526765, 'colsample_bytree': 0.5089039066946938, 'min_child_weight': 4, 'reg_alpha': 0.007243534419142362, 'reg_lambda': 0.05613806220705424, 'gamma': 0.0017320620308127446}. Best is trial 2 with value: 1.9171275869039213.
[I 2026-04-20 21:03:39,444] Trial 10 finished with value: 2.455323941693405 and parameters: {'max_depth': 4, 'learning_rate': 0.02246733380319921, 'n_estimators': 4274, 'subsample': 0.7483645733407948, 'colsample_bytree': 0.4096983755549398, 'min_child_weight': 4, 'reg_alpha': 0.0015001495756831204, 'reg_lambda': 0.03150612788298289, 'gamma': 0.00031033745495943167}. Best is trial 2 with value: 1.9171275869039213.
[I 2026-04-20 21:03:48,098] Trial 11 finished with value: 1.8472635693991848 and parameters: {'max_depth': 7, 'learning_rate': 0.01848961944908057, 'n_estimators': 4016, 'subsample': 0.7993438846334375, 'colsample_bytree': 0.4362934727521956, 'min_child_weight': 5, 'reg_alpha': 0.001566327232551807, 'reg_lambda': 0.05232273932770756, 'gamma': 0.0004961703694329781}. Best is trial 11 with value: 1.8472635693991848.
[I 2026-04-20 21:03:55,484] Trial 12 finished with value: 2.2117934876823524 and parameters: {'max_depth': 7, 'learning_rate': 0.022640404530912938, 'n_estimators': 3753, 'subsample': 0.7686983260515641, 'colsample_bytree': 0.4156437145867745, 'min_child_weight': 7, 'reg_alpha': 0.0016869225408535536, 'reg_lambda': 0.05695835464845936, 'gamma': 0.0007089252766179525}. Best is trial 11 with value: 1.8472635693991848.
[I 2026-04-20 21:04:01,760] Trial 13 finished with value: 1.8661788237649986 and parameters: {'max_depth': 7, 'learning_rate': 0.022469312302243194, 'n_estimators': 4133, 'subsample': 0.7932089074768113, 'colsample_bytree': 0.4524961686445975, 'min_child_weight': 4, 'reg_alpha': 0.001582747780577811, 'reg_lambda': 0.07934560297431792, 'gamma': 0.0007444518724651676}. Best is trial 11 with value: 1.8472635693991848.
[I 2026-04-20 21:04:08,624] Trial 14 finished with value: 1.942051381096785 and parameters: {'max_depth': 6, 'learning_rate': 0.021175355783295255, 'n_estimators': 3541, 'subsample': 0.798101175276786, 'colsample_bytree': 0.45900986303553454, 'min_child_weight': 4, 'reg_alpha': 0.0011867538760910326, 'reg_lambda': 0.032161653746975764, 'gamma': 0.0014944771646412678}. Best is trial 11 with value: 1.8472635693991848.
[I 2026-04-20 21:04:15,600] Trial 15 finished with value: 1.847418589272555 and parameters: {'max_depth': 7, 'learning_rate': 0.019293888108626013, 'n_estimators': 4040, 'subsample': 0.6630664239636492, 'colsample_bytree': 0.4755778241391636, 'min_child_weight': 4, 'reg_alpha': 0.001338573403370821, 'reg_lambda': 0.0390097951055297, 'gamma': 0.00048015439655199306}. Best is trial 11 with value: 1.8472635693991848.
[I 2026-04-20 21:04:22,762] Trial 16 finished with value: 1.9544927199794262 and parameters: {'max_depth': 7, 'learning_rate': 0.021875807178922985, 'n_estimators': 4154, 'subsample': 0.6172912259811553, 'colsample_bytree': 0.45981322549777814, 'min_child_weight': 5, 'reg_alpha': 0.0032805907379140926, 'reg_lambda': 0.08709692681655942, 'gamma': 0.00038191817249641865}. Best is trial 11 with value: 1.8472635693991848.
[I 2026-04-20 21:04:28,521] Trial 17 finished with value: 1.896132710911223 and parameters: {'max_depth': 6, 'learning_rate': 0.028507637630779188, 'n_estimators': 4397, 'subsample': 0.6347150181187412, 'colsample_bytree': 0.534673208663669, 'min_child_weight': 4, 'reg_alpha': 0.0014341635322379386, 'reg_lambda': 0.030534539827225662, 'gamma': 0.0008656414731585232}. Best is trial 11 with value: 1.8472635693991848.
[I 2026-04-20 21:04:37,216] Trial 18 finished with value: 2.0500429231361705 and parameters: {'max_depth': 7, 'learning_rate': 0.018660408033035866, 'n_estimators': 2961, 'subsample': 0.7792943881982934, 'colsample_bytree': 0.4127191821751028, 'min_child_weight': 5, 'reg_alpha': 0.007430141058251507, 'reg_lambda': 0.3571023234091163, 'gamma': 0.00021345490270845252}. Best is trial 11 with value: 1.8472635693991848.
[I 2026-04-20 21:04:41,188] Trial 19 finished with value: 1.8516224128770382 and parameters: {'max_depth': 7, 'learning_rate': 0.02502697047496092, 'n_estimators': 4364, 'subsample': 0.7519117918873688, 'colsample_bytree': 0.5079931157741419, 'min_child_weight': 4, 'reg_alpha': 0.0185707848947749, 'reg_lambda': 0.06567789411575425, 'gamma': 0.00011466468117660146}. Best is trial 11 with value: 1.8472635693991848.
[I 2026-04-20 21:04:46,325] Trial 20 finished with value: 1.9447286145204266 and parameters: {'max_depth': 7, 'learning_rate': 0.03005025575143682, 'n_estimators': 3189, 'subsample': 0.7389321868912944, 'colsample_bytree': 0.5140652737172559, 'min_child_weight': 4, 'reg_alpha': 0.0027010541109308856, 'reg_lambda': 0.08235450005592833, 'gamma': 0.0003569818622234159}. Best is trial 11 with value: 1.8472635693991848.
[I 2026-04-20 21:04:55,067] Trial 21 finished with value: 1.8169474500696325 and parameters: {'max_depth': 6, 'learning_rate': 0.01854795983215447, 'n_estimators': 4487, 'subsample': 0.7509551404437173, 'colsample_bytree': 0.4969457513368402, 'min_child_weight': 4, 'reg_alpha': 0.04131752102562262, 'reg_lambda': 0.06916141087076631, 'gamma': 0.00016856305762263298}. Best is trial 21 with value: 1.8169474500696325.
[I 2026-04-20 21:05:03,826] Trial 22 finished with value: 2.0107085699979885 and parameters: {'max_depth': 6, 'learning_rate': 0.020201683774638466, 'n_estimators': 3949, 'subsample': 0.7898803351311933, 'colsample_bytree': 0.47486668019440736, 'min_child_weight': 6, 'reg_alpha': 0.05843407965021108, 'reg_lambda': 0.04434928229362493, 'gamma': 0.0002757096047290308}. Best is trial 21 with value: 1.8169474500696325.
[I 2026-04-20 21:05:13,205] Trial 23 finished with value: 2.0442053979216426 and parameters: {'max_depth': 5, 'learning_rate': 0.018830479116724044, 'n_estimators': 4009, 'subsample': 0.7558309788848118, 'colsample_bytree': 0.5036231800853387, 'min_child_weight': 4, 'reg_alpha': 0.19273470609181145, 'reg_lambda': 0.21010904876168707, 'gamma': 0.00011244989978621995}. Best is trial 21 with value: 1.8169474500696325.
[I 2026-04-20 21:05:17,685] Trial 24 finished with value: 1.8131922146987782 and parameters: {'max_depth': 7, 'learning_rate': 0.03243305531028862, 'n_estimators': 3804, 'subsample': 0.6460425933857308, 'colsample_bytree': 0.4625508786276422, 'min_child_weight': 4, 'reg_alpha': 0.0014805946600811263, 'reg_lambda': 0.03431904170641508, 'gamma': 0.0008038830997523497}. Best is trial 24 with value: 1.8131922146987782.
[I 2026-04-20 21:05:22,012] Trial 25 finished with value: 2.0357715952103614 and parameters: {'max_depth': 7, 'learning_rate': 0.0408219592100825, 'n_estimators': 3529, 'subsample': 0.6437324291648372, 'colsample_bytree': 0.4272510504068093, 'min_child_weight': 4, 'reg_alpha': 0.00348668272108426, 'reg_lambda': 0.13783730455608068, 'gamma': 0.0009430898466684958}. Best is trial 24 with value: 1.8131922146987782.
[I 2026-04-20 21:05:26,895] Trial 26 finished with value: 2.0980891881276262 and parameters: {'max_depth': 5, 'learning_rate': 0.03536222445223851, 'n_estimators': 3808, 'subsample': 0.6256280677287105, 'colsample_bytree': 0.46692006545038367, 'min_child_weight': 4, 'reg_alpha': 0.003618715505558109, 'reg_lambda': 0.04942222068380957, 'gamma': 0.0017797250638046896}. Best is trial 24 with value: 1.8131922146987782.
[I 2026-04-20 21:05:30,442] Trial 27 finished with value: 1.807046881564832 and parameters: {'max_depth': 7, 'learning_rate': 0.04590385485639568, 'n_estimators': 3503, 'subsample': 0.6361093137739674, 'colsample_bytree': 0.47592492766735606, 'min_child_weight': 5, 'reg_alpha': 0.0034189688297634824, 'reg_lambda': 0.054960105569183876, 'gamma': 0.0003637685962209681}. Best is trial 27 with value: 1.807046881564832.
[I 2026-04-20 21:05:33,867] Trial 28 finished with value: 1.9568188697553999 and parameters: {'max_depth': 7, 'learning_rate': 0.050617334389921526, 'n_estimators': 3690, 'subsample': 0.6299937755890198, 'colsample_bytree': 0.4818694780614157, 'min_child_weight': 6, 'reg_alpha': 0.008995346777158977, 'reg_lambda': 0.03651667479007718, 'gamma': 0.00020084946402557492}. Best is trial 27 with value: 1.807046881564832.
[I 2026-04-20 21:05:37,255] Trial 29 finished with value: 1.9533291359103433 and parameters: {'max_depth': 7, 'learning_rate': 0.05788073479048453, 'n_estimators': 3411, 'subsample': 0.5503046082463112, 'colsample_bytree': 0.48957398291930787, 'min_child_weight': 5, 'reg_alpha': 0.007920504952195212, 'reg_lambda': 0.12190250926618452, 'gamma': 0.001125542391616233}. Best is trial 27 with value: 1.807046881564832.
[I 2026-04-20 21:05:45,510] Trial 30 finished with value: 1.9159608699835686 and parameters: {'max_depth': 7, 'learning_rate': 0.018478104085110456, 'n_estimators': 4362, 'subsample': 0.7276708292726132, 'colsample_bytree': 0.4477863288279095, 'min_child_weight': 5, 'reg_alpha': 0.050144363163827886, 'reg_lambda': 0.15461473076938748, 'gamma': 0.0001263496463883793}. Best is trial 27 with value: 1.807046881564832.
[I 2026-04-20 21:05:49,684] Trial 31 finished with value: 1.8798200711423114 and parameters: {'max_depth': 7, 'learning_rate': 0.039299355808112814, 'n_estimators': 3627, 'subsample': 0.65354985902932, 'colsample_bytree': 0.46608386353085773, 'min_child_weight': 4, 'reg_alpha': 0.0019224739906413015, 'reg_lambda': 0.03158351584048968, 'gamma': 0.00029265728362042883}. Best is trial 27 with value: 1.807046881564832.
[I 2026-04-20 21:05:54,552] Trial 32 finished with value: 1.7934189561219216 and parameters: {'max_depth': 7, 'learning_rate': 0.037374559270345595, 'n_estimators': 2927, 'subsample': 0.5986664887429025, 'colsample_bytree': 0.5195729879447503, 'min_child_weight': 5, 'reg_alpha': 0.003068304877726243, 'reg_lambda': 0.05262852851848146, 'gamma': 0.0004082706046010022}. Best is trial 32 with value: 1.7934189561219216.
[I 2026-04-20 21:05:58,890] Trial 33 finished with value: 1.9259115831467597 and parameters: {'max_depth': 6, 'learning_rate': 0.039966233688326185, 'n_estimators': 2645, 'subsample': 0.6268360908855047, 'colsample_bytree': 0.525405879808253, 'min_child_weight': 5, 'reg_alpha': 0.002628523214349255, 'reg_lambda': 0.09960082213497176, 'gamma': 0.0003340351041827821}. Best is trial 32 with value: 1.7934189561219216.
[I 2026-04-20 21:06:05,287] Trial 34 finished with value: 1.9301021412287889 and parameters: {'max_depth': 7, 'learning_rate': 0.026290466694253292, 'n_estimators': 2979, 'subsample': 0.6136669895798947, 'colsample_bytree': 0.5133888675447016, 'min_child_weight': 6, 'reg_alpha': 0.002023389923369367, 'reg_lambda': 0.06304524904703375, 'gamma': 0.0009756062409119903}. Best is trial 32 with value: 1.7934189561219216.
[I 2026-04-20 21:06:10,656] Trial 35 finished with value: 1.8705417837039655 and parameters: {'max_depth': 6, 'learning_rate': 0.028921760277846216, 'n_estimators': 3247, 'subsample': 0.5713289996377612, 'colsample_bytree': 0.4826409232236248, 'min_child_weight': 4, 'reg_alpha': 0.0012276054321554881, 'reg_lambda': 0.14079497532835586, 'gamma': 0.00069646798028673}. Best is trial 32 with value: 1.7934189561219216.
[I 2026-04-20 21:06:14,982] Trial 36 finished with value: 1.9056224437837526 and parameters: {'max_depth': 7, 'learning_rate': 0.03898772858472858, 'n_estimators': 3556, 'subsample': 0.5685773008401276, 'colsample_bytree': 0.5263350559925877, 'min_child_weight': 4, 'reg_alpha': 0.0012241169999469702, 'reg_lambda': 0.14175570808382468, 'gamma': 0.00019926560886778137}. Best is trial 32 with value: 1.7934189561219216.
[I 2026-04-20 21:06:22,422] Trial 37 finished with value: 1.935104693506818 and parameters: {'max_depth': 6, 'learning_rate': 0.024417795663824755, 'n_estimators': 4347, 'subsample': 0.721369049037339, 'colsample_bytree': 0.5265144048278566, 'min_child_weight': 5, 'reg_alpha': 0.10868088429120205, 'reg_lambda': 0.22403999952647446, 'gamma': 0.0003888087524072909}. Best is trial 32 with value: 1.7934189561219216.
[I 2026-04-20 21:06:32,565] Trial 38 finished with value: 1.941878284938171 and parameters: {'max_depth': 6, 'learning_rate': 0.018151888722411375, 'n_estimators': 4473, 'subsample': 0.7479875234970735, 'colsample_bytree': 0.5149267793986806, 'min_child_weight': 4, 'reg_alpha': 0.10329063101111732, 'reg_lambda': 0.07607046141227941, 'gamma': 0.0003376698637990442}. Best is trial 32 with value: 1.7934189561219216.
[I 2026-04-20 21:06:37,594] Trial 39 finished with value: 1.80968313276867 and parameters: {'max_depth': 7, 'learning_rate': 0.035436013170393535, 'n_estimators': 2446, 'subsample': 0.6054521157571887, 'colsample_bytree': 0.46103099020831567, 'min_child_weight': 6, 'reg_alpha': 0.0049586007902542705, 'reg_lambda': 0.13490799139569545, 'gamma': 0.0002346759779029889}. Best is trial 32 with value: 1.7934189561219216.
[I 2026-04-20 21:06:43,917] Trial 40 finished with value: 1.9520817355268925 and parameters: {'max_depth': 7, 'learning_rate': 0.023249625143216438, 'n_estimators': 2693, 'subsample': 0.5984018498955672, 'colsample_bytree': 0.46403748995253324, 'min_child_weight': 6, 'reg_alpha': 0.004211473976665907, 'reg_lambda': 0.2309107837010013, 'gamma': 0.00011540120714949549}. Best is trial 32 with value: 1.7934189561219216.
[I 2026-04-20 21:06:48,660] Trial 41 finished with value: 1.8647534729500677 and parameters: {'max_depth': 7, 'learning_rate': 0.040333998042043614, 'n_estimators': 2410, 'subsample': 0.5911796847306786, 'colsample_bytree': 0.46180587618491153, 'min_child_weight': 6, 'reg_alpha': 0.004137344500695291, 'reg_lambda': 0.10866044406775788, 'gamma': 0.0007189357202688542}. Best is trial 32 with value: 1.7934189561219216.
[I 2026-04-20 21:06:51,945] Trial 42 finished with value: 2.2078504559677756 and parameters: {'max_depth': 7, 'learning_rate': 0.04920752655342632, 'n_estimators': 2489, 'subsample': 0.5879485600746955, 'colsample_bytree': 0.417459852937174, 'min_child_weight': 7, 'reg_alpha': 0.005221384617302598, 'reg_lambda': 0.20427658215709346, 'gamma': 0.0001291789968756198}. Best is trial 32 with value: 1.7934189561219216.
[I 2026-04-20 21:06:57,529] Trial 43 finished with value: 1.9590859945071117 and parameters: {'max_depth': 7, 'learning_rate': 0.024011875433708543, 'n_estimators': 3772, 'subsample': 0.6512592958470258, 'colsample_bytree': 0.4706148184929921, 'min_child_weight': 4, 'reg_alpha': 0.005476852637152553, 'reg_lambda': 0.05239982604950671, 'gamma': 0.002309235305183462}. Best is trial 32 with value: 1.7934189561219216.
[I 2026-04-20 21:07:01,691] Trial 44 finished with value: 1.9033530988416345 and parameters: {'max_depth': 7, 'learning_rate': 0.0471296178664355, 'n_estimators': 3346, 'subsample': 0.6292492612131195, 'colsample_bytree': 0.5131313162760732, 'min_child_weight': 5, 'reg_alpha': 0.0051002185040570445, 'reg_lambda': 0.05455899921476837, 'gamma': 0.0005533778983210798}. Best is trial 32 with value: 1.7934189561219216.
