[I 2026-04-20 21:07:06,311] Trial 45 finished with value: 1.982193187098598 and parameters: {'max_depth': 7, 'learning_rate': 0.04477717042862791, 'n_estimators': 2767, 'subsample': 0.590101027421575, 'colsample_bytree': 0.47105713377592606, 'min_child_weight': 6, 'reg_alpha': 0.015606966252433636, 'reg_lambda': 0.12016262317421675, 'gamma': 0.00022701386707829355}. Best is trial 32 with value: 1.7934189561219216.
[I 2026-04-20 21:07:11,136] Trial 46 finished with value: 1.9896748974200302 and parameters: {'max_depth': 7, 'learning_rate': 0.04284330257583638, 'n_estimators': 3076, 'subsample': 0.6989150708179349, 'colsample_bytree': 0.47792211423049125, 'min_child_weight': 6, 'reg_alpha': 0.0015978399579973498, 'reg_lambda': 0.26708340026260474, 'gamma': 0.00028228463969457096}. Best is trial 32 with value: 1.7934189561219216.
[I 2026-04-20 21:07:18,261] Trial 47 finished with value: 1.9819012218501926 and parameters: {'max_depth': 6, 'learning_rate': 0.022021704069422984, 'n_estimators': 4420, 'subsample': 0.7216208887574547, 'colsample_bytree': 0.47660453645275924, 'min_child_weight': 4, 'reg_alpha': 0.01950863463430093, 'reg_lambda': 0.08211559466672966, 'gamma': 0.00037322292294087193}. Best is trial 32 with value: 1.7934189561219216.
[I 2026-04-20 21:07:22,214] Trial 48 finished with value: 1.8721592059119885 and parameters: {'max_depth': 7, 'learning_rate': 0.03442299201066782, 'n_estimators': 4314, 'subsample': 0.6105666964132589, 'colsample_bytree': 0.4714695876949769, 'min_child_weight': 4, 'reg_alpha': 0.0012620187366365733, 'reg_lambda': 0.11339628002439875, 'gamma': 0.0011062098510568044}. Best is trial 32 with value: 1.7934189561219216.
[I 2026-04-20 21:07:26,793] Trial 49 finished with value: 1.8884849324145225 and parameters: {'max_depth': 7, 'learning_rate': 0.03814485695273165, 'n_estimators': 3585, 'subsample': 0.6206838284328811, 'colsample_bytree': 0.4603616079128592, 'min_child_weight': 5, 'reg_alpha': 0.0018126212984677945, 'reg_lambda': 0.03458406863866919, 'gamma': 0.001170726122926553}. Best is trial 32 with value: 1.7934189561219216.
[I 2026-04-20 21:07:32,386] Trial 50 finished with value: 2.015362592842672 and parameters: {'max_depth': 5, 'learning_rate': 0.031214979246870878, 'n_estimators': 2500, 'subsample': 0.6091001199735877, 'colsample_bytree': 0.4473067840967542, 'min_child_weight': 5, 'reg_alpha': 0.00416840877199822, 'reg_lambda': 0.056433422668778675, 'gamma': 0.0003021727496291602}. Best is trial 32 with value: 1.7934189561219216.
[I 2026-04-20 21:07:41,041] Trial 51 finished with value: 2.144656802297047 and parameters: {'max_depth': 7, 'learning_rate': 0.022055567720708665, 'n_estimators': 4344, 'subsample': 0.7725157251610936, 'colsample_bytree': 0.40789227171108866, 'min_child_weight': 7, 'reg_alpha': 0.0013572304518454225, 'reg_lambda': 0.12854119182642168, 'gamma': 0.00016164392110345604}. Best is trial 32 with value: 1.7934189561219216.
[I 2026-04-20 21:07:49,581] Trial 52 finished with value: 1.984965843702207 and parameters: {'max_depth': 7, 'learning_rate': 0.019592079628568643, 'n_estimators': 3671, 'subsample': 0.7984896150119343, 'colsample_bytree': 0.42795268913041934, 'min_child_weight': 4, 'reg_alpha': 0.0010754795290131704, 'reg_lambda': 0.09280309699705315, 'gamma': 0.0005951718936763966}. Best is trial 32 with value: 1.7934189561219216.
[I 2026-04-20 21:07:56,514] Trial 53 finished with value: 1.860097237538913 and parameters: {'max_depth': 6, 'learning_rate': 0.02170408708815487, 'n_estimators': 4430, 'subsample': 0.7714258314704748, 'colsample_bytree': 0.5073906721734062, 'min_child_weight': 5, 'reg_alpha': 0.015958968194782472, 'reg_lambda': 0.1351724884221137, 'gamma': 0.00019096963703235607}. Best is trial 32 with value: 1.7934189561219216.
[I 2026-04-20 21:08:04,100] Trial 54 finished with value: 1.9677323721055906 and parameters: {'max_depth': 7, 'learning_rate': 0.02125243843179031, 'n_estimators': 4109, 'subsample': 0.8013537998508431, 'colsample_bytree': 0.4584889854635709, 'min_child_weight': 5, 'reg_alpha': 0.003993796893669157, 'reg_lambda': 0.042153700931175854, 'gamma': 0.00026786858483776924}. Best is trial 32 with value: 1.7934189561219216.
[I 2026-04-20 21:08:11,064] Trial 55 finished with value: 1.9019727738212904 and parameters: {'max_depth': 7, 'learning_rate': 0.02600552403146234, 'n_estimators': 2536, 'subsample': 0.6127875756773065, 'colsample_bytree': 0.499472343861008, 'min_child_weight': 6, 'reg_alpha': 0.006224422264967254, 'reg_lambda': 0.03899154474496657, 'gamma': 0.0002195625010513026}. Best is trial 32 with value: 1.7934189561219216.
[I 2026-04-20 21:08:17,809] Trial 56 finished with value: 2.0127610352712813 and parameters: {'max_depth': 6, 'learning_rate': 0.023697458362168487, 'n_estimators': 4366, 'subsample': 0.7794522237103999, 'colsample_bytree': 0.4322443171651005, 'min_child_weight': 6, 'reg_alpha': 0.002099608022647311, 'reg_lambda': 0.2091934587098134, 'gamma': 0.0006249310436223113}. Best is trial 32 with value: 1.7934189561219216.
[I 2026-04-20 21:08:22,433] Trial 57 finished with value: 2.0180802015836234 and parameters: {'max_depth': 7, 'learning_rate': 0.0416043287953492, 'n_estimators': 3094, 'subsample': 0.5948181442781308, 'colsample_bytree': 0.4584533058192472, 'min_child_weight': 5, 'reg_alpha': 0.0016416528107973565, 'reg_lambda': 0.11583766429216409, 'gamma': 0.00015259174300801348}. Best is trial 32 with value: 1.7934189561219216.
[I 2026-04-20 21:08:29,626] Trial 58 finished with value: 2.130863731185873 and parameters: {'max_depth': 7, 'learning_rate': 0.021640353868028997, 'n_estimators': 2413, 'subsample': 0.6673543004258877, 'colsample_bytree': 0.40421037575652485, 'min_child_weight': 6, 'reg_alpha': 0.014221389869249897, 'reg_lambda': 0.12863692632789556, 'gamma': 0.000237845782604789}. Best is trial 32 with value: 1.7934189561219216.
[I 2026-04-20 21:08:35,597] Trial 59 finished with value: 2.2319731319927203 and parameters: {'max_depth': 7, 'learning_rate': 0.026191881743393902, 'n_estimators': 2393, 'subsample': 0.5929412344334137, 'colsample_bytree': 0.42234502869106283, 'min_child_weight': 6, 'reg_alpha': 0.0020044483578636513, 'reg_lambda': 0.3876785261785218, 'gamma': 0.00039318569203158275}. Best is trial 32 with value: 1.7934189561219216.
[I 2026-04-20 21:08:43,136] Trial 60 finished with value: 1.9718967589930458 and parameters: {'max_depth': 6, 'learning_rate': 0.020941600479817704, 'n_estimators': 3681, 'subsample': 0.6916012440381771, 'colsample_bytree': 0.5114421674051167, 'min_child_weight': 4, 'reg_alpha': 0.02880660116318346, 'reg_lambda': 0.06005653162604863, 'gamma': 0.00014772971261281555}. Best is trial 32 with value: 1.7934189561219216.
[I 2026-04-20 21:08:50,253] Trial 61 finished with value: 1.8638334820724975 and parameters: {'max_depth': 7, 'learning_rate': 0.021453009070493977, 'n_estimators': 4128, 'subsample': 0.640040973118191, 'colsample_bytree': 0.5108975437621028, 'min_child_weight': 4, 'reg_alpha': 0.0011854965790015885, 'reg_lambda': 0.1274307044240016, 'gamma': 0.00047469867254234746}. Best is trial 32 with value: 1.7934189561219216.
[I 2026-04-20 21:08:56,266] Trial 62 finished with value: 1.8385785303482496 and parameters: {'max_depth': 7, 'learning_rate': 0.023319483956156798, 'n_estimators': 3871, 'subsample': 0.7294545745014348, 'colsample_bytree': 0.4858329252590299, 'min_child_weight': 4, 'reg_alpha': 0.0018097594386026219, 'reg_lambda': 0.04877902725608018, 'gamma': 0.0002938249147757321}. Best is trial 32 with value: 1.7934189561219216.
[I 2026-04-20 21:09:02,416] Trial 63 finished with value: 2.0444631982074886 and parameters: {'max_depth': 7, 'learning_rate': 0.030873325470799764, 'n_estimators': 4215, 'subsample': 0.7175332834350749, 'colsample_bytree': 0.42350482768852177, 'min_child_weight': 5, 'reg_alpha': 0.004241980340762377, 'reg_lambda': 0.03741640162805308, 'gamma': 0.0004047675388077439}. Best is trial 32 with value: 1.7934189561219216.
[I 2026-04-20 21:09:09,760] Trial 64 finished with value: 1.8203297712130202 and parameters: {'max_depth': 7, 'learning_rate': 0.018334804765851687, 'n_estimators': 3647, 'subsample': 0.7604342815318977, 'colsample_bytree': 0.48719697578525817, 'min_child_weight': 4, 'reg_alpha': 0.0015575499140735743, 'reg_lambda': 0.04482361384112266, 'gamma': 0.00037191246037227195}. Best is trial 32 with value: 1.7934189561219216.
[I 2026-04-20 21:09:17,020] Trial 65 finished with value: 1.995772313165525 and parameters: {'max_depth': 6, 'learning_rate': 0.020161154485257224, 'n_estimators': 3335, 'subsample': 0.7753532187791, 'colsample_bytree': 0.5004187474881532, 'min_child_weight': 4, 'reg_alpha': 0.0015156167990844627, 'reg_lambda': 0.03994452129446587, 'gamma': 0.0003448157799515994}. Best is trial 32 with value: 1.7934189561219216.
[I 2026-04-20 21:09:24,204] Trial 66 finished with value: 1.8989612349029499 and parameters: {'max_depth': 7, 'learning_rate': 0.01887765784456325, 'n_estimators': 3604, 'subsample': 0.7462287628142278, 'colsample_bytree': 0.4850691621154825, 'min_child_weight': 4, 'reg_alpha': 0.0010323780331030553, 'reg_lambda': 0.08747614848547512, 'gamma': 0.0003113228696803939}. Best is trial 32 with value: 1.7934189561219216.
[I 2026-04-20 21:09:29,060] Trial 67 finished with value: 1.8626528371938575 and parameters: {'max_depth': 7, 'learning_rate': 0.03724803150332906, 'n_estimators': 2420, 'subsample': 0.5705956669673439, 'colsample_bytree': 0.4447337733994119, 'min_child_weight': 6, 'reg_alpha': 0.006350875182645891, 'reg_lambda': 0.04434398324412217, 'gamma': 0.00019247081034685766}. Best is trial 32 with value: 1.7934189561219216.
[I 2026-04-20 21:09:34,860] Trial 68 finished with value: 1.9179798282439617 and parameters: {'max_depth': 6, 'learning_rate': 0.0336211513697266, 'n_estimators': 3945, 'subsample': 0.7136709032287454, 'colsample_bytree': 0.4914769604903587, 'min_child_weight': 5, 'reg_alpha': 0.0016423518093867477, 'reg_lambda': 0.04694535145119737, 'gamma': 0.0003151539449483876}. Best is trial 32 with value: 1.7934189561219216.
[I 2026-04-20 21:09:38,713] Trial 69 finished with value: 1.8417808758317826 and parameters: {'max_depth': 6, 'learning_rate': 0.06193878647912807, 'n_estimators': 3445, 'subsample': 0.6796551112700622, 'colsample_bytree': 0.49732029840472425, 'min_child_weight': 4, 'reg_alpha': 0.03001474467694639, 'reg_lambda': 0.14122860905116796, 'gamma': 0.00020959653062840042}. Best is trial 32 with value: 1.7934189561219216.
[I 2026-04-20 21:09:44,521] Trial 70 finished with value: 1.9519193186579096 and parameters: {'max_depth': 7, 'learning_rate': 0.02804238200301414, 'n_estimators': 4449, 'subsample': 0.7484613915772609, 'colsample_bytree': 0.5148807460134764, 'min_child_weight': 4, 'reg_alpha': 0.004096193503058535, 'reg_lambda': 0.07457489904207122, 'gamma': 0.0005945507953407813}. Best is trial 32 with value: 1.7934189561219216.
[I 2026-04-20 21:09:47,777] Trial 71 finished with value: 1.9045790729056997 and parameters: {'max_depth': 5, 'learning_rate': 0.06294041602086478, 'n_estimators': 3564, 'subsample': 0.7062736398669499, 'colsample_bytree': 0.4671367422238042, 'min_child_weight': 4, 'reg_alpha': 0.026125270658081044, 'reg_lambda': 0.07804748565399999, 'gamma': 0.0001340645655182163}. Best is trial 32 with value: 1.7934189561219216.
[I 2026-04-20 21:09:50,702] Trial 72 finished with value: 1.6909501842392765 and parameters: {'max_depth': 6, 'learning_rate': 0.0693707053201869, 'n_estimators': 2985, 'subsample': 0.6574428173076157, 'colsample_bytree': 0.5093267416006296, 'min_child_weight': 4, 'reg_alpha': 0.020930431444886072, 'reg_lambda': 0.1929619606042953, 'gamma': 0.0001330817091858578}. Best is trial 72 with value: 1.6909501842392765.
[I 2026-04-20 21:09:54,048] Trial 73 finished with value: 2.064251543215899 and parameters: {'max_depth': 4, 'learning_rate': 0.06788039348294399, 'n_estimators': 2886, 'subsample': 0.6828353477134672, 'colsample_bytree': 0.5359761332814778, 'min_child_weight': 5, 'reg_alpha': 0.06872391430805114, 'reg_lambda': 0.4029061158678686, 'gamma': 0.0001393774964315088}. Best is trial 72 with value: 1.6909501842392765.
[I 2026-04-20 21:09:57,029] Trial 74 finished with value: 1.9796795486740215 and parameters: {'max_depth': 6, 'learning_rate': 0.0656338367856758, 'n_estimators': 2888, 'subsample': 0.6066166179679158, 'colsample_bytree': 0.5268313108127841, 'min_child_weight': 4, 'reg_alpha': 0.029417992781949252, 'reg_lambda': 0.5620678704585013, 'gamma': 0.00018802722458763398}. Best is trial 72 with value: 1.6909501842392765.
[I 2026-04-20 21:09:59,885] Trial 75 finished with value: 2.1117296420164338 and parameters: {'max_depth': 5, 'learning_rate': 0.0782533924643266, 'n_estimators': 2624, 'subsample': 0.6842476491486845, 'colsample_bytree': 0.5261019501499747, 'min_child_weight': 4, 'reg_alpha': 0.01116540699786928, 'reg_lambda': 0.07699307684717759, 'gamma': 0.00016431755742832033}. Best is trial 72 with value: 1.6909501842392765.
[I 2026-04-20 21:10:03,525] Trial 76 finished with value: 1.888940735064672 and parameters: {'max_depth': 6, 'learning_rate': 0.05793571391068111, 'n_estimators': 2396, 'subsample': 0.7355847714026206, 'colsample_bytree': 0.46413590351066103, 'min_child_weight': 4, 'reg_alpha': 0.04713787606162369, 'reg_lambda': 0.23051029821782312, 'gamma': 0.00012255432392307053}. Best is trial 72 with value: 1.6909501842392765.
[I 2026-04-20 21:10:07,363] Trial 77 finished with value: 1.9250420922987774 and parameters: {'max_depth': 7, 'learning_rate': 0.04124313437039843, 'n_estimators': 3047, 'subsample': 0.5810840056067003, 'colsample_bytree': 0.5228549333699344, 'min_child_weight': 6, 'reg_alpha': 0.006955232633288036, 'reg_lambda': 0.031031368664058995, 'gamma': 0.00020436307632092391}. Best is trial 72 with value: 1.6909501842392765.
[I 2026-04-20 21:10:12,212] Trial 78 finished with value: 2.0232855543725434 and parameters: {'max_depth': 7, 'learning_rate': 0.03729739462623447, 'n_estimators': 2848, 'subsample': 0.5715745458071709, 'colsample_bytree': 0.5065783637412788, 'min_child_weight': 5, 'reg_alpha': 0.002017045062404292, 'reg_lambda': 0.036880839726389836, 'gamma': 0.0007774412576818444}. Best is trial 72 with value: 1.6909501842392765.
[I 2026-04-20 21:10:19,470] Trial 79 finished with value: 2.0129600780494457 and parameters: {'max_depth': 6, 'learning_rate': 0.02159844048583265, 'n_estimators': 4377, 'subsample': 0.7592754489709728, 'colsample_bytree': 0.48844870180110067, 'min_child_weight': 5, 'reg_alpha': 0.08219250864504953, 'reg_lambda': 0.0473184329030495, 'gamma': 0.00013413979409090284}. Best is trial 72 with value: 1.6909501842392765.
[I 2026-04-20 21:10:24,117] Trial 80 finished with value: 1.8889094418304733 and parameters: {'max_depth': 7, 'learning_rate': 0.03730174441827771, 'n_estimators': 3822, 'subsample': 0.7327540009398004, 'colsample_bytree': 0.4834012907226246, 'min_child_weight': 4, 'reg_alpha': 0.0011243241938674645, 'reg_lambda': 0.04382167071804412, 'gamma': 0.0010143964330370009}. Best is trial 72 with value: 1.6909501842392765.
[I 2026-04-20 21:10:28,031] Trial 81 finished with value: 1.9014271247697039 and parameters: {'max_depth': 6, 'learning_rate': 0.055844162293782564, 'n_estimators': 4281, 'subsample': 0.7085758025878343, 'colsample_bytree': 0.5318740424791255, 'min_child_weight': 5, 'reg_alpha': 0.01106177601264856, 'reg_lambda': 0.21586702488515438, 'gamma': 0.00028652977459040125}. Best is trial 72 with value: 1.6909501842392765.
[I 2026-04-20 21:10:31,505] Trial 82 finished with value: 2.0447642893422207 and parameters: {'max_depth': 6, 'learning_rate': 0.06135349785461601, 'n_estimators': 3535, 'subsample': 0.6915058961674561, 'colsample_bytree': 0.5135261885891017, 'min_child_weight': 4, 'reg_alpha': 0.12397944860041393, 'reg_lambda': 0.18216084483170733, 'gamma': 0.00010220283374118386}. Best is trial 72 with value: 1.6909501842392765.
[I 2026-04-20 21:10:34,291] Trial 83 finished with value: 1.8855134831009575 and parameters: {'max_depth': 7, 'learning_rate': 0.07178139821056999, 'n_estimators': 2711, 'subsample': 0.6982389131593203, 'colsample_bytree': 0.4911625532880468, 'min_child_weight': 4, 'reg_alpha': 0.007169055059781211, 'reg_lambda': 0.08219870867826849, 'gamma': 0.00021228685982197955}. Best is trial 72 with value: 1.6909501842392765.
[I 2026-04-20 21:10:37,473] Trial 84 finished with value: 1.8532650183217012 and parameters: {'max_depth': 7, 'learning_rate': 0.07667956622682935, 'n_estimators': 3384, 'subsample': 0.6604692544020052, 'colsample_bytree': 0.4727623579661987, 'min_child_weight': 6, 'reg_alpha': 0.005258875686408067, 'reg_lambda': 0.07936250342232849, 'gamma': 0.0006051470758691003}. Best is trial 72 with value: 1.6909501842392765.
[I 2026-04-20 21:10:40,954] Trial 85 finished with value: 2.188063372065767 and parameters: {'max_depth': 5, 'learning_rate': 0.05476240398631277, 'n_estimators': 3274, 'subsample': 0.6674539421202202, 'colsample_bytree': 0.5155039017896412, 'min_child_weight': 5, 'reg_alpha': 0.009803304277844609, 'reg_lambda': 0.3354560120501447, 'gamma': 0.0007009781419859468}. Best is trial 72 with value: 1.6909501842392765.
[I 2026-04-20 21:10:46,703] Trial 86 finished with value: 1.8261392120702886 and parameters: {'max_depth': 7, 'learning_rate': 0.024104343572538673, 'n_estimators': 3746, 'subsample': 0.6957754399440959, 'colsample_bytree': 0.4884118381276492, 'min_child_weight': 4, 'reg_alpha': 0.0018856553820762454, 'reg_lambda': 0.03004099477077772, 'gamma': 0.000504007068550909}. Best is trial 72 with value: 1.6909501842392765.
[I 2026-04-20 21:10:52,304] Trial 87 finished with value: 1.9293268285460783 and parameters: {'max_depth': 7, 'learning_rate': 0.019979929751961636, 'n_estimators': 3548, 'subsample': 0.678261758106392, 'colsample_bytree': 0.5094273485655092, 'min_child_weight': 5, 'reg_alpha': 0.0030625087584567356, 'reg_lambda': 0.06675758920293011, 'gamma': 0.0003724263006788336}. Best is trial 72 with value: 1.6909501842392765.
[I 2026-04-20 21:10:59,036] Trial 88 finished with value: 1.8974320631420334 and parameters: {'max_depth': 6, 'learning_rate': 0.026303767174289814, 'n_estimators': 4021, 'subsample': 0.6898532486813309, 'colsample_bytree': 0.4798249713690874, 'min_child_weight': 4, 'reg_alpha': 0.0023688345494578913, 'reg_lambda': 0.0549192325163528, 'gamma': 0.000781248288903642}. Best is trial 72 with value: 1.6909501842392765.
[I 2026-04-20 21:11:04,238] Trial 89 finished with value: 1.9764257047404463 and parameters: {'max_depth': 6, 'learning_rate': 0.03175202076915875, 'n_estimators': 2580, 'subsample': 0.6414761107021788, 'colsample_bytree': 0.4627854003241776, 'min_child_weight': 7, 'reg_alpha': 0.0014344000396349814, 'reg_lambda': 0.12963429621057898, 'gamma': 0.00016915515621553645}. Best is trial 72 with value: 1.6909501842392765.
[I 2026-04-20 21:11:07,128] Trial 90 finished with value: 1.974967472254324 and parameters: {'max_depth': 6, 'learning_rate': 0.07687713983783054, 'n_estimators': 3234, 'subsample': 0.6664342233482817, 'colsample_bytree': 0.47923348373042346, 'min_child_weight': 5, 'reg_alpha': 0.024337719802310476, 'reg_lambda': 0.4495379066371489, 'gamma': 0.00011445801261870364}. Best is trial 72 with value: 1.6909501842392765.
[I 2026-04-20 21:11:13,657] Trial 91 finished with value: 2.524666115900275 and parameters: {'max_depth': 4, 'learning_rate': 0.025463777013162894, 'n_estimators': 3959, 'subsample': 0.5509273766413837, 'colsample_bytree': 0.4147031704822998, 'min_child_weight': 5, 'reg_alpha': 0.05899826518688022, 'reg_lambda': 0.27492264472034117, 'gamma': 0.0003840423171853655}. Best is trial 72 with value: 1.6909501842392765.
[I 2026-04-20 21:11:18,924] Trial 92 finished with value: 1.834753303109336 and parameters: {'max_depth': 6, 'learning_rate': 0.037105322664664625, 'n_estimators': 3632, 'subsample': 0.6619282846201454, 'colsample_bytree': 0.48213830418878534, 'min_child_weight': 4, 'reg_alpha': 0.042535645480204574, 'reg_lambda': 0.22955325730734832, 'gamma': 0.0006124058498938832}. Best is trial 72 with value: 1.6909501842392765.
[I 2026-04-20 21:11:22,518] Trial 93 finished with value: 1.9941937864087502 and parameters: {'max_depth': 5, 'learning_rate': 0.051173227443054976, 'n_estimators': 3099, 'subsample': 0.6400598876098579, 'colsample_bytree': 0.4677613220937121, 'min_child_weight': 5, 'reg_alpha': 0.09512763040601808, 'reg_lambda': 0.06658138637215816, 'gamma': 0.0009002532815473129}. Best is trial 72 with value: 1.6909501842392765.
[I 2026-04-20 21:11:27,882] Trial 94 finished with value: 1.8321245723711772 and parameters: {'max_depth': 7, 'learning_rate': 0.0360521667706163, 'n_estimators': 2447, 'subsample': 0.5953152522580866, 'colsample_bytree': 0.4807570766696011, 'min_child_weight': 6, 'reg_alpha': 0.004568738455392108, 'reg_lambda': 0.5485497251242956, 'gamma': 0.0002883763721116184}. Best is trial 72 with value: 1.6909501842392765.
[I 2026-04-20 21:11:33,527] Trial 95 finished with value: 1.8561439376248596 and parameters: {'max_depth': 6, 'learning_rate': 0.03006165961295948, 'n_estimators': 3709, 'subsample': 0.6392146246800093, 'colsample_bytree': 0.5155131501697943, 'min_child_weight': 4, 'reg_alpha': 0.029923431608404088, 'reg_lambda': 0.22789374498606788, 'gamma': 0.0006186347667278047}. Best is trial 72 with value: 1.6909501842392765.
[I 2026-04-20 21:11:38,564] Trial 96 finished with value: 1.8547229121101527 and parameters: {'max_depth': 6, 'learning_rate': 0.03646748438020557, 'n_estimators': 3663, 'subsample': 0.725383387151841, 'colsample_bytree': 0.46788790464776164, 'min_child_weight': 5, 'reg_alpha': 0.05038526583446549, 'reg_lambda': 0.05284093248863333, 'gamma': 0.0006379732312370584}. Best is trial 72 with value: 1.6909501842392765.
