2026-04-20 20:48:45,038 - __main__ - INFO - ================================================================================
2026-04-20 20:48:45,038 - __main__ - INFO - CFST XGBOOST PIPELINE - TRAINING STARTED
2026-04-20 20:48:45,038 - __main__ - INFO - ================================================================================
2026-04-20 20:48:45,038 - __main__ - INFO - Step 1: Loading configuration...
2026-04-20 20:48:45,062 - __main__ - INFO - Configuration loaded from /home/thelya/Work/CFST_Alchemy_Lab/cfst_predictitor/config/experiments/compact_group_C.yaml
2026-04-20 20:48:45,062 - __main__ - INFO - Output directory: output/compact_group_C_optuna100
2026-04-20 20:48:45,062 - __main__ - INFO - Data file: data/processed/final_feature_parameters_raw.csv
2026-04-20 20:48:45,062 - __main__ - INFO - Target column: Nexp (kN)
2026-04-20 20:48:45,062 - __main__ - INFO - Columns to drop: ['b (mm)', 'h (mm)', 't (mm)', 'R (%)', 'L (mm)', 'e1 (mm)', 'e2 (mm)', 'r0/h', 'b/t', 'Ac (mm^2)', 'As (mm^2)', 'xi', 'sigma_re (MPa)', 'lambda', 'e/h', 'e1/e2', 'Npl (kN)', 'L/h', 'axial_flag', 'section_family']
2026-04-20 20:48:45,062 - __main__ - INFO - Target transform enabled: log
2026-04-20 20:48:45,062 - __main__ - INFO - Optuna RMSE metric space: original
2026-04-20 20:48:45,062 - __main__ - INFO - Cross-validation RMSE metric space: original
2026-04-20 20:48:45,062 - __main__ - INFO - Data split strategy: regression_stratified
2026-04-20 20:48:45,062 - __main__ - INFO - Target mode: eta_u_over_npl
2026-04-20 20:48:45,062 - __main__ - INFO - KeML residual split enabled: True
2026-04-20 20:48:45,066 - __main__ - INFO - Training context hash: 1c6f86baa3f9
2026-04-20 20:48:45,067 - __main__ - INFO - Optuna strategy version: centered_v4_stratified_consistent_cv
2026-04-20 20:48:45,067 - __main__ - INFO - Optuna tuning fingerprint: 113ac7dc92
2026-04-20 20:48:45,067 - __main__ - INFO - Optuna study name: xgboost_optimization__final_feature_parameters_raw__1c6f86baa3f9__113ac7dc92
2026-04-20 20:48:45,067 - __main__ - INFO - 
Step 2: Loading data...
2026-04-20 20:48:45,123 - __main__ - INFO - Data loaded: 7901 samples, 29 features
2026-04-20 20:48:45,123 - __main__ - INFO - 
Step 2.5: Splitting data into train/test sets...
2026-04-20 20:48:45,147 - __main__ - INFO - Regression stratification enabled: 30 strata, min_count=37, required>=12
2026-04-20 20:48:45,159 - __main__ - INFO - Training set: 6320 samples (80%)
2026-04-20 20:48:45,160 - __main__ - INFO - Test set: 1581 samples (20%)
2026-04-20 20:48:45,160 - __main__ - INFO - 
Step 3: Preparing model selection and final retraining...
2026-04-20 20:48:45,160 - __main__ - INFO - Starting Optuna hyperparameter optimization...
/home/thelya/miniconda3/lib/python3.13/site-packages/optuna/_experimental.py:32: ExperimentalWarning: Argument ``multivariate`` is an experimental feature. The interface can change in the future.
  warnings.warn(
[I 2026-04-20 20:48:45,761] A new study created in RDB with name: xgboost_optimization__final_feature_parameters_raw__1c6f86baa3f9__113ac7dc92
[I 2026-04-20 20:48:51,030] Trial 0 finished with value: 1.854126973461608 and parameters: {'max_depth': 5, 'learning_rate': 0.0451669400461485, 'n_estimators': 3970, 'subsample': 0.7238136617365515, 'colsample_bytree': 0.4212006920305448, 'min_child_weight': 4, 'reg_alpha': 0.012529841627285286, 'reg_lambda': 0.44957639473634237, 'gamma': 0.00013613870646182803}. Best is trial 0 with value: 1.854126973461608.
[I 2026-04-20 20:48:55,091] Trial 1 finished with value: 1.854480860702322 and parameters: {'max_depth': 5, 'learning_rate': 0.07549168905879482, 'n_estimators': 3933, 'subsample': 0.7019477020037033, 'colsample_bytree': 0.42202994000013677, 'min_child_weight': 4, 'reg_alpha': 0.0013782917830697005, 'reg_lambda': 3.2667554846510423, 'gamma': 0.0007287977514997103}. Best is trial 0 with value: 1.854126973461608.
[I 2026-04-20 20:49:03,607] Trial 2 finished with value: 1.9234887388554605 and parameters: {'max_depth': 6, 'learning_rate': 0.018634884688925855, 'n_estimators': 4437, 'subsample': 0.7612853148471999, 'colsample_bytree': 0.429982429372923, 'min_child_weight': 4, 'reg_alpha': 0.0027541205130458403, 'reg_lambda': 0.15572040565218667, 'gamma': 0.000566280458042766}. Best is trial 0 with value: 1.854126973461608.
[I 2026-04-20 20:49:10,878] Trial 3 finished with value: 2.207412373224412 and parameters: {'max_depth': 5, 'learning_rate': 0.027997237357277414, 'n_estimators': 3678, 'subsample': 0.5854054475618631, 'colsample_bytree': 0.4412510265461931, 'min_child_weight': 5, 'reg_alpha': 0.012419403968720944, 'reg_lambda': 2.1066355622104393, 'gamma': 0.00019343461646024662}. Best is trial 0 with value: 1.854126973461608.
[I 2026-04-20 20:49:16,310] Trial 4 finished with value: 2.038736797932559 and parameters: {'max_depth': 6, 'learning_rate': 0.04404060437093783, 'n_estimators': 2480, 'subsample': 0.7042031835302949, 'colsample_bytree': 0.4240781242725478, 'min_child_weight': 4, 'reg_alpha': 0.18895275548536924, 'reg_lambda': 5.598285314544042, 'gamma': 0.001445638096171729}. Best is trial 0 with value: 1.854126973461608.
[I 2026-04-20 20:49:24,880] Trial 5 finished with value: 2.2223811595594802 and parameters: {'max_depth': 5, 'learning_rate': 0.02092576325409508, 'n_estimators': 3831, 'subsample': 0.6617167161585228, 'colsample_bytree': 0.41723188321426896, 'min_child_weight': 6, 'reg_alpha': 0.0012091974490159082, 'reg_lambda': 4.126670509211744, 'gamma': 0.00023515395066846373}. Best is trial 0 with value: 1.854126973461608.
[I 2026-04-20 20:49:32,859] Trial 6 finished with value: 2.037331570090993 and parameters: {'max_depth': 6, 'learning_rate': 0.028873154584679928, 'n_estimators': 3484, 'subsample': 0.6887625379091308, 'colsample_bytree': 0.426101577045134, 'min_child_weight': 8, 'reg_alpha': 0.07236435782645846, 'reg_lambda': 4.859428845881304, 'gamma': 0.0019234798526789297}. Best is trial 0 with value: 1.854126973461608.
[I 2026-04-20 20:49:36,011] Trial 7 finished with value: 1.9624580279436592 and parameters: {'max_depth': 6, 'learning_rate': 0.07228704086926539, 'n_estimators': 2569, 'subsample': 0.599743127948214, 'colsample_bytree': 0.4063861244928334, 'min_child_weight': 5, 'reg_alpha': 0.008559084725646026, 'reg_lambda': 0.1303090834365493, 'gamma': 0.0015461369237088375}. Best is trial 0 with value: 1.854126973461608.
[I 2026-04-20 20:49:42,972] Trial 8 finished with value: 2.2456414140676433 and parameters: {'max_depth': 5, 'learning_rate': 0.027567069282843887, 'n_estimators': 3531, 'subsample': 0.5857684935682301, 'colsample_bytree': 0.513270768827284, 'min_child_weight': 4, 'reg_alpha': 0.23308678870481236, 'reg_lambda': 1.9641420218997103, 'gamma': 0.00019282321121037957}. Best is trial 0 with value: 1.854126973461608.
[I 2026-04-20 20:49:46,694] Trial 9 finished with value: 2.10834527621383 and parameters: {'max_depth': 4, 'learning_rate': 0.06159568226136884, 'n_estimators': 3879, 'subsample': 0.7350319787526765, 'colsample_bytree': 0.5089039066946938, 'min_child_weight': 4, 'reg_alpha': 0.007243534419142362, 'reg_lambda': 0.05613806220705424, 'gamma': 0.0017320620308127446}. Best is trial 0 with value: 1.854126973461608.
[I 2026-04-20 20:49:50,854] Trial 10 finished with value: 2.302092631362739 and parameters: {'max_depth': 4, 'learning_rate': 0.049530379031042335, 'n_estimators': 4089, 'subsample': 0.7080341394846866, 'colsample_bytree': 0.4356281374922476, 'min_child_weight': 4, 'reg_alpha': 0.07953801840319578, 'reg_lambda': 0.8656243461341854, 'gamma': 0.00018320475477011334}. Best is trial 0 with value: 1.854126973461608.
[I 2026-04-20 20:49:56,066] Trial 11 finished with value: 2.176414834350305 and parameters: {'max_depth': 4, 'learning_rate': 0.05544239958467797, 'n_estimators': 3845, 'subsample': 0.7024288482677324, 'colsample_bytree': 0.4257282982586199, 'min_child_weight': 5, 'reg_alpha': 0.002524808416317674, 'reg_lambda': 3.833119952852331, 'gamma': 0.0007163314767058453}. Best is trial 0 with value: 1.854126973461608.
[I 2026-04-20 20:50:01,241] Trial 12 finished with value: 1.8333014852606948 and parameters: {'max_depth': 5, 'learning_rate': 0.03838158545224848, 'n_estimators': 3649, 'subsample': 0.7029152745453364, 'colsample_bytree': 0.4256753186501845, 'min_child_weight': 4, 'reg_alpha': 0.003521100643904826, 'reg_lambda': 0.1447378863056579, 'gamma': 0.00016275693798866643}. Best is trial 12 with value: 1.8333014852606948.
[I 2026-04-20 20:50:06,223] Trial 13 finished with value: 1.8854989444454198 and parameters: {'max_depth': 5, 'learning_rate': 0.03903008943419408, 'n_estimators': 3261, 'subsample': 0.7359832556560318, 'colsample_bytree': 0.4719546136877717, 'min_child_weight': 4, 'reg_alpha': 0.0024841244316529043, 'reg_lambda': 0.0893324024369205, 'gamma': 0.00025156437169710595}. Best is trial 12 with value: 1.8333014852606948.
[I 2026-04-20 20:50:12,134] Trial 14 finished with value: 1.7997842930190515 and parameters: {'max_depth': 6, 'learning_rate': 0.03387638327880294, 'n_estimators': 4491, 'subsample': 0.7570259350679751, 'colsample_bytree': 0.4512182464274794, 'min_child_weight': 5, 'reg_alpha': 0.00846309022551287, 'reg_lambda': 0.8747138232327115, 'gamma': 0.00014059481859449497}. Best is trial 14 with value: 1.7997842930190515.
[I 2026-04-20 20:50:21,114] Trial 15 finished with value: 1.8132181614353833 and parameters: {'max_depth': 7, 'learning_rate': 0.018666853109968105, 'n_estimators': 4415, 'subsample': 0.7963900534121904, 'colsample_bytree': 0.44344768017092495, 'min_child_weight': 6, 'reg_alpha': 0.01260820759909098, 'reg_lambda': 1.709687005498803, 'gamma': 0.00022979943878145368}. Best is trial 14 with value: 1.7997842930190515.
[I 2026-04-20 20:50:33,570] Trial 16 finished with value: 1.7262718552844862 and parameters: {'max_depth': 7, 'learning_rate': 0.01921243184801904, 'n_estimators': 4350, 'subsample': 0.7769817914499593, 'colsample_bytree': 0.46473598901333296, 'min_child_weight': 6, 'reg_alpha': 0.007798785755277504, 'reg_lambda': 5.129265230377852, 'gamma': 0.00041334131610239286}. Best is trial 16 with value: 1.7262718552844862.
[I 2026-04-20 20:50:43,052] Trial 17 finished with value: 1.811819621321964 and parameters: {'max_depth': 7, 'learning_rate': 0.023678833886054813, 'n_estimators': 4218, 'subsample': 0.7330478913989783, 'colsample_bytree': 0.5372078491397003, 'min_child_weight': 7, 'reg_alpha': 0.019182324473671217, 'reg_lambda': 4.20295279123469, 'gamma': 0.0003607791119550651}. Best is trial 16 with value: 1.7262718552844862.
[I 2026-04-20 20:50:50,490] Trial 18 finished with value: 1.866597281255422 and parameters: {'max_depth': 7, 'learning_rate': 0.029039267206575722, 'n_estimators': 4035, 'subsample': 0.7849269880646527, 'colsample_bytree': 0.45888342268481364, 'min_child_weight': 8, 'reg_alpha': 0.009667525275935746, 'reg_lambda': 3.482741848728301, 'gamma': 0.0008335396516793564}. Best is trial 16 with value: 1.7262718552844862.
[I 2026-04-20 20:50:57,632] Trial 19 finished with value: 1.851979513324401 and parameters: {'max_depth': 6, 'learning_rate': 0.026998535968714585, 'n_estimators': 4416, 'subsample': 0.7294579924896855, 'colsample_bytree': 0.4983538149322281, 'min_child_weight': 5, 'reg_alpha': 0.006374573515866686, 'reg_lambda': 0.20042319100608116, 'gamma': 0.00015310267850219232}. Best is trial 16 with value: 1.7262718552844862.
[I 2026-04-20 20:51:04,884] Trial 20 finished with value: 1.8642703178670637 and parameters: {'max_depth': 6, 'learning_rate': 0.028314769805412587, 'n_estimators': 3457, 'subsample': 0.7648201766454052, 'colsample_bytree': 0.47791552351994243, 'min_child_weight': 6, 'reg_alpha': 0.0017616964934802331, 'reg_lambda': 2.548849996585987, 'gamma': 0.0001735934817003419}. Best is trial 16 with value: 1.7262718552844862.
[I 2026-04-20 20:51:13,974] Trial 21 finished with value: 1.9628576244628004 and parameters: {'max_depth': 6, 'learning_rate': 0.02243487810375169, 'n_estimators': 3774, 'subsample': 0.6827836223216135, 'colsample_bytree': 0.5272699760380086, 'min_child_weight': 7, 'reg_alpha': 0.028131760042762674, 'reg_lambda': 5.768068110041616, 'gamma': 0.0004302277327571783}. Best is trial 16 with value: 1.7262718552844862.
[I 2026-04-20 20:51:21,655] Trial 22 finished with value: 1.9236128334107536 and parameters: {'max_depth': 7, 'learning_rate': 0.029177689995127327, 'n_estimators': 4481, 'subsample': 0.741133365749789, 'colsample_bytree': 0.5352177892531845, 'min_child_weight': 7, 'reg_alpha': 0.004495850671769564, 'reg_lambda': 3.7168695216823524, 'gamma': 0.0004348760975516978}. Best is trial 16 with value: 1.7262718552844862.
[I 2026-04-20 20:51:32,145] Trial 23 finished with value: 1.7363781124926052 and parameters: {'max_depth': 7, 'learning_rate': 0.019873509119473495, 'n_estimators': 4326, 'subsample': 0.7466606743279821, 'colsample_bytree': 0.4929712170130641, 'min_child_weight': 5, 'reg_alpha': 0.02948833220227913, 'reg_lambda': 4.2207356994527485, 'gamma': 0.0008935243513751845}. Best is trial 16 with value: 1.7262718552844862.
[I 2026-04-20 20:51:41,413] Trial 24 finished with value: 1.8336820549229127 and parameters: {'max_depth': 7, 'learning_rate': 0.023372992177378028, 'n_estimators': 4367, 'subsample': 0.7179090554491177, 'colsample_bytree': 0.479077683922686, 'min_child_weight': 5, 'reg_alpha': 0.019073605174157248, 'reg_lambda': 4.820495372799665, 'gamma': 0.0011019384234505815}. Best is trial 16 with value: 1.7262718552844862.
[I 2026-04-20 20:51:50,317] Trial 25 finished with value: 1.8218906525868863 and parameters: {'max_depth': 7, 'learning_rate': 0.018659115494267867, 'n_estimators': 3728, 'subsample': 0.7757171479930872, 'colsample_bytree': 0.4719277069692602, 'min_child_weight': 5, 'reg_alpha': 0.06922445560640943, 'reg_lambda': 0.5812324252880572, 'gamma': 0.0009329896412726367}. Best is trial 16 with value: 1.7262718552844862.
[I 2026-04-20 20:51:57,340] Trial 26 finished with value: 1.7446452943235236 and parameters: {'max_depth': 7, 'learning_rate': 0.04080942823158019, 'n_estimators': 4090, 'subsample': 0.7214391122341494, 'colsample_bytree': 0.4636105598399132, 'min_child_weight': 4, 'reg_alpha': 0.015322133188292168, 'reg_lambda': 5.105053256237711, 'gamma': 0.00023172012562599112}. Best is trial 16 with value: 1.7262718552844862.
[I 2026-04-20 20:52:01,522] Trial 27 finished with value: 1.9663810428177002 and parameters: {'max_depth': 7, 'learning_rate': 0.05682524532667978, 'n_estimators': 3747, 'subsample': 0.7065213317502967, 'colsample_bytree': 0.4769357191162272, 'min_child_weight': 5, 'reg_alpha': 0.023273927384057584, 'reg_lambda': 2.3616753098999745, 'gamma': 0.00013534757163980753}. Best is trial 16 with value: 1.7262718552844862.
[I 2026-04-20 20:52:08,628] Trial 28 finished with value: 1.8718026683009827 and parameters: {'max_depth': 7, 'learning_rate': 0.037227396679416935, 'n_estimators': 3622, 'subsample': 0.6679586051260102, 'colsample_bytree': 0.4221078394083104, 'min_child_weight': 5, 'reg_alpha': 0.015187125002754482, 'reg_lambda': 3.3051108099589874, 'gamma': 0.000521829753228057}. Best is trial 16 with value: 1.7262718552844862.
[I 2026-04-20 20:52:17,229] Trial 29 finished with value: 1.808744421195668 and parameters: {'max_depth': 7, 'learning_rate': 0.027818763978073924, 'n_estimators': 4119, 'subsample': 0.7350474441900541, 'colsample_bytree': 0.4424294834957275, 'min_child_weight': 4, 'reg_alpha': 0.0024439571132838485, 'reg_lambda': 6.618573372990891, 'gamma': 0.0003074345572286152}. Best is trial 16 with value: 1.7262718552844862.
[I 2026-04-20 20:52:27,869] Trial 30 finished with value: 1.806858311529948 and parameters: {'max_depth': 6, 'learning_rate': 0.021223076153046683, 'n_estimators': 4067, 'subsample': 0.7991121372082671, 'colsample_bytree': 0.48809938699978894, 'min_child_weight': 6, 'reg_alpha': 0.004036159377994278, 'reg_lambda': 4.981246436400231, 'gamma': 0.0005167034001195455}. Best is trial 16 with value: 1.7262718552844862.
[I 2026-04-20 20:52:32,524] Trial 31 finished with value: 1.9149347419374916 and parameters: {'max_depth': 6, 'learning_rate': 0.04893614422107689, 'n_estimators': 4371, 'subsample': 0.7845695014896452, 'colsample_bytree': 0.459137933402088, 'min_child_weight': 4, 'reg_alpha': 0.0051848337602771735, 'reg_lambda': 1.4758497432770956, 'gamma': 0.00016470568250811254}. Best is trial 16 with value: 1.7262718552844862.
[I 2026-04-20 20:52:37,834] Trial 32 finished with value: 1.8587220548437675 and parameters: {'max_depth': 7, 'learning_rate': 0.03333088353127292, 'n_estimators': 3481, 'subsample': 0.6788626567082229, 'colsample_bytree': 0.5084114011635588, 'min_child_weight': 4, 'reg_alpha': 0.01166444224648313, 'reg_lambda': 2.094044785808909, 'gamma': 0.00027125143237922316}. Best is trial 16 with value: 1.7262718552844862.
[I 2026-04-20 20:52:48,322] Trial 33 finished with value: 2.043488322359061 and parameters: {'max_depth': 7, 'learning_rate': 0.019106227205280536, 'n_estimators': 4471, 'subsample': 0.7586194472195384, 'colsample_bytree': 0.5153508213881197, 'min_child_weight': 6, 'reg_alpha': 0.1875100238796725, 'reg_lambda': 4.709975696230909, 'gamma': 0.0018182605262543957}. Best is trial 16 with value: 1.7262718552844862.
[I 2026-04-20 20:52:53,848] Trial 34 finished with value: 1.8851787527620267 and parameters: {'max_depth': 6, 'learning_rate': 0.03714584095105948, 'n_estimators': 4465, 'subsample': 0.675946558657274, 'colsample_bytree': 0.4623906042355468, 'min_child_weight': 6, 'reg_alpha': 0.015865691248146574, 'reg_lambda': 1.960490760571095, 'gamma': 0.00010714976474420385}. Best is trial 16 with value: 1.7262718552844862.
[I 2026-04-20 20:53:00,551] Trial 35 finished with value: 1.8431911130323577 and parameters: {'max_depth': 7, 'learning_rate': 0.03268767239141332, 'n_estimators': 4310, 'subsample': 0.774821279840306, 'colsample_bytree': 0.49177938053971637, 'min_child_weight': 4, 'reg_alpha': 0.09618448412540631, 'reg_lambda': 2.3010048822849596, 'gamma': 0.00027199241925167936}. Best is trial 16 with value: 1.7262718552844862.
[I 2026-04-20 20:53:06,414] Trial 36 finished with value: 1.878171132146895 and parameters: {'max_depth': 5, 'learning_rate': 0.02885817427825432, 'n_estimators': 4313, 'subsample': 0.7386795329414045, 'colsample_bytree': 0.4519604458096011, 'min_child_weight': 5, 'reg_alpha': 0.040074779854686035, 'reg_lambda': 0.8877594846041591, 'gamma': 0.00016527847945003687}. Best is trial 16 with value: 1.7262718552844862.
[I 2026-04-20 20:53:11,778] Trial 37 finished with value: 1.8526737668591717 and parameters: {'max_depth': 7, 'learning_rate': 0.03220575440483484, 'n_estimators': 4399, 'subsample': 0.7806984512895924, 'colsample_bytree': 0.4323753436502141, 'min_child_weight': 5, 'reg_alpha': 0.017086503738661312, 'reg_lambda': 0.2104035641678087, 'gamma': 0.00011091152867947346}. Best is trial 16 with value: 1.7262718552844862.
[I 2026-04-20 20:53:22,181] Trial 38 finished with value: 1.7747822409742278 and parameters: {'max_depth': 6, 'learning_rate': 0.02180359718307651, 'n_estimators': 3977, 'subsample': 0.737908872821273, 'colsample_bytree': 0.47807832486825497, 'min_child_weight': 5, 'reg_alpha': 0.0413736755224562, 'reg_lambda': 3.6850282541244765, 'gamma': 0.0006615640210805052}. Best is trial 16 with value: 1.7262718552844862.
[I 2026-04-20 20:53:32,585] Trial 39 finished with value: 1.90711917879702 and parameters: {'max_depth': 6, 'learning_rate': 0.0235798898192282, 'n_estimators': 3681, 'subsample': 0.7692085918247551, 'colsample_bytree': 0.47926329120347516, 'min_child_weight': 6, 'reg_alpha': 0.1280640224617555, 'reg_lambda': 5.535042123960589, 'gamma': 0.0005442923166124418}. Best is trial 16 with value: 1.7262718552844862.
[I 2026-04-20 20:53:42,697] Trial 40 finished with value: 1.753928215541529 and parameters: {'max_depth': 7, 'learning_rate': 0.018683828120754323, 'n_estimators': 3975, 'subsample': 0.7191380556134548, 'colsample_bytree': 0.4806821022304283, 'min_child_weight': 5, 'reg_alpha': 0.03125475459126883, 'reg_lambda': 3.738844150901879, 'gamma': 0.0002404513485701747}. Best is trial 16 with value: 1.7262718552844862.
[I 2026-04-20 20:53:56,087] Trial 41 finished with value: 1.7347604948532171 and parameters: {'max_depth': 7, 'learning_rate': 0.018898455353779736, 'n_estimators': 4296, 'subsample': 0.7753412243721528, 'colsample_bytree': 0.4575083838272702, 'min_child_weight': 6, 'reg_alpha': 0.0037320646482489396, 'reg_lambda': 6.577025193867906, 'gamma': 0.0006877992706710463}. Best is trial 16 with value: 1.7262718552844862.
[I 2026-04-20 20:54:06,320] Trial 42 finished with value: 1.9103169753998273 and parameters: {'max_depth': 6, 'learning_rate': 0.02045121247443678, 'n_estimators': 4235, 'subsample': 0.7150400004703248, 'colsample_bytree': 0.43151612836912484, 'min_child_weight': 6, 'reg_alpha': 0.0010464344226048204, 'reg_lambda': 3.195586466788708, 'gamma': 0.00087013016312698}. Best is trial 16 with value: 1.7262718552844862.
[I 2026-04-20 20:54:17,453] Trial 43 finished with value: 1.8232233437258862 and parameters: {'max_depth': 7, 'learning_rate': 0.019992225179771277, 'n_estimators': 4431, 'subsample': 0.7059775657731183, 'colsample_bytree': 0.47298582675105344, 'min_child_weight': 7, 'reg_alpha': 0.00635717664452509, 'reg_lambda': 6.384402927666837, 'gamma': 0.00022637648659988395}. Best is trial 16 with value: 1.7262718552844862.
[I 2026-04-20 20:54:26,913] Trial 44 finished with value: 1.7401435812475738 and parameters: {'max_depth': 7, 'learning_rate': 0.02118539431261378, 'n_estimators': 3996, 'subsample': 0.744475903788111, 'colsample_bytree': 0.4461025849648545, 'min_child_weight': 6, 'reg_alpha': 0.00861005866418853, 'reg_lambda': 3.2572704944199824, 'gamma': 0.0009781045421281434}. Best is trial 16 with value: 1.7262718552844862.
