[I 2026-04-20 20:54:35,240] Trial 45 finished with value: 1.9839090331080513 and parameters: {'max_depth': 7, 'learning_rate': 0.02038713013385071, 'n_estimators': 3616, 'subsample': 0.6611340980194159, 'colsample_bytree': 0.4325588981421112, 'min_child_weight': 5, 'reg_alpha': 0.008015308234370135, 'reg_lambda': 3.2349902221595634, 'gamma': 0.002648727805079362}. Best is trial 16 with value: 1.7262718552844862.
[I 2026-04-20 20:54:46,986] Trial 46 finished with value: 1.87131216895811 and parameters: {'max_depth': 7, 'learning_rate': 0.019375484760656023, 'n_estimators': 4170, 'subsample': 0.7967769054961601, 'colsample_bytree': 0.44188702851765543, 'min_child_weight': 7, 'reg_alpha': 0.011552441466040873, 'reg_lambda': 5.97855317408064, 'gamma': 0.000607836046975141}. Best is trial 16 with value: 1.7262718552844862.
[I 2026-04-20 20:54:56,540] Trial 47 finished with value: 1.7925118354214469 and parameters: {'max_depth': 7, 'learning_rate': 0.022357574806281838, 'n_estimators': 4394, 'subsample': 0.7410042729937394, 'colsample_bytree': 0.4453942455135573, 'min_child_weight': 6, 'reg_alpha': 0.00393793025137014, 'reg_lambda': 3.001595246566843, 'gamma': 0.0008560485289671771}. Best is trial 16 with value: 1.7262718552844862.
[I 2026-04-20 20:55:08,776] Trial 48 finished with value: 1.7921126205141036 and parameters: {'max_depth': 7, 'learning_rate': 0.018689858652488497, 'n_estimators': 4199, 'subsample': 0.7797338693543877, 'colsample_bytree': 0.4985771526209184, 'min_child_weight': 5, 'reg_alpha': 0.028646731263168003, 'reg_lambda': 6.073339069306929, 'gamma': 0.0007665231398015878}. Best is trial 16 with value: 1.7262718552844862.
[I 2026-04-20 20:55:17,811] Trial 49 finished with value: 1.8402451344081072 and parameters: {'max_depth': 7, 'learning_rate': 0.01978856537504652, 'n_estimators': 3441, 'subsample': 0.7921496773266192, 'colsample_bytree': 0.4300582044425481, 'min_child_weight': 5, 'reg_alpha': 0.01218777542001096, 'reg_lambda': 4.669193990438993, 'gamma': 0.0010913456570349287}. Best is trial 16 with value: 1.7262718552844862.
[I 2026-04-20 20:55:24,513] Trial 50 finished with value: 1.7994372462214634 and parameters: {'max_depth': 6, 'learning_rate': 0.03882194103846469, 'n_estimators': 4135, 'subsample': 0.7456769197089677, 'colsample_bytree': 0.48311806563970705, 'min_child_weight': 5, 'reg_alpha': 0.008035993358941302, 'reg_lambda': 6.317009293958061, 'gamma': 0.00023043052136432267}. Best is trial 16 with value: 1.7262718552844862.
[I 2026-04-20 20:55:34,393] Trial 51 finished with value: 1.770758289106417 and parameters: {'max_depth': 7, 'learning_rate': 0.018087364643795293, 'n_estimators': 4284, 'subsample': 0.7113274742693297, 'colsample_bytree': 0.49142972998039375, 'min_child_weight': 5, 'reg_alpha': 0.04673472856737475, 'reg_lambda': 2.284450820706338, 'gamma': 0.00011200096405503524}. Best is trial 16 with value: 1.7262718552844862.
[I 2026-04-20 20:55:44,455] Trial 52 finished with value: 1.7764420714274227 and parameters: {'max_depth': 7, 'learning_rate': 0.019764884417594226, 'n_estimators': 3930, 'subsample': 0.7956290909080934, 'colsample_bytree': 0.45338062821583985, 'min_child_weight': 5, 'reg_alpha': 0.0016926630875373772, 'reg_lambda': 3.8734510153166717, 'gamma': 0.0004974756799847786}. Best is trial 16 with value: 1.7262718552844862.
[I 2026-04-20 20:55:51,102] Trial 53 finished with value: 1.950382932018357 and parameters: {'max_depth': 6, 'learning_rate': 0.024340424576998136, 'n_estimators': 3828, 'subsample': 0.7293050170752872, 'colsample_bytree': 0.45524563380453287, 'min_child_weight': 6, 'reg_alpha': 0.005586494124372459, 'reg_lambda': 0.7229993281286773, 'gamma': 0.0016926890326392568}. Best is trial 16 with value: 1.7262718552844862.
[I 2026-04-20 20:56:02,095] Trial 54 finished with value: 1.7098885900568395 and parameters: {'max_depth': 7, 'learning_rate': 0.019903443900125047, 'n_estimators': 3743, 'subsample': 0.7407120675468658, 'colsample_bytree': 0.4883074870727886, 'min_child_weight': 4, 'reg_alpha': 0.014231236971985136, 'reg_lambda': 3.9299992551621235, 'gamma': 0.0002556759924613331}. Best is trial 54 with value: 1.7098885900568395.
[I 2026-04-20 20:56:11,716] Trial 55 finished with value: 1.8187259368640412 and parameters: {'max_depth': 6, 'learning_rate': 0.02039150717384281, 'n_estimators': 3902, 'subsample': 0.7884365191230328, 'colsample_bytree': 0.4882039440065086, 'min_child_weight': 4, 'reg_alpha': 0.006258026679741907, 'reg_lambda': 2.6907006396865834, 'gamma': 0.00012319298875982775}. Best is trial 54 with value: 1.7098885900568395.
[I 2026-04-20 20:56:21,905] Trial 56 finished with value: 1.7610940348170416 and parameters: {'max_depth': 7, 'learning_rate': 0.01939149560178478, 'n_estimators': 3463, 'subsample': 0.7642695618317544, 'colsample_bytree': 0.4914761452099429, 'min_child_weight': 4, 'reg_alpha': 0.01861856901677891, 'reg_lambda': 6.148290347888442, 'gamma': 0.00017345586281517425}. Best is trial 54 with value: 1.7098885900568395.
[I 2026-04-20 20:56:27,520] Trial 57 finished with value: 1.9408306166950318 and parameters: {'max_depth': 7, 'learning_rate': 0.03743093365363187, 'n_estimators': 4034, 'subsample': 0.6766175274027659, 'colsample_bytree': 0.4826140540072833, 'min_child_weight': 4, 'reg_alpha': 0.044906564268879845, 'reg_lambda': 3.5966178031888507, 'gamma': 0.00021447924768221074}. Best is trial 54 with value: 1.7098885900568395.
[I 2026-04-20 20:56:30,600] Trial 58 finished with value: 1.8632107534072773 and parameters: {'max_depth': 7, 'learning_rate': 0.07498877257033607, 'n_estimators': 2466, 'subsample': 0.5515419945022216, 'colsample_bytree': 0.4851172212255261, 'min_child_weight': 5, 'reg_alpha': 0.1405657239040806, 'reg_lambda': 0.4345124925937766, 'gamma': 0.0009256684468840707}. Best is trial 54 with value: 1.7098885900568395.
[I 2026-04-20 20:56:40,269] Trial 59 finished with value: 1.8764996871989488 and parameters: {'max_depth': 6, 'learning_rate': 0.023102642907556856, 'n_estimators': 4449, 'subsample': 0.7690655590869651, 'colsample_bytree': 0.4427892489793004, 'min_child_weight': 6, 'reg_alpha': 0.006510391801218332, 'reg_lambda': 5.380626510373809, 'gamma': 0.00026848788768193315}. Best is trial 54 with value: 1.7098885900568395.
[I 2026-04-20 20:56:51,077] Trial 60 finished with value: 1.9432603878185641 and parameters: {'max_depth': 6, 'learning_rate': 0.019559609957814604, 'n_estimators': 3934, 'subsample': 0.7385844191447942, 'colsample_bytree': 0.44341773438009424, 'min_child_weight': 6, 'reg_alpha': 0.009930535204189317, 'reg_lambda': 5.872769917515294, 'gamma': 0.0015197953387129032}. Best is trial 54 with value: 1.7098885900568395.
[I 2026-04-20 20:56:56,561] Trial 61 finished with value: 1.8709909904521358 and parameters: {'max_depth': 6, 'learning_rate': 0.05762298013259519, 'n_estimators': 4227, 'subsample': 0.6964410215636282, 'colsample_bytree': 0.4629854795357854, 'min_child_weight': 4, 'reg_alpha': 0.023816536105896294, 'reg_lambda': 4.3207122942163725, 'gamma': 0.0005089757419480844}. Best is trial 54 with value: 1.7098885900568395.
[I 2026-04-20 20:57:06,350] Trial 62 finished with value: 1.8812635237115516 and parameters: {'max_depth': 7, 'learning_rate': 0.0189535589349734, 'n_estimators': 3591, 'subsample': 0.6751972575504954, 'colsample_bytree': 0.4362095433492988, 'min_child_weight': 5, 'reg_alpha': 0.009184670366305, 'reg_lambda': 2.884537564553192, 'gamma': 0.0003236002213076309}. Best is trial 54 with value: 1.7098885900568395.
[I 2026-04-20 20:57:17,320] Trial 63 finished with value: 1.9128047873459035 and parameters: {'max_depth': 6, 'learning_rate': 0.018083270055984285, 'n_estimators': 3798, 'subsample': 0.7003264165771401, 'colsample_bytree': 0.4883513126942519, 'min_child_weight': 5, 'reg_alpha': 0.03479427246181952, 'reg_lambda': 3.60614900164802, 'gamma': 0.0001890470557209232}. Best is trial 54 with value: 1.7098885900568395.
[I 2026-04-20 20:57:22,637] Trial 64 finished with value: 1.8336901156219532 and parameters: {'max_depth': 7, 'learning_rate': 0.045253293373623646, 'n_estimators': 3792, 'subsample': 0.8028923017498137, 'colsample_bytree': 0.43633185986986966, 'min_child_weight': 4, 'reg_alpha': 0.04952358822374455, 'reg_lambda': 2.3709266749592475, 'gamma': 0.0005323796391916521}. Best is trial 54 with value: 1.7098885900568395.
[I 2026-04-20 20:57:32,352] Trial 65 finished with value: 1.8355751247485705 and parameters: {'max_depth': 7, 'learning_rate': 0.01931979459992895, 'n_estimators': 4232, 'subsample': 0.7078011078539489, 'colsample_bytree': 0.4611007020014644, 'min_child_weight': 6, 'reg_alpha': 0.018308055932436878, 'reg_lambda': 1.8903647854091443, 'gamma': 0.00046578324043079013}. Best is trial 54 with value: 1.7098885900568395.
[I 2026-04-20 20:57:43,493] Trial 66 finished with value: 1.7323420058189032 and parameters: {'max_depth': 7, 'learning_rate': 0.020122268504646594, 'n_estimators': 3904, 'subsample': 0.7167541784199857, 'colsample_bytree': 0.4991864680527782, 'min_child_weight': 5, 'reg_alpha': 0.004710409115833229, 'reg_lambda': 6.3851516270856, 'gamma': 0.0006462058588350491}. Best is trial 54 with value: 1.7098885900568395.
[I 2026-04-20 20:57:51,504] Trial 67 finished with value: 1.7626500523122643 and parameters: {'max_depth': 6, 'learning_rate': 0.02316954430196845, 'n_estimators': 4181, 'subsample': 0.7214855537504875, 'colsample_bytree': 0.4828598670362969, 'min_child_weight': 4, 'reg_alpha': 0.003871713166527711, 'reg_lambda': 3.128557879115896, 'gamma': 0.0005074280634914178}. Best is trial 54 with value: 1.7098885900568395.
[I 2026-04-20 20:58:02,875] Trial 68 finished with value: 1.7247284653349433 and parameters: {'max_depth': 7, 'learning_rate': 0.018681108702117182, 'n_estimators': 3743, 'subsample': 0.7166995175239976, 'colsample_bytree': 0.5350730423777251, 'min_child_weight': 6, 'reg_alpha': 0.005781426164418566, 'reg_lambda': 4.420889039136004, 'gamma': 0.0007425196179216522}. Best is trial 54 with value: 1.7098885900568395.
[I 2026-04-20 20:58:11,733] Trial 69 finished with value: 1.9556980438201266 and parameters: {'max_depth': 6, 'learning_rate': 0.018710702009768636, 'n_estimators': 3136, 'subsample': 0.6934133828832693, 'colsample_bytree': 0.5325237397211605, 'min_child_weight': 5, 'reg_alpha': 0.0026800777330495064, 'reg_lambda': 2.8005602601263817, 'gamma': 0.002272719334968272}. Best is trial 54 with value: 1.7098885900568395.
[I 2026-04-20 20:58:20,398] Trial 70 finished with value: 1.8616209882069021 and parameters: {'max_depth': 7, 'learning_rate': 0.021022002392922973, 'n_estimators': 3650, 'subsample': 0.689958797295767, 'colsample_bytree': 0.5156294526999791, 'min_child_weight': 8, 'reg_alpha': 0.002998816650681228, 'reg_lambda': 1.904838219257324, 'gamma': 0.0011127530766157202}. Best is trial 54 with value: 1.7098885900568395.
[I 2026-04-20 20:58:29,274] Trial 71 finished with value: 1.7742539322297095 and parameters: {'max_depth': 7, 'learning_rate': 0.019329805222659105, 'n_estimators': 3695, 'subsample': 0.6659943623547337, 'colsample_bytree': 0.5224095213663653, 'min_child_weight': 6, 'reg_alpha': 0.007390028602746653, 'reg_lambda': 1.4822716594669116, 'gamma': 0.00045370437338174716}. Best is trial 54 with value: 1.7098885900568395.
[I 2026-04-20 20:58:36,510] Trial 72 finished with value: 1.957778770951381 and parameters: {'max_depth': 7, 'learning_rate': 0.023508369643368738, 'n_estimators': 3531, 'subsample': 0.6418465293142877, 'colsample_bytree': 0.5220897122623619, 'min_child_weight': 5, 'reg_alpha': 0.04628661761250118, 'reg_lambda': 2.1854115704141885, 'gamma': 0.0026784678480794577}. Best is trial 54 with value: 1.7098885900568395.
[I 2026-04-20 20:58:45,777] Trial 73 finished with value: 1.9055185708272213 and parameters: {'max_depth': 7, 'learning_rate': 0.019696015320357693, 'n_estimators': 2578, 'subsample': 0.7119347986099169, 'colsample_bytree': 0.5005805459878728, 'min_child_weight': 5, 'reg_alpha': 0.009333959526768621, 'reg_lambda': 4.370329191995914, 'gamma': 0.0006596165002710671}. Best is trial 54 with value: 1.7098885900568395.
[I 2026-04-20 20:58:55,793] Trial 74 finished with value: 1.7623069887289566 and parameters: {'max_depth': 7, 'learning_rate': 0.02240001547271156, 'n_estimators': 3611, 'subsample': 0.6640596267873343, 'colsample_bytree': 0.5355128378529782, 'min_child_weight': 5, 'reg_alpha': 0.008410273662155736, 'reg_lambda': 5.467728473519571, 'gamma': 0.0008627569818798374}. Best is trial 54 with value: 1.7098885900568395.
[I 2026-04-20 20:59:05,676] Trial 75 finished with value: 1.7671618737907608 and parameters: {'max_depth': 7, 'learning_rate': 0.02271903651043171, 'n_estimators': 3982, 'subsample': 0.7659290564132598, 'colsample_bytree': 0.518382032684358, 'min_child_weight': 5, 'reg_alpha': 0.004552394005374177, 'reg_lambda': 4.539796244038214, 'gamma': 0.0008429563450591936}. Best is trial 54 with value: 1.7098885900568395.
[I 2026-04-20 20:59:14,483] Trial 76 finished with value: 1.738422237809147 and parameters: {'max_depth': 7, 'learning_rate': 0.021048259223047056, 'n_estimators': 4027, 'subsample': 0.6848452336109679, 'colsample_bytree': 0.49227519598870695, 'min_child_weight': 5, 'reg_alpha': 0.0028615662523850047, 'reg_lambda': 3.8397267473185024, 'gamma': 0.0006846772422134432}. Best is trial 54 with value: 1.7098885900568395.
[I 2026-04-20 20:59:24,735] Trial 77 finished with value: 1.7851172188884064 and parameters: {'max_depth': 7, 'learning_rate': 0.020182293988678688, 'n_estimators': 3521, 'subsample': 0.7032402847197721, 'colsample_bytree': 0.49195394500211437, 'min_child_weight': 6, 'reg_alpha': 0.0014014398419664995, 'reg_lambda': 1.8777488534870588, 'gamma': 0.00040629669371074233}. Best is trial 54 with value: 1.7098885900568395.
[I 2026-04-20 20:59:34,160] Trial 78 finished with value: 1.7943303926251475 and parameters: {'max_depth': 7, 'learning_rate': 0.020914448561708158, 'n_estimators': 3744, 'subsample': 0.729195034800651, 'colsample_bytree': 0.5104117640970293, 'min_child_weight': 6, 'reg_alpha': 0.005231804458795441, 'reg_lambda': 3.9132449450023588, 'gamma': 0.0005582039477926486}. Best is trial 54 with value: 1.7098885900568395.
[I 2026-04-20 20:59:45,731] Trial 79 finished with value: 1.7901754413043225 and parameters: {'max_depth': 7, 'learning_rate': 0.018234012065855024, 'n_estimators': 3985, 'subsample': 0.6932961624676344, 'colsample_bytree': 0.527875771210809, 'min_child_weight': 4, 'reg_alpha': 0.0045554353223341655, 'reg_lambda': 5.5355539715343385, 'gamma': 0.0003711898429502163}. Best is trial 54 with value: 1.7098885900568395.
[I 2026-04-20 20:59:53,611] Trial 80 finished with value: 1.8506452563733369 and parameters: {'max_depth': 7, 'learning_rate': 0.02328238796333595, 'n_estimators': 4315, 'subsample': 0.7082441794772499, 'colsample_bytree': 0.49682834535207576, 'min_child_weight': 6, 'reg_alpha': 0.002188646361959755, 'reg_lambda': 2.2128124202048562, 'gamma': 0.0013689473782994477}. Best is trial 54 with value: 1.7098885900568395.
[I 2026-04-20 20:59:59,244] Trial 81 finished with value: 1.8056813459365517 and parameters: {'max_depth': 7, 'learning_rate': 0.044976306542688416, 'n_estimators': 3960, 'subsample': 0.7556761926474139, 'colsample_bytree': 0.466457774264656, 'min_child_weight': 4, 'reg_alpha': 0.02876425462356534, 'reg_lambda': 4.8485944985827585, 'gamma': 0.0001298746557879697}. Best is trial 54 with value: 1.7098885900568395.
[I 2026-04-20 21:00:07,504] Trial 82 finished with value: 1.7968437812239197 and parameters: {'max_depth': 7, 'learning_rate': 0.024914711668288313, 'n_estimators': 4014, 'subsample': 0.6233804536211293, 'colsample_bytree': 0.48482775967014063, 'min_child_weight': 5, 'reg_alpha': 0.0031005145274925526, 'reg_lambda': 5.098104127232426, 'gamma': 0.0006307095536045211}. Best is trial 54 with value: 1.7098885900568395.
[I 2026-04-20 21:00:14,057] Trial 83 finished with value: 1.850441263150151 and parameters: {'max_depth': 6, 'learning_rate': 0.0257855942099092, 'n_estimators': 4009, 'subsample': 0.6627761573459059, 'colsample_bytree': 0.4913299587937855, 'min_child_weight': 4, 'reg_alpha': 0.0021539636473816275, 'reg_lambda': 2.1123691321873395, 'gamma': 0.002244745873827881}. Best is trial 54 with value: 1.7098885900568395.
[I 2026-04-20 21:00:19,742] Trial 84 finished with value: 2.1786029367019886 and parameters: {'max_depth': 4, 'learning_rate': 0.03678225924982708, 'n_estimators': 2968, 'subsample': 0.6269290840757898, 'colsample_bytree': 0.44588428460089746, 'min_child_weight': 4, 'reg_alpha': 0.029637160965856526, 'reg_lambda': 2.75674725109773, 'gamma': 0.0009165655732194959}. Best is trial 54 with value: 1.7098885900568395.
[I 2026-04-20 21:00:25,671] Trial 85 finished with value: 2.080146843509774 and parameters: {'max_depth': 4, 'learning_rate': 0.049594269495001356, 'n_estimators': 4269, 'subsample': 0.7645232589149373, 'colsample_bytree': 0.4877008853601249, 'min_child_weight': 8, 'reg_alpha': 0.15225300800215422, 'reg_lambda': 0.3450703915881736, 'gamma': 0.0008893675767932367}. Best is trial 54 with value: 1.7098885900568395.
[I 2026-04-20 21:00:36,315] Trial 86 finished with value: 1.7653207971192988 and parameters: {'max_depth': 7, 'learning_rate': 0.020204735218975183, 'n_estimators': 3773, 'subsample': 0.7019510079486353, 'colsample_bytree': 0.47376618964312595, 'min_child_weight': 5, 'reg_alpha': 0.005852273756238524, 'reg_lambda': 4.781447659635712, 'gamma': 0.0007812817882424678}. Best is trial 54 with value: 1.7098885900568395.
[I 2026-04-20 21:00:45,815] Trial 87 finished with value: 1.8190314659017073 and parameters: {'max_depth': 7, 'learning_rate': 0.02188923575486333, 'n_estimators': 4471, 'subsample': 0.7911209012593386, 'colsample_bytree': 0.46544946679015364, 'min_child_weight': 6, 'reg_alpha': 0.0017568835185576889, 'reg_lambda': 3.373115698845851, 'gamma': 0.0007029547371578673}. Best is trial 54 with value: 1.7098885900568395.
[I 2026-04-20 21:00:53,287] Trial 88 finished with value: 1.8353445391607086 and parameters: {'max_depth': 6, 'learning_rate': 0.0318616517975658, 'n_estimators': 3420, 'subsample': 0.7681655364441066, 'colsample_bytree': 0.5375377762874618, 'min_child_weight': 7, 'reg_alpha': 0.0019344940042644307, 'reg_lambda': 3.8206750994727017, 'gamma': 0.0012795860977360776}. Best is trial 54 with value: 1.7098885900568395.
[I 2026-04-20 21:01:00,808] Trial 89 finished with value: 1.7841061857279528 and parameters: {'max_depth': 6, 'learning_rate': 0.022166042615563864, 'n_estimators': 4453, 'subsample': 0.7458487969986393, 'colsample_bytree': 0.5062055803715568, 'min_child_weight': 5, 'reg_alpha': 0.03069558978371935, 'reg_lambda': 1.4955473095065022, 'gamma': 0.0018893749310781465}. Best is trial 54 with value: 1.7098885900568395.
[I 2026-04-20 21:01:10,693] Trial 90 finished with value: 1.7597938977976213 and parameters: {'max_depth': 7, 'learning_rate': 0.021518465912608357, 'n_estimators': 4247, 'subsample': 0.7770177644881208, 'colsample_bytree': 0.4644976440125251, 'min_child_weight': 4, 'reg_alpha': 0.014464985265484459, 'reg_lambda': 3.766166831144907, 'gamma': 0.0003642063147405835}. Best is trial 54 with value: 1.7098885900568395.
[I 2026-04-20 21:01:15,166] Trial 91 finished with value: 1.6998719007411154 and parameters: {'max_depth': 7, 'learning_rate': 0.04992453686229725, 'n_estimators': 4071, 'subsample': 0.6852849379401105, 'colsample_bytree': 0.47251078969270394, 'min_child_weight': 4, 'reg_alpha': 0.00668400760678038, 'reg_lambda': 2.2584295117922113, 'gamma': 0.0003821364644705876}. Best is trial 91 with value: 1.6998719007411154.
[I 2026-04-20 21:01:19,782] Trial 92 finished with value: 1.8248729526706087 and parameters: {'max_depth': 7, 'learning_rate': 0.05680668685689372, 'n_estimators': 4055, 'subsample': 0.6277649379233897, 'colsample_bytree': 0.470490899560493, 'min_child_weight': 4, 'reg_alpha': 0.0011391440129389096, 'reg_lambda': 5.5384751247387625, 'gamma': 0.00039953607127579297}. Best is trial 91 with value: 1.6998719007411154.
[I 2026-04-20 21:01:23,227] Trial 93 finished with value: 1.9078346479430088 and parameters: {'max_depth': 6, 'learning_rate': 0.06677451071911433, 'n_estimators': 3517, 'subsample': 0.6630354422381203, 'colsample_bytree': 0.45826279317294083, 'min_child_weight': 5, 'reg_alpha': 0.016409510018004503, 'reg_lambda': 0.5768159541558238, 'gamma': 0.0005660119424774203}. Best is trial 91 with value: 1.6998719007411154.
[I 2026-04-20 21:01:27,541] Trial 94 finished with value: 1.8753541170175243 and parameters: {'max_depth': 7, 'learning_rate': 0.054508326595718755, 'n_estimators': 4308, 'subsample': 0.6982332374871376, 'colsample_bytree': 0.4232174285168668, 'min_child_weight': 5, 'reg_alpha': 0.010954502783415995, 'reg_lambda': 5.256352880115222, 'gamma': 0.00019785380330200714}. Best is trial 91 with value: 1.6998719007411154.
[I 2026-04-20 21:01:35,577] Trial 95 finished with value: 1.8479666476337027 and parameters: {'max_depth': 7, 'learning_rate': 0.024358338559826845, 'n_estimators': 4360, 'subsample': 0.7821368108682117, 'colsample_bytree': 0.4025757630762806, 'min_child_weight': 5, 'reg_alpha': 0.010889038995834353, 'reg_lambda': 2.5297529702808235, 'gamma': 0.0012180447305326285}. Best is trial 91 with value: 1.6998719007411154.
[I 2026-04-20 21:01:39,914] Trial 96 finished with value: 1.784308576079122 and parameters: {'max_depth': 7, 'learning_rate': 0.046660078061910144, 'n_estimators': 4336, 'subsample': 0.6795178487646847, 'colsample_bytree': 0.4650821597157019, 'min_child_weight': 4, 'reg_alpha': 0.0050184563831548335, 'reg_lambda': 1.4209380402229042, 'gamma': 0.0012282107121661162}. Best is trial 91 with value: 1.6998719007411154.
