2026-04-20 20:24:03,902 - __main__ - INFO - ================================================================================
2026-04-20 20:24:03,902 - __main__ - INFO - CFST XGBOOST PIPELINE - TRAINING STARTED
2026-04-20 20:24:03,903 - __main__ - INFO - ================================================================================
2026-04-20 20:24:03,903 - __main__ - INFO - Step 1: Loading configuration...
2026-04-20 20:24:03,927 - __main__ - INFO - Configuration loaded from /home/thelya/Work/CFST_Alchemy_Lab/cfst_predictitor/config/experiments/compact_group_A.yaml
2026-04-20 20:24:03,927 - __main__ - INFO - Output directory: output/compact_group_A_optuna100
2026-04-20 20:24:03,927 - __main__ - INFO - Data file: data/processed/final_feature_parameters_raw.csv
2026-04-20 20:24:03,927 - __main__ - INFO - Target column: Nexp (kN)
2026-04-20 20:24:03,927 - __main__ - INFO - Columns to drop: ['b (mm)', 'h (mm)', 'r0 (mm)', 't (mm)', 'R (%)', 'L (mm)', 'e1 (mm)', 'e2 (mm)', 'r0/h', 'b/t', 'Ac (mm^2)', 'As (mm^2)', 'xi', 'sigma_re (MPa)', 'lambda', 'e1/e2', 'Npl (kN)', 'b/h', 'L/h', 'axial_flag', 'section_family']
2026-04-20 20:24:03,927 - __main__ - INFO - Target transform enabled: log
2026-04-20 20:24:03,927 - __main__ - INFO - Optuna RMSE metric space: original
2026-04-20 20:24:03,927 - __main__ - INFO - Cross-validation RMSE metric space: original
2026-04-20 20:24:03,927 - __main__ - INFO - Data split strategy: regression_stratified
2026-04-20 20:24:03,927 - __main__ - INFO - Target mode: eta_u_over_npl
2026-04-20 20:24:03,927 - __main__ - INFO - KeML residual split enabled: True
2026-04-20 20:24:03,941 - __main__ - INFO - Training context hash: 5b163b4eaa3d
2026-04-20 20:24:03,941 - __main__ - INFO - Optuna strategy version: centered_v4_stratified_consistent_cv
2026-04-20 20:24:03,941 - __main__ - INFO - Optuna tuning fingerprint: bb0fcf47d3
2026-04-20 20:24:03,941 - __main__ - INFO - Optuna study name: xgboost_optimization__final_feature_parameters_raw__5b163b4eaa3d__bb0fcf47d3
2026-04-20 20:24:03,941 - __main__ - INFO - 
Step 2: Loading data...
2026-04-20 20:24:04,001 - __main__ - INFO - Data loaded: 7901 samples, 29 features
2026-04-20 20:24:04,001 - __main__ - INFO - 
Step 2.5: Splitting data into train/test sets...
2026-04-20 20:24:04,024 - __main__ - INFO - Regression stratification enabled: 30 strata, min_count=37, required>=12
2026-04-20 20:24:04,037 - __main__ - INFO - Training set: 6320 samples (80%)
2026-04-20 20:24:04,037 - __main__ - INFO - Test set: 1581 samples (20%)
2026-04-20 20:24:04,037 - __main__ - INFO - 
Step 3: Preparing model selection and final retraining...
2026-04-20 20:24:04,037 - __main__ - INFO - Starting Optuna hyperparameter optimization...
/home/thelya/miniconda3/lib/python3.13/site-packages/optuna/_experimental.py:32: ExperimentalWarning: Argument ``multivariate`` is an experimental feature. The interface can change in the future.
  warnings.warn(
[I 2026-04-20 20:24:04,774] A new study created in RDB with name: xgboost_optimization__final_feature_parameters_raw__5b163b4eaa3d__bb0fcf47d3
[I 2026-04-20 20:24:10,093] Trial 0 finished with value: 1.9956272894648603 and parameters: {'max_depth': 5, 'learning_rate': 0.0451669400461485, 'n_estimators': 3970, 'subsample': 0.7238136617365515, 'colsample_bytree': 0.4212006920305448, 'min_child_weight': 4, 'reg_alpha': 0.012529841627285286, 'reg_lambda': 0.44957639473634237, 'gamma': 0.00013613870646182803}. Best is trial 0 with value: 1.9956272894648603.
[I 2026-04-20 20:24:13,661] Trial 1 finished with value: 2.1525834536795228 and parameters: {'max_depth': 5, 'learning_rate': 0.07549168905879482, 'n_estimators': 3933, 'subsample': 0.7019477020037033, 'colsample_bytree': 0.42202994000013677, 'min_child_weight': 4, 'reg_alpha': 0.0013782917830697005, 'reg_lambda': 3.2667554846510423, 'gamma': 0.0007287977514997103}. Best is trial 0 with value: 1.9956272894648603.
[I 2026-04-20 20:24:22,871] Trial 2 finished with value: 1.852087852915815 and parameters: {'max_depth': 6, 'learning_rate': 0.018634884688925855, 'n_estimators': 4437, 'subsample': 0.7612853148471999, 'colsample_bytree': 0.429982429372923, 'min_child_weight': 4, 'reg_alpha': 0.0027541205130458403, 'reg_lambda': 0.15572040565218667, 'gamma': 0.000566280458042766}. Best is trial 2 with value: 1.852087852915815.
[I 2026-04-20 20:24:30,082] Trial 3 finished with value: 2.047585662149838 and parameters: {'max_depth': 5, 'learning_rate': 0.027997237357277414, 'n_estimators': 3678, 'subsample': 0.5854054475618631, 'colsample_bytree': 0.4412510265461931, 'min_child_weight': 5, 'reg_alpha': 0.012419403968720944, 'reg_lambda': 2.1066355622104393, 'gamma': 0.00019343461646024662}. Best is trial 2 with value: 1.852087852915815.
[I 2026-04-20 20:24:35,654] Trial 4 finished with value: 2.082745730448658 and parameters: {'max_depth': 6, 'learning_rate': 0.04404060437093783, 'n_estimators': 2480, 'subsample': 0.7042031835302949, 'colsample_bytree': 0.4240781242725478, 'min_child_weight': 4, 'reg_alpha': 0.18895275548536924, 'reg_lambda': 5.598285314544042, 'gamma': 0.001445638096171729}. Best is trial 2 with value: 1.852087852915815.
[I 2026-04-20 20:24:44,769] Trial 5 finished with value: 2.220135785218397 and parameters: {'max_depth': 5, 'learning_rate': 0.02092576325409508, 'n_estimators': 3831, 'subsample': 0.6617167161585228, 'colsample_bytree': 0.41723188321426896, 'min_child_weight': 6, 'reg_alpha': 0.0012091974490159082, 'reg_lambda': 4.126670509211744, 'gamma': 0.00023515395066846373}. Best is trial 2 with value: 1.852087852915815.
[I 2026-04-20 20:24:53,532] Trial 6 finished with value: 2.06767579320577 and parameters: {'max_depth': 6, 'learning_rate': 0.028873154584679928, 'n_estimators': 3484, 'subsample': 0.6887625379091308, 'colsample_bytree': 0.426101577045134, 'min_child_weight': 8, 'reg_alpha': 0.07236435782645846, 'reg_lambda': 4.859428845881304, 'gamma': 0.0019234798526789297}. Best is trial 2 with value: 1.852087852915815.
[I 2026-04-20 20:24:57,112] Trial 7 finished with value: 1.977441810629201 and parameters: {'max_depth': 6, 'learning_rate': 0.07228704086926539, 'n_estimators': 2569, 'subsample': 0.599743127948214, 'colsample_bytree': 0.4063861244928334, 'min_child_weight': 5, 'reg_alpha': 0.008559084725646026, 'reg_lambda': 0.1303090834365493, 'gamma': 0.0015461369237088375}. Best is trial 2 with value: 1.852087852915815.
[I 2026-04-20 20:25:04,216] Trial 8 finished with value: 2.159216301817044 and parameters: {'max_depth': 5, 'learning_rate': 0.027567069282843887, 'n_estimators': 3531, 'subsample': 0.5857684935682301, 'colsample_bytree': 0.513270768827284, 'min_child_weight': 4, 'reg_alpha': 0.23308678870481236, 'reg_lambda': 1.9641420218997103, 'gamma': 0.00019282321121037957}. Best is trial 2 with value: 1.852087852915815.
[I 2026-04-20 20:25:07,924] Trial 9 finished with value: 2.0670563373345314 and parameters: {'max_depth': 4, 'learning_rate': 0.06159568226136884, 'n_estimators': 3879, 'subsample': 0.7350319787526765, 'colsample_bytree': 0.5089039066946938, 'min_child_weight': 4, 'reg_alpha': 0.007243534419142362, 'reg_lambda': 0.05613806220705424, 'gamma': 0.0017320620308127446}. Best is trial 2 with value: 1.852087852915815.
[I 2026-04-20 20:25:15,927] Trial 10 finished with value: 2.21496646131889 and parameters: {'max_depth': 4, 'learning_rate': 0.02246733380319921, 'n_estimators': 4274, 'subsample': 0.7483645733407948, 'colsample_bytree': 0.4096983755549398, 'min_child_weight': 4, 'reg_alpha': 0.0015001495756831204, 'reg_lambda': 0.03150612788298289, 'gamma': 0.00031033745495943167}. Best is trial 2 with value: 1.852087852915815.
[I 2026-04-20 20:25:24,555] Trial 11 finished with value: 1.8424058017834817 and parameters: {'max_depth': 7, 'learning_rate': 0.01848961944908057, 'n_estimators': 4016, 'subsample': 0.7993438846334375, 'colsample_bytree': 0.4362934727521956, 'min_child_weight': 5, 'reg_alpha': 0.001566327232551807, 'reg_lambda': 0.05232273932770756, 'gamma': 0.0004961703694329781}. Best is trial 11 with value: 1.8424058017834817.
[I 2026-04-20 20:25:33,186] Trial 12 finished with value: 1.8487116631983593 and parameters: {'max_depth': 7, 'learning_rate': 0.022640404530912938, 'n_estimators': 3753, 'subsample': 0.7686983260515641, 'colsample_bytree': 0.4156437145867745, 'min_child_weight': 7, 'reg_alpha': 0.0016869225408535536, 'reg_lambda': 0.05695835464845936, 'gamma': 0.0007089252766179525}. Best is trial 11 with value: 1.8424058017834817.
[I 2026-04-20 20:25:39,686] Trial 13 finished with value: 2.0251606509186084 and parameters: {'max_depth': 7, 'learning_rate': 0.03142867981054366, 'n_estimators': 3899, 'subsample': 0.7565817363805764, 'colsample_bytree': 0.43282487428634975, 'min_child_weight': 8, 'reg_alpha': 0.0010653947103321823, 'reg_lambda': 0.031750101834009045, 'gamma': 0.0007369940311999151}. Best is trial 11 with value: 1.8424058017834817.
[I 2026-04-20 20:25:47,190] Trial 14 finished with value: 1.9911472440687892 and parameters: {'max_depth': 6, 'learning_rate': 0.021175355783295255, 'n_estimators': 3541, 'subsample': 0.798101175276786, 'colsample_bytree': 0.45900986303553454, 'min_child_weight': 4, 'reg_alpha': 0.0011867538760910326, 'reg_lambda': 0.032161653746975764, 'gamma': 0.0014944771646412678}. Best is trial 11 with value: 1.8424058017834817.
[I 2026-04-20 20:25:54,641] Trial 15 finished with value: 1.9013822636624478 and parameters: {'max_depth': 7, 'learning_rate': 0.023214847286137225, 'n_estimators': 3714, 'subsample': 0.7542854228039129, 'colsample_bytree': 0.43527902321235906, 'min_child_weight': 6, 'reg_alpha': 0.028292086004443655, 'reg_lambda': 0.06476602657919706, 'gamma': 0.0009555663019203598}. Best is trial 11 with value: 1.8424058017834817.
[I 2026-04-20 20:26:02,465] Trial 16 finished with value: 1.8815033644341916 and parameters: {'max_depth': 7, 'learning_rate': 0.02084070326798649, 'n_estimators': 3239, 'subsample': 0.746172222217508, 'colsample_bytree': 0.46960832200369784, 'min_child_weight': 4, 'reg_alpha': 0.0035806930378063082, 'reg_lambda': 0.04044345913742173, 'gamma': 0.00012823456300302963}. Best is trial 11 with value: 1.8424058017834817.
[I 2026-04-20 20:26:10,317] Trial 17 finished with value: 1.9329465723167387 and parameters: {'max_depth': 7, 'learning_rate': 0.02315319129394463, 'n_estimators': 3541, 'subsample': 0.793441812783124, 'colsample_bytree': 0.4231125270717126, 'min_child_weight': 7, 'reg_alpha': 0.0034250621071651517, 'reg_lambda': 0.05286434468247314, 'gamma': 0.0001131548708674793}. Best is trial 11 with value: 1.8424058017834817.
[I 2026-04-20 20:26:18,621] Trial 18 finished with value: 2.0519442619312485 and parameters: {'max_depth': 5, 'learning_rate': 0.022194857969204822, 'n_estimators': 3727, 'subsample': 0.720422318193829, 'colsample_bytree': 0.41359433651203564, 'min_child_weight': 7, 'reg_alpha': 0.0077755239618760635, 'reg_lambda': 0.380331845764987, 'gamma': 0.0019753831485976358}. Best is trial 11 with value: 1.8424058017834817.
[I 2026-04-20 20:26:23,913] Trial 19 finished with value: 1.834172927643063 and parameters: {'max_depth': 7, 'learning_rate': 0.0399016152584642, 'n_estimators': 3457, 'subsample': 0.725049326396675, 'colsample_bytree': 0.4027086748121619, 'min_child_weight': 6, 'reg_alpha': 0.002283439360024444, 'reg_lambda': 0.3097527303145118, 'gamma': 0.0008218627874256722}. Best is trial 19 with value: 1.834172927643063.
[I 2026-04-20 20:26:28,755] Trial 20 finished with value: 1.950406701355305 and parameters: {'max_depth': 7, 'learning_rate': 0.04089246355572117, 'n_estimators': 2764, 'subsample': 0.7684064927954768, 'colsample_bytree': 0.40545750039739, 'min_child_weight': 5, 'reg_alpha': 0.0028982324100456777, 'reg_lambda': 0.08852293753857832, 'gamma': 0.00047606678441291736}. Best is trial 19 with value: 1.834172927643063.
[I 2026-04-20 20:26:32,821] Trial 21 finished with value: 1.9503954839029394 and parameters: {'max_depth': 6, 'learning_rate': 0.05028602632953111, 'n_estimators': 3045, 'subsample': 0.6776320398236939, 'colsample_bytree': 0.416266508086481, 'min_child_weight': 7, 'reg_alpha': 0.0046352593826318265, 'reg_lambda': 0.3204543055374704, 'gamma': 0.0008221409993874453}. Best is trial 19 with value: 1.834172927643063.
[I 2026-04-20 20:26:37,633] Trial 22 finished with value: 1.9411953952152499 and parameters: {'max_depth': 7, 'learning_rate': 0.046563805059687755, 'n_estimators': 4278, 'subsample': 0.7348272909828774, 'colsample_bytree': 0.44209039486712665, 'min_child_weight': 6, 'reg_alpha': 0.0012734303516484216, 'reg_lambda': 0.519686208166007, 'gamma': 0.0009404649051767301}. Best is trial 19 with value: 1.834172927643063.
[I 2026-04-20 20:26:45,774] Trial 23 finished with value: 1.8710931645998372 and parameters: {'max_depth': 6, 'learning_rate': 0.020411292668852735, 'n_estimators': 3698, 'subsample': 0.7719983573542863, 'colsample_bytree': 0.4031971968715867, 'min_child_weight': 6, 'reg_alpha': 0.002050089765015344, 'reg_lambda': 0.04323478077361784, 'gamma': 0.0012711056176657129}. Best is trial 19 with value: 1.834172927643063.
[I 2026-04-20 20:26:54,907] Trial 24 finished with value: 2.0068106541190116 and parameters: {'max_depth': 7, 'learning_rate': 0.022900670049917592, 'n_estimators': 3299, 'subsample': 0.7581267018261346, 'colsample_bytree': 0.4464957752915273, 'min_child_weight': 8, 'reg_alpha': 0.0030324682903759607, 'reg_lambda': 0.7884709326893983, 'gamma': 0.0008037331168399036}. Best is trial 19 with value: 1.834172927643063.
[I 2026-04-20 20:27:04,544] Trial 25 finished with value: 1.8743619072598978 and parameters: {'max_depth': 7, 'learning_rate': 0.02080361097722585, 'n_estimators': 4038, 'subsample': 0.7992971822540902, 'colsample_bytree': 0.4389991511566503, 'min_child_weight': 6, 'reg_alpha': 0.0014963880796326262, 'reg_lambda': 0.04950382074167933, 'gamma': 0.00031253536395999736}. Best is trial 19 with value: 1.834172927643063.
[I 2026-04-20 20:27:07,956] Trial 26 finished with value: 1.9853948610539405 and parameters: {'max_depth': 7, 'learning_rate': 0.05134293557646567, 'n_estimators': 3121, 'subsample': 0.6888615921603954, 'colsample_bytree': 0.4069454458321018, 'min_child_weight': 4, 'reg_alpha': 0.0018694289995532592, 'reg_lambda': 0.38877889425606804, 'gamma': 0.001419222917794634}. Best is trial 19 with value: 1.834172927643063.
[I 2026-04-20 20:27:13,335] Trial 27 finished with value: 1.999260038443646 and parameters: {'max_depth': 6, 'learning_rate': 0.03273830794506657, 'n_estimators': 3312, 'subsample': 0.7130805328160094, 'colsample_bytree': 0.46150247288644863, 'min_child_weight': 5, 'reg_alpha': 0.0024090194982239357, 'reg_lambda': 0.4152582082775322, 'gamma': 0.0005404806710416431}. Best is trial 19 with value: 1.834172927643063.
[I 2026-04-20 20:27:16,949] Trial 28 finished with value: 2.0041900759983835 and parameters: {'max_depth': 7, 'learning_rate': 0.04590997709040407, 'n_estimators': 3304, 'subsample': 0.7593669342068261, 'colsample_bytree': 0.42632747836538365, 'min_child_weight': 7, 'reg_alpha': 0.003240241994317563, 'reg_lambda': 0.261278383431304, 'gamma': 0.0003089002651861792}. Best is trial 19 with value: 1.834172927643063.
[I 2026-04-20 20:27:23,006] Trial 29 finished with value: 2.0295881113249816 and parameters: {'max_depth': 7, 'learning_rate': 0.033393170529860676, 'n_estimators': 3569, 'subsample': 0.6829053021149705, 'colsample_bytree': 0.41072554181074317, 'min_child_weight': 7, 'reg_alpha': 0.0015815218756019256, 'reg_lambda': 0.13521886540525566, 'gamma': 0.0018388505822606047}. Best is trial 19 with value: 1.834172927643063.
[I 2026-04-20 20:27:27,651] Trial 30 finished with value: 1.7718275956945753 and parameters: {'max_depth': 7, 'learning_rate': 0.046363783215344026, 'n_estimators': 3879, 'subsample': 0.7134028699325649, 'colsample_bytree': 0.42024552707340096, 'min_child_weight': 5, 'reg_alpha': 0.005238208300474021, 'reg_lambda': 0.19671430804547513, 'gamma': 0.0006157525907973365}. Best is trial 30 with value: 1.7718275956945753.
[I 2026-04-20 20:27:32,274] Trial 31 finished with value: 1.992840843932472 and parameters: {'max_depth': 7, 'learning_rate': 0.049290097471576096, 'n_estimators': 4093, 'subsample': 0.6451264098065603, 'colsample_bytree': 0.44098134906297975, 'min_child_weight': 5, 'reg_alpha': 0.016473490698251745, 'reg_lambda': 0.3361700359245018, 'gamma': 0.0006876250522792086}. Best is trial 30 with value: 1.7718275956945753.
[I 2026-04-20 20:27:38,137] Trial 32 finished with value: 1.7749405084280148 and parameters: {'max_depth': 7, 'learning_rate': 0.03572249778688957, 'n_estimators': 3567, 'subsample': 0.7361377187687039, 'colsample_bytree': 0.41591447055340247, 'min_child_weight': 5, 'reg_alpha': 0.005637226778810507, 'reg_lambda': 0.7589290844420807, 'gamma': 0.0006484821511443487}. Best is trial 30 with value: 1.7718275956945753.
[I 2026-04-20 20:27:44,174] Trial 33 finished with value: 1.8460203030213012 and parameters: {'max_depth': 7, 'learning_rate': 0.029736359764562764, 'n_estimators': 3828, 'subsample': 0.724633645771002, 'colsample_bytree': 0.4013791122661619, 'min_child_weight': 4, 'reg_alpha': 0.0214388943979776, 'reg_lambda': 0.8182501090137808, 'gamma': 0.0007977261958428196}. Best is trial 30 with value: 1.7718275956945753.
[I 2026-04-20 20:27:49,470] Trial 34 finished with value: 1.9063462750057432 and parameters: {'max_depth': 7, 'learning_rate': 0.04735646566280657, 'n_estimators': 3303, 'subsample': 0.7325317414496013, 'colsample_bytree': 0.41867340364536343, 'min_child_weight': 5, 'reg_alpha': 0.009308707640004464, 'reg_lambda': 1.6938817971382314, 'gamma': 0.0005234692229878455}. Best is trial 30 with value: 1.7718275956945753.
[I 2026-04-20 20:27:54,503] Trial 35 finished with value: 1.9452687303953475 and parameters: {'max_depth': 6, 'learning_rate': 0.043632391162785604, 'n_estimators': 3605, 'subsample': 0.6982378299763025, 'colsample_bytree': 0.4233853480681002, 'min_child_weight': 5, 'reg_alpha': 0.01200149026030889, 'reg_lambda': 0.2015085775746808, 'gamma': 0.0006012998267708031}. Best is trial 30 with value: 1.7718275956945753.
[I 2026-04-20 20:27:59,068] Trial 36 finished with value: 2.0431279249040357 and parameters: {'max_depth': 7, 'learning_rate': 0.04332812345606935, 'n_estimators': 4218, 'subsample': 0.7525169989553925, 'colsample_bytree': 0.4115567309333505, 'min_child_weight': 4, 'reg_alpha': 0.003089271744595281, 'reg_lambda': 0.195705156583208, 'gamma': 0.0009613350342781277}. Best is trial 30 with value: 1.7718275956945753.
[I 2026-04-20 20:28:06,430] Trial 37 finished with value: 1.9419440714941865 and parameters: {'max_depth': 7, 'learning_rate': 0.028128367460601843, 'n_estimators': 3699, 'subsample': 0.7866262456950103, 'colsample_bytree': 0.4249389345588682, 'min_child_weight': 6, 'reg_alpha': 0.002187794350092186, 'reg_lambda': 2.114761486920663, 'gamma': 0.0006079817340797175}. Best is trial 30 with value: 1.7718275956945753.
[I 2026-04-20 20:28:12,086] Trial 38 finished with value: 1.7948555335000627 and parameters: {'max_depth': 7, 'learning_rate': 0.02478791981132207, 'n_estimators': 4206, 'subsample': 0.7884600573743595, 'colsample_bytree': 0.5168781402626675, 'min_child_weight': 4, 'reg_alpha': 0.001071644736196464, 'reg_lambda': 0.06248445740231332, 'gamma': 0.0004990071529519253}. Best is trial 30 with value: 1.7718275956945753.
[I 2026-04-20 20:28:16,987] Trial 39 finished with value: 1.7368595404117453 and parameters: {'max_depth': 7, 'learning_rate': 0.0346858232266685, 'n_estimators': 4126, 'subsample': 0.7899980639367664, 'colsample_bytree': 0.5295208493848385, 'min_child_weight': 4, 'reg_alpha': 0.0032806755625354525, 'reg_lambda': 0.07985856850753709, 'gamma': 0.00018026163343441245}. Best is trial 39 with value: 1.7368595404117453.
[I 2026-04-20 20:28:23,570] Trial 40 finished with value: 1.8317275382205165 and parameters: {'max_depth': 6, 'learning_rate': 0.025893472387837447, 'n_estimators': 4449, 'subsample': 0.7793192198114784, 'colsample_bytree': 0.5318231029043711, 'min_child_weight': 4, 'reg_alpha': 0.0012590779584439036, 'reg_lambda': 0.04799805217687007, 'gamma': 0.0002980212160340584}. Best is trial 39 with value: 1.7368595404117453.
[I 2026-04-20 20:28:28,416] Trial 41 finished with value: 1.8831040155460275 and parameters: {'max_depth': 7, 'learning_rate': 0.03822335837250345, 'n_estimators': 4184, 'subsample': 0.7954319477143532, 'colsample_bytree': 0.5113527206838245, 'min_child_weight': 4, 'reg_alpha': 0.003875985371540166, 'reg_lambda': 0.06641633125844586, 'gamma': 0.00021750848834263257}. Best is trial 39 with value: 1.7368595404117453.
[I 2026-04-20 20:28:35,112] Trial 42 finished with value: 1.996316410399204 and parameters: {'max_depth': 5, 'learning_rate': 0.024752109872233162, 'n_estimators': 4432, 'subsample': 0.7547787359912812, 'colsample_bytree': 0.5405754346029403, 'min_child_weight': 4, 'reg_alpha': 0.0026654437268717524, 'reg_lambda': 0.05862116049263195, 'gamma': 0.00022779527339362838}. Best is trial 39 with value: 1.7368595404117453.
[I 2026-04-20 20:28:43,129] Trial 43 finished with value: 1.6983146121088442 and parameters: {'max_depth': 7, 'learning_rate': 0.02020198308399717, 'n_estimators': 4413, 'subsample': 0.743905419228047, 'colsample_bytree': 0.5367206927310789, 'min_child_weight': 4, 'reg_alpha': 0.0019250621205539479, 'reg_lambda': 0.03697474230158821, 'gamma': 0.0004338157487789786}. Best is trial 43 with value: 1.6983146121088442.
[I 2026-04-20 20:28:51,207] Trial 44 finished with value: 1.7221389378239003 and parameters: {'max_depth': 7, 'learning_rate': 0.02175989816001227, 'n_estimators': 4066, 'subsample': 0.720768838954248, 'colsample_bytree': 0.5139666782329904, 'min_child_weight': 5, 'reg_alpha': 0.005062409489339427, 'reg_lambda': 0.057730225251773064, 'gamma': 0.0006252931973852256}. Best is trial 43 with value: 1.6983146121088442.
