[I 2026-04-20 20:47:40,814] Trial 97 finished with value: 1.703855629960533 and parameters: {'max_depth': 7, 'learning_rate': 0.02191388110781889, 'n_estimators': 3972, 'subsample': 0.7172140208441616, 'colsample_bytree': 0.5379080610550887, 'min_child_weight': 4, 'reg_alpha': 0.0051468247674023564, 'reg_lambda': 0.3870059730987157, 'gamma': 0.0001497209560581047}. Best is trial 59 with value: 1.6123895827206642.
[I 2026-04-20 20:47:48,715] Trial 98 finished with value: 1.689446465247991 and parameters: {'max_depth': 7, 'learning_rate': 0.021582856387455652, 'n_estimators': 2909, 'subsample': 0.7673811723235472, 'colsample_bytree': 0.5098738911364394, 'min_child_weight': 4, 'reg_alpha': 0.0017691892599755552, 'reg_lambda': 0.07065323150749309, 'gamma': 0.0002351951385629463}. Best is trial 59 with value: 1.6123895827206642.
[I 2026-04-20 20:47:57,370] Trial 99 finished with value: 1.7748077193385001 and parameters: {'max_depth': 6, 'learning_rate': 0.018688181459602972, 'n_estimators': 3877, 'subsample': 0.7871829006198838, 'colsample_bytree': 0.4880767153318947, 'min_child_weight': 4, 'reg_alpha': 0.0020574316166015283, 'reg_lambda': 0.1429266555824651, 'gamma': 0.00030477533241796785}. Best is trial 59 with value: 1.6123895827206642.
2026-04-20 20:47:57,389 - __main__ - INFO - Optuna optimization completed: 0 -> 100 trials
2026-04-20 20:47:57,389 - __main__ - INFO - 
Step 4.5: Performing cross-validation on training data...
2026-04-20 20:48:07,710 - __main__ - INFO - Cross-validation composite score (original space): 1.6124 (+/- 1.2510)
2026-04-20 20:48:07,710 - __main__ - INFO - Selected final n_estimators=2033 from CV fold best_iteration values=[2275, 2195, 1997, 1548, 2033]
2026-04-20 20:48:07,710 - __main__ - INFO - 
Step 5: Fitting final model on full training split...
2026-04-20 20:48:07,713 - __main__ - INFO - Preprocessing completed: 9 features remaining
2026-04-20 20:48:07,713 - __main__ - INFO - Remaining features: ['fy (MPa)', 'fc (MPa)', 'Re (mm)', 'te (mm)', 'ke', 'lambda_bar', 'e/h', 'e1/e2', 'e_bar']
2026-04-20 20:48:07,715 - __main__ - INFO - No missing values found in train or test sets
2026-04-20 20:48:09,594 - __main__ - INFO - Final model training completed on target space: ln(eta_u) -> inverse -> Nexp (kN)
2026-04-20 20:48:09,594 - __main__ - INFO - 
Step 6: Evaluating model...
Extra features will be ignored: {'b/t', 'R (%)', 'section_family', 'sigma_re (MPa)', 'r0 (mm)', 'L/h', 'h (mm)', 'As (mm^2)', 'r0/h', 'xi', 'b (mm)', 'axial_flag', 'lambda', 'Ac (mm^2)', 'e1 (mm)', 'e2 (mm)', 'L (mm)', 't (mm)', 'b/h', 'Npl (kN)'}
Extra features will be ignored: {'b/t', 'R (%)', 'section_family', 'sigma_re (MPa)', 'r0 (mm)', 'L/h', 'h (mm)', 'As (mm^2)', 'r0/h', 'xi', 'b (mm)', 'axial_flag', 'lambda', 'Ac (mm^2)', 'e1 (mm)', 'e2 (mm)', 'L (mm)', 't (mm)', 'b/h', 'Npl (kN)'}
2026-04-20 20:48:09,657 - __main__ - INFO - Mapped model outputs back to reported target space
2026-04-20 20:48:09,756 - __main__ - INFO - Training set evaluation (original space):
2026-04-20 20:48:09,756 - __main__ - INFO -   RMSE: 145.4545 kN
2026-04-20 20:48:09,756 - __main__ - INFO -   MAE: 58.7411 kN
2026-04-20 20:48:09,756 - __main__ - INFO -   R²: 0.9976
2026-04-20 20:48:09,756 - __main__ - INFO -   MAPE: 3.03%
2026-04-20 20:48:09,756 - __main__ - INFO -   μ: 1.0014
2026-04-20 20:48:09,756 - __main__ - INFO -   COV: 0.0549
2026-04-20 20:48:09,756 - __main__ - INFO -   a20-index: 0.9913
2026-04-20 20:48:09,756 - __main__ - INFO - Test set evaluation (original space - TRUE GENERALIZATION):
2026-04-20 20:48:09,756 - __main__ - INFO -   RMSE: 527.6610 kN
2026-04-20 20:48:09,756 - __main__ - INFO -   MAE: 133.3399 kN
2026-04-20 20:48:09,756 - __main__ - INFO -   R²: 0.9734
2026-04-20 20:48:09,756 - __main__ - INFO -   MAPE: 6.24%
2026-04-20 20:48:09,756 - __main__ - INFO -   μ: 1.0051
2026-04-20 20:48:09,756 - __main__ - INFO -   COV: 0.1092
2026-04-20 20:48:09,756 - __main__ - INFO -   a20-index: 0.9526
2026-04-20 20:48:09,756 - __main__ - INFO - Test regime summary:
2026-04-20 20:48:09,756 - __main__ - INFO -   axiality: worst=axial (RMSE=608.6643 kN, n=1176)
2026-04-20 20:48:09,756 - __main__ - INFO -   section_family: worst=circular (RMSE=672.0016 kN, n=872)
2026-04-20 20:48:09,756 - __main__ - INFO -   slenderness_state: worst=very_stocky (RMSE=630.2157 kN, n=1040)
2026-04-20 20:48:09,756 - __main__ - INFO -   scale_npl: worst=scale_npl_q5 (RMSE=1101.9508 kN, n=323)
2026-04-20 20:48:09,756 - __main__ - INFO -   eccentricity_severity: worst=axial (RMSE=608.6643 kN, n=1176)
2026-04-20 20:48:09,757 - __main__ - INFO -   confinement_level: worst=low_conf (RMSE=1036.2838 kN, n=304)
2026-04-20 20:48:09,757 - __main__ - INFO - 
--- Training Space Metrics (Reference) ---
2026-04-20 20:48:09,757 - __main__ - INFO - Training RMSE (ln(eta_u) space): 0.0519
2026-04-20 20:48:09,757 - __main__ - INFO - Test RMSE (ln(eta_u) space): 0.1100
2026-04-20 20:48:09,757 - __main__ - INFO - Train/Test ratio (ln(eta_u) space): 2.12
2026-04-20 20:48:09,757 - __main__ - WARNING - Potential overfitting detected! Test RMSE is 3.63x training RMSE
2026-04-20 20:48:09,757 - __main__ - INFO - 
Step 7: Creating visualizations...

================================================================================
FEATURE IMPORTANCE RANKING
================================================================================
 rank    feature  importance
    1      e_bar    0.162029
    2    Re (mm)    0.117367
    3        e/h    0.110454
    4   fc (MPa)    0.107417
    5         ke    0.107196
    6      e1/e2    0.104063
    7   fy (MPa)    0.103543
    8 lambda_bar    0.094315
    9    te (mm)    0.093616
================================================================================


================================================================================
FEATURE IMPORTANCE RANKING
================================================================================
 rank    feature  importance
    1      e_bar    0.162029
    2    Re (mm)    0.117367
    3        e/h    0.110454
    4   fc (MPa)    0.107417
    5         ke    0.107196
    6      e1/e2    0.104063
    7   fy (MPa)    0.103543
    8 lambda_bar    0.094315
    9    te (mm)    0.093616
================================================================================

2026-04-20 20:48:13,784 - __main__ - INFO - Visualizations saved to output/compact_group_B_optuna100/plots/
2026-04-20 20:48:13,784 - __main__ - INFO -   Training: xgboost_model_train_*.png
2026-04-20 20:48:13,784 - __main__ - INFO -   Test:     xgboost_model_test_*.png
2026-04-20 20:48:13,784 - __main__ - INFO - 
Step 8: Saving model and artifacts...
2026-04-20 20:48:13,832 - __main__ - INFO - Model and artifacts saved to output/compact_group_B_optuna100
2026-04-20 20:48:13,832 - __main__ - INFO - 
================================================================================
2026-04-20 20:48:13,832 - __main__ - INFO - TRAINING COMPLETED SUCCESSFULLY
2026-04-20 20:48:13,832 - __main__ - INFO - ================================================================================
2026-04-20 20:48:13,832 - __main__ - INFO - Model saved to: output/compact_group_B_optuna100/xgboost_model.pkl
2026-04-20 20:48:13,832 - __main__ - INFO - Preprocessor saved to: output/compact_group_B_optuna100/preprocessor.pkl
2026-04-20 20:48:13,832 - __main__ - INFO - Evaluation report: output/compact_group_B_optuna100/evaluation_report.json
2026-04-20 20:48:13,832 - __main__ - INFO - Plots saved to: output/compact_group_B_optuna100/plots/
2026-04-20 20:48:13,832 - __main__ - INFO - 
================================================================================
2026-04-20 20:48:13,832 - __main__ - INFO - PERFORMANCE SUMMARY
2026-04-20 20:48:13,832 - __main__ - INFO - ================================================================================
2026-04-20 20:48:13,832 - __main__ - INFO - Target: ln(eta_u) -> inverse -> Nexp (kN)
2026-04-20 20:48:13,832 - __main__ - INFO - 
2026-04-20 20:48:13,832 - __main__ - INFO - Original Space (Primary):
2026-04-20 20:48:13,832 - __main__ - INFO -   Training: RMSE=145.4545 kN, MAE=58.7411 kN, R²=0.9976, MAPE=3.03%, μ=1.0014, COV=0.0549, a20-index=0.9913
2026-04-20 20:48:13,832 - __main__ - INFO -   Test:     RMSE=527.6610 kN, MAE=133.3399 kN, R²=0.9734, MAPE=6.24%, μ=1.0051, COV=0.1092, a20-index=0.9526
2026-04-20 20:48:13,832 - __main__ - INFO -   CV: J=1.6124, RMSE=350.2792, MAE=134.7768, R²=0.9848, MAPE=6.84%, μ=1.0055, COV=0.1137, a20-index=0.9427
2026-04-20 20:48:13,833 - __main__ - INFO - 
2026-04-20 20:48:13,833 - __main__ - INFO - Training Space (Reference):
2026-04-20 20:48:13,833 - __main__ - INFO -   Training RMSE (ln(eta_u) space): 0.0519
2026-04-20 20:48:13,833 - __main__ - INFO -   Test RMSE (ln(eta_u) space):     0.1100
2026-04-20 20:48:13,833 - __main__ - INFO - 
2026-04-20 20:48:13,833 - __main__ - INFO - Overfitting Analysis:
2026-04-20 20:48:13,833 - __main__ - INFO -   Ratio: 3.63 (OVERFIT)
2026-04-20 20:48:13,833 - __main__ - INFO - Regime Worst Cases:
2026-04-20 20:48:13,833 - __main__ - INFO -   axiality: axial (RMSE=608.6643 kN)
2026-04-20 20:48:13,833 - __main__ - INFO -   section_family: circular (RMSE=672.0016 kN)
2026-04-20 20:48:13,833 - __main__ - INFO -   slenderness_state: very_stocky (RMSE=630.2157 kN)
2026-04-20 20:48:13,833 - __main__ - INFO -   scale_npl: scale_npl_q5 (RMSE=1101.9508 kN)
2026-04-20 20:48:13,833 - __main__ - INFO -   eccentricity_severity: axial (RMSE=608.6643 kN)
2026-04-20 20:48:13,833 - __main__ - INFO -   confinement_level: low_conf (RMSE=1036.2838 kN)
2026-04-20 20:48:13,833 - __main__ - INFO - ================================================================================
2026-04-20 20:48:13,836 - __main__ - INFO - Training completed successfully!
