[I 2026-04-20 21:11:43,036] Trial 97 finished with value: 1.9103322652181922 and parameters: {'max_depth': 7, 'learning_rate': 0.0470492516933486, 'n_estimators': 2493, 'subsample': 0.5595071984437497, 'colsample_bytree': 0.4954643667534648, 'min_child_weight': 5, 'reg_alpha': 0.023630285731144996, 'reg_lambda': 1.857632575358255, 'gamma': 0.0002425625286620978}. Best is trial 72 with value: 1.6909501842392765.
[I 2026-04-20 21:11:48,592] Trial 98 finished with value: 1.9839607695228199 and parameters: {'max_depth': 7, 'learning_rate': 0.03487850873992582, 'n_estimators': 2586, 'subsample': 0.6297633955918919, 'colsample_bytree': 0.4673464099881446, 'min_child_weight': 7, 'reg_alpha': 0.0017719732530769603, 'reg_lambda': 1.1090264160069263, 'gamma': 0.00044287681838894015}. Best is trial 72 with value: 1.6909501842392765.
[I 2026-04-20 21:11:54,397] Trial 99 finished with value: 2.0168599184448484 and parameters: {'max_depth': 6, 'learning_rate': 0.02978709436028996, 'n_estimators': 3963, 'subsample': 0.6688008799543124, 'colsample_bytree': 0.4415349380868158, 'min_child_weight': 4, 'reg_alpha': 0.10792264233131602, 'reg_lambda': 0.17762783214937597, 'gamma': 0.000502276868684894}. Best is trial 72 with value: 1.6909501842392765.
2026-04-20 21:11:54,416 - __main__ - INFO - Optuna optimization completed: 0 -> 100 trials
2026-04-20 21:11:54,416 - __main__ - INFO - 
Step 4.5: Performing cross-validation on training data...
2026-04-20 21:11:59,358 - __main__ - INFO - Cross-validation composite score (original space): 1.6910 (+/- 1.2278)
2026-04-20 21:11:59,358 - __main__ - INFO - Selected final n_estimators=787 from CV fold best_iteration values=[791, 711, 787, 680, 1692]
2026-04-20 21:11:59,358 - __main__ - INFO - 
Step 5: Fitting final model on full training split...
2026-04-20 21:11:59,361 - __main__ - INFO - Preprocessing completed: 7 features remaining
2026-04-20 21:11:59,361 - __main__ - INFO - Remaining features: ['fy (MPa)', 'fc (MPa)', 'Re (mm)', 'te (mm)', 'ke', 'lambda_bar', 'e_bar']
2026-04-20 21:11:59,362 - __main__ - INFO - No missing values found in train or test sets
2026-04-20 21:12:00,297 - __main__ - INFO - Final model training completed on target space: ln(eta_u) -> inverse -> Nexp (kN)
2026-04-20 21:12:00,297 - __main__ - INFO - 
Step 6: Evaluating model...
Extra features will be ignored: {'b/t', 'r0 (mm)', 'Npl (kN)', 'b/h', 'As (mm^2)', 'lambda', 'e1 (mm)', 'e2 (mm)', 'axial_flag', 'sigma_re (MPa)', 'e1/e2', 'e/h', 'L/h', 'r0/h', 't (mm)', 'Ac (mm^2)', 'b (mm)', 'xi', 'R (%)', 'L (mm)', 'h (mm)', 'section_family'}
Extra features will be ignored: {'b/t', 'r0 (mm)', 'Npl (kN)', 'b/h', 'As (mm^2)', 'lambda', 'e1 (mm)', 'e2 (mm)', 'axial_flag', 'sigma_re (MPa)', 'e1/e2', 'e/h', 'L/h', 'r0/h', 't (mm)', 'Ac (mm^2)', 'b (mm)', 'xi', 'R (%)', 'L (mm)', 'h (mm)', 'section_family'}
2026-04-20 21:12:00,342 - __main__ - INFO - Mapped model outputs back to reported target space
2026-04-20 21:12:00,438 - __main__ - INFO - Training set evaluation (original space):
2026-04-20 21:12:00,438 - __main__ - INFO -   RMSE: 177.3155 kN
2026-04-20 21:12:00,438 - __main__ - INFO -   MAE: 75.7718 kN
2026-04-20 21:12:00,438 - __main__ - INFO -   R²: 0.9965
2026-04-20 21:12:00,438 - __main__ - INFO -   MAPE: 4.01%
2026-04-20 21:12:00,438 - __main__ - INFO -   μ: 1.0020
2026-04-20 21:12:00,438 - __main__ - INFO -   COV: 0.0664
2026-04-20 21:12:00,438 - __main__ - INFO -   a20-index: 0.9872
2026-04-20 21:12:00,438 - __main__ - INFO - Test set evaluation (original space - TRUE GENERALIZATION):
2026-04-20 21:12:00,438 - __main__ - INFO -   RMSE: 603.5930 kN
2026-04-20 21:12:00,438 - __main__ - INFO -   MAE: 146.9613 kN
2026-04-20 21:12:00,438 - __main__ - INFO -   R²: 0.9652
2026-04-20 21:12:00,438 - __main__ - INFO -   MAPE: 7.00%
2026-04-20 21:12:00,438 - __main__ - INFO -   μ: 1.0065
2026-04-20 21:12:00,438 - __main__ - INFO -   COV: 0.1161
2026-04-20 21:12:00,438 - __main__ - INFO -   a20-index: 0.9386
2026-04-20 21:12:00,438 - __main__ - INFO - Test regime summary:
2026-04-20 21:12:00,438 - __main__ - INFO -   axiality: worst=axial (RMSE=695.4614 kN, n=1176)
2026-04-20 21:12:00,438 - __main__ - INFO -   section_family: worst=circular (RMSE=779.5074 kN, n=872)
2026-04-20 21:12:00,438 - __main__ - INFO -   slenderness_state: worst=very_stocky (RMSE=722.9612 kN, n=1040)
2026-04-20 21:12:00,438 - __main__ - INFO -   scale_npl: worst=scale_npl_q5 (RMSE=1273.5481 kN, n=323)
2026-04-20 21:12:00,438 - __main__ - INFO -   eccentricity_severity: worst=axial (RMSE=695.4614 kN, n=1176)
2026-04-20 21:12:00,438 - __main__ - INFO -   confinement_level: worst=low_conf (RMSE=1218.7064 kN, n=304)
2026-04-20 21:12:00,438 - __main__ - INFO - 
--- Training Space Metrics (Reference) ---
2026-04-20 21:12:00,438 - __main__ - INFO - Training RMSE (ln(eta_u) space): 0.0635
2026-04-20 21:12:00,438 - __main__ - INFO - Test RMSE (ln(eta_u) space): 0.1169
2026-04-20 21:12:00,438 - __main__ - INFO - Train/Test ratio (ln(eta_u) space): 1.84
2026-04-20 21:12:00,439 - __main__ - WARNING - Potential overfitting detected! Test RMSE is 3.40x training RMSE
2026-04-20 21:12:00,439 - __main__ - INFO - 
Step 7: Creating visualizations...

================================================================================
FEATURE IMPORTANCE RANKING
================================================================================
 rank    feature  importance
    1      e_bar    0.233265
    2    Re (mm)    0.142465
    3    te (mm)    0.133557
    4         ke    0.130998
    5   fy (MPa)    0.128399
    6   fc (MPa)    0.117305
    7 lambda_bar    0.114012
================================================================================


================================================================================
FEATURE IMPORTANCE RANKING
================================================================================
 rank    feature  importance
    1      e_bar    0.233265
    2    Re (mm)    0.142465
    3    te (mm)    0.133557
    4         ke    0.130998
    5   fy (MPa)    0.128399
    6   fc (MPa)    0.117305
    7 lambda_bar    0.114012
================================================================================

2026-04-20 21:12:04,476 - __main__ - INFO - Visualizations saved to output/compact_group_D_optuna100/plots/
2026-04-20 21:12:04,476 - __main__ - INFO -   Training: xgboost_model_train_*.png
2026-04-20 21:12:04,476 - __main__ - INFO -   Test:     xgboost_model_test_*.png
2026-04-20 21:12:04,477 - __main__ - INFO - 
Step 8: Saving model and artifacts...
2026-04-20 21:12:04,501 - __main__ - INFO - Model and artifacts saved to output/compact_group_D_optuna100
2026-04-20 21:12:04,501 - __main__ - INFO - 
================================================================================
2026-04-20 21:12:04,501 - __main__ - INFO - TRAINING COMPLETED SUCCESSFULLY
2026-04-20 21:12:04,501 - __main__ - INFO - ================================================================================
2026-04-20 21:12:04,501 - __main__ - INFO - Model saved to: output/compact_group_D_optuna100/xgboost_model.pkl
2026-04-20 21:12:04,501 - __main__ - INFO - Preprocessor saved to: output/compact_group_D_optuna100/preprocessor.pkl
2026-04-20 21:12:04,501 - __main__ - INFO - Evaluation report: output/compact_group_D_optuna100/evaluation_report.json
2026-04-20 21:12:04,501 - __main__ - INFO - Plots saved to: output/compact_group_D_optuna100/plots/
2026-04-20 21:12:04,501 - __main__ - INFO - 
================================================================================
2026-04-20 21:12:04,501 - __main__ - INFO - PERFORMANCE SUMMARY
2026-04-20 21:12:04,501 - __main__ - INFO - ================================================================================
2026-04-20 21:12:04,501 - __main__ - INFO - Target: ln(eta_u) -> inverse -> Nexp (kN)
2026-04-20 21:12:04,501 - __main__ - INFO - 
2026-04-20 21:12:04,501 - __main__ - INFO - Original Space (Primary):
2026-04-20 21:12:04,502 - __main__ - INFO -   Training: RMSE=177.3155 kN, MAE=75.7718 kN, R²=0.9965, MAPE=4.01%, μ=1.0020, COV=0.0664, a20-index=0.9872
2026-04-20 21:12:04,502 - __main__ - INFO -   Test:     RMSE=603.5930 kN, MAE=146.9613 kN, R²=0.9652, MAPE=7.00%, μ=1.0065, COV=0.1161, a20-index=0.9386
2026-04-20 21:12:04,502 - __main__ - INFO -   CV: J=1.6910, RMSE=354.9937, MAE=141.1055, R²=0.9846, MAPE=7.35%, μ=1.0063, COV=0.1195, a20-index=0.9337
2026-04-20 21:12:04,502 - __main__ - INFO - 
2026-04-20 21:12:04,502 - __main__ - INFO - Training Space (Reference):
2026-04-20 21:12:04,502 - __main__ - INFO -   Training RMSE (ln(eta_u) space): 0.0635
2026-04-20 21:12:04,502 - __main__ - INFO -   Test RMSE (ln(eta_u) space):     0.1169
2026-04-20 21:12:04,502 - __main__ - INFO - 
2026-04-20 21:12:04,502 - __main__ - INFO - Overfitting Analysis:
2026-04-20 21:12:04,502 - __main__ - INFO -   Ratio: 3.40 (OVERFIT)
2026-04-20 21:12:04,502 - __main__ - INFO - Regime Worst Cases:
2026-04-20 21:12:04,502 - __main__ - INFO -   axiality: axial (RMSE=695.4614 kN)
2026-04-20 21:12:04,502 - __main__ - INFO -   section_family: circular (RMSE=779.5074 kN)
2026-04-20 21:12:04,502 - __main__ - INFO -   slenderness_state: very_stocky (RMSE=722.9612 kN)
2026-04-20 21:12:04,502 - __main__ - INFO -   scale_npl: scale_npl_q5 (RMSE=1273.5481 kN)
2026-04-20 21:12:04,502 - __main__ - INFO -   eccentricity_severity: axial (RMSE=695.4614 kN)
2026-04-20 21:12:04,502 - __main__ - INFO -   confinement_level: low_conf (RMSE=1218.7064 kN)
2026-04-20 21:12:04,502 - __main__ - INFO - ================================================================================
2026-04-20 21:12:04,504 - __main__ - INFO - Training completed successfully!
